[0.007s] Invoking command in '/home/eggs/ros2/ros2_smartdriveduo30/build/popo': CMAKE_PREFIX_PATH=${CMAKE_PREFIX_PATH}:/opt/ros/humble /usr/bin/cmake --build /home/eggs/ros2/ros2_smartdriveduo30/build/popo -- -j8 -l8
[0.040s] [35m[1mConsolidate compiler generated dependencies of target popo__rosidl_generator_c[0m
[0.048s] [  2%] Built target popo__cpp
[0.051s] [ 12%] Built target popo__rosidl_generator_c
[0.058s] [ 12%] Built target ament_cmake_python_copy_popo
[0.059s] [ 12%] Built target ament_cmake_python_copy_scripts
[0.059s] [35m[1mConsolidate compiler generated dependencies of target popo__rosidl_typesupport_cpp[0m
[0.060s] [35m[1mConsolidate compiler generated dependencies of target popo__rosidl_typesupport_fastrtps_cpp[0m
[0.064s] [35m[1mConsolidate compiler generated dependencies of target popo__rosidl_typesupport_c[0m
[0.065s] [35m[1mConsolidate compiler generated dependencies of target popo__rosidl_typesupport_introspection_c[0m
[0.065s] [35m[1mConsolidate compiler generated dependencies of target popo__rosidl_typesupport_introspection_cpp[0m
[0.066s] [35m[1mConsolidate compiler generated dependencies of target popo__rosidl_typesupport_fastrtps_c[0m
[0.074s] [ 23%] Built target popo__rosidl_typesupport_cpp
[0.075s] [ 34%] Built target popo__rosidl_typesupport_c
[0.075s] [ 44%] Built target popo__rosidl_typesupport_fastrtps_cpp
[0.078s] [ 55%] Built target popo__rosidl_typesupport_introspection_c
[0.080s] [ 65%] Built target popo__rosidl_typesupport_fastrtps_c
[0.084s] [ 76%] Built target popo__rosidl_typesupport_introspection_cpp
[0.102s] [ 76%] Built target popo
[0.120s] [ 78%] Built target popo__py
[0.129s] [35m[1mConsolidate compiler generated dependencies of target popo__rosidl_generator_py[0m
[0.141s] [ 87%] Built target popo__rosidl_generator_py
[0.151s] [35m[1mConsolidate compiler generated dependencies of target popo__rosidl_typesupport_fastrtps_c__pyext[0m
[0.151s] [35m[1mConsolidate compiler generated dependencies of target popo__rosidl_typesupport_introspection_c__pyext[0m
[0.152s] [35m[1mConsolidate compiler generated dependencies of target popo__rosidl_typesupport_c__pyext[0m
[0.162s] [ 91%] Built target popo__rosidl_typesupport_introspection_c__pyext
[0.162s] [ 95%] Built target popo__rosidl_typesupport_fastrtps_c__pyext
[0.163s] [100%] Built target popo__rosidl_typesupport_c__pyext
[0.220s] running egg_info
[0.220s] running egg_info
[0.220s] writing popo.egg-info/PKG-INFO
[0.220s] writing scripts.egg-info/PKG-INFO
[0.220s] writing dependency_links to popo.egg-info/dependency_links.txt
[0.220s] writing dependency_links to scripts.egg-info/dependency_links.txt
[0.221s] writing top-level names to scripts.egg-info/top_level.txt
[0.221s] writing top-level names to popo.egg-info/top_level.txt
[0.222s] reading manifest file 'popo.egg-info/SOURCES.txt'
[0.222s] reading manifest file 'scripts.egg-info/SOURCES.txt'
[0.222s] writing manifest file 'popo.egg-info/SOURCES.txt'
[0.222s] writing manifest file 'scripts.egg-info/SOURCES.txt'
[0.242s] [100%] Built target ament_cmake_python_build_popo_egg
[0.242s] [100%] Built target ament_cmake_python_build_scripts_egg
[0.252s] Invoked command in '/home/eggs/ros2/ros2_smartdriveduo30/build/popo' returned '0': CMAKE_PREFIX_PATH=${CMAKE_PREFIX_PATH}:/opt/ros/humble /usr/bin/cmake --build /home/eggs/ros2/ros2_smartdriveduo30/build/popo -- -j8 -l8
[0.351s] Invoking command in '/home/eggs/ros2/ros2_smartdriveduo30/build/popo': CMAKE_PREFIX_PATH=${CMAKE_PREFIX_PATH}:/opt/ros/humble /usr/bin/cmake --install /home/eggs/ros2/ros2_smartdriveduo30/build/popo
[0.358s] -- Install configuration: ""
[0.358s] -- Up-to-date: /home/eggs/ros2/ros2_smartdriveduo30/install/popo/share/ament_index/resource_index/rosidl_interfaces/popo
[0.358s] -- Up-to-date: /home/eggs/ros2/ros2_smartdriveduo30/install/popo/include/popo/popo
[0.358s] -- Up-to-date: /home/eggs/ros2/ros2_smartdriveduo30/install/popo/include/popo/popo/msg
[0.358s] -- Up-to-date: /home/eggs/ros2/ros2_smartdriveduo30/install/popo/include/popo/popo/msg/rosidl_generator_c__visibility_control.h
[0.359s] -- Up-to-date: /home/eggs/ros2/ros2_smartdriveduo30/install/popo/include/popo/popo/srv
[0.359s] -- Up-to-date: /home/eggs/ros2/ros2_smartdriveduo30/install/popo/include/popo/popo/srv/detail
[0.359s] -- Up-to-date: /home/eggs/ros2/ros2_smartdriveduo30/install/popo/include/popo/popo/srv/detail/command__functions.c
[0.359s] -- Up-to-date: /home/eggs/ros2/ros2_smartdriveduo30/install/popo/include/popo/popo/srv/detail/threevalue__struct.h
[0.359s] -- Up-to-date: /home/eggs/ros2/ros2_smartdriveduo30/install/popo/include/popo/popo/srv/detail/command__functions.h
[0.359s] -- Up-to-date: /home/eggs/ros2/ros2_smartdriveduo30/install/popo/include/popo/popo/srv/detail/add_three_ints__type_support.h
[0.359s] -- Up-to-date: /home/eggs/ros2/ros2_smartdriveduo30/install/popo/include/popo/popo/srv/detail/threevalue__functions.h
[0.360s] -- Up-to-date: /home/eggs/ros2/ros2_smartdriveduo30/install/popo/include/popo/popo/srv/detail/command__struct.h
[0.360s] -- Up-to-date: /home/eggs/ros2/ros2_smartdriveduo30/install/popo/include/popo/popo/srv/detail/command__type_support.h
[0.360s] -- Up-to-date: /home/eggs/ros2/ros2_smartdriveduo30/install/popo/include/popo/popo/srv/detail/add_three_ints__functions.h
[0.360s] -- Up-to-date: /home/eggs/ros2/ros2_smartdriveduo30/install/popo/include/popo/popo/srv/detail/threevalue__type_support.h
[0.360s] -- Up-to-date: /home/eggs/ros2/ros2_smartdriveduo30/install/popo/include/popo/popo/srv/detail/threevalue__functions.c
[0.360s] -- Up-to-date: /home/eggs/ros2/ros2_smartdriveduo30/install/popo/include/popo/popo/srv/detail/add_three_ints__struct.h
[0.360s] -- Up-to-date: /home/eggs/ros2/ros2_smartdriveduo30/install/popo/include/popo/popo/srv/detail/add_three_ints__functions.c
[0.360s] -- Up-to-date: /home/eggs/ros2/ros2_smartdriveduo30/install/popo/include/popo/popo/srv/add_three_ints.h
[0.360s] -- Up-to-date: /home/eggs/ros2/ros2_smartdriveduo30/install/popo/include/popo/popo/srv/command.h
[0.361s] -- Up-to-date: /home/eggs/ros2/ros2_smartdriveduo30/install/popo/include/popo/popo/srv/threevalue.h
[0.361s] -- Up-to-date: /home/eggs/ros2/ros2_smartdriveduo30/install/popo/share/popo/environment/library_path.sh
[0.361s] -- Up-to-date: /home/eggs/ros2/ros2_smartdriveduo30/install/popo/share/popo/environment/library_path.dsv
[0.361s] -- Up-to-date: /home/eggs/ros2/ros2_smartdriveduo30/install/popo/lib/libpopo__rosidl_generator_c.so
[0.361s] -- Up-to-date: /home/eggs/ros2/ros2_smartdriveduo30/install/popo/include/popo/popo
[0.361s] -- Up-to-date: /home/eggs/ros2/ros2_smartdriveduo30/install/popo/include/popo/popo/msg
[0.361s] -- Up-to-date: /home/eggs/ros2/ros2_smartdriveduo30/install/popo/include/popo/popo/msg/rosidl_typesupport_fastrtps_c__visibility_control.h
[0.361s] -- Up-to-date: /home/eggs/ros2/ros2_smartdriveduo30/install/popo/include/popo/popo/srv
[0.361s] -- Up-to-date: /home/eggs/ros2/ros2_smartdriveduo30/install/popo/include/popo/popo/srv/detail
[0.361s] -- Up-to-date: /home/eggs/ros2/ros2_smartdriveduo30/install/popo/include/popo/popo/srv/detail/threevalue__rosidl_typesupport_fastrtps_c.h
[0.361s] -- Up-to-date: /home/eggs/ros2/ros2_smartdriveduo30/install/popo/include/popo/popo/srv/detail/add_three_ints__rosidl_typesupport_fastrtps_c.h
[0.361s] -- Up-to-date: /home/eggs/ros2/ros2_smartdriveduo30/install/popo/include/popo/popo/srv/detail/command__rosidl_typesupport_fastrtps_c.h
[0.361s] -- Up-to-date: /home/eggs/ros2/ros2_smartdriveduo30/install/popo/lib/libpopo__rosidl_typesupport_fastrtps_c.so
[0.361s] -- Up-to-date: /home/eggs/ros2/ros2_smartdriveduo30/install/popo/include/popo/popo
[0.361s] -- Up-to-date: /home/eggs/ros2/ros2_smartdriveduo30/install/popo/include/popo/popo/msg
[0.361s] -- Up-to-date: /home/eggs/ros2/ros2_smartdriveduo30/install/popo/include/popo/popo/msg/rosidl_typesupport_introspection_c__visibility_control.h
[0.361s] -- Up-to-date: /home/eggs/ros2/ros2_smartdriveduo30/install/popo/include/popo/popo/srv
[0.361s] -- Up-to-date: /home/eggs/ros2/ros2_smartdriveduo30/install/popo/include/popo/popo/srv/detail
[0.362s] -- Up-to-date: /home/eggs/ros2/ros2_smartdriveduo30/install/popo/include/popo/popo/srv/detail/add_three_ints__rosidl_typesupport_introspection_c.h
[0.362s] -- Up-to-date: /home/eggs/ros2/ros2_smartdriveduo30/install/popo/include/popo/popo/srv/detail/threevalue__type_support.c
[0.362s] -- Up-to-date: /home/eggs/ros2/ros2_smartdriveduo30/install/popo/include/popo/popo/srv/detail/command__rosidl_typesupport_introspection_c.h
[0.362s] -- Up-to-date: /home/eggs/ros2/ros2_smartdriveduo30/install/popo/include/popo/popo/srv/detail/command__type_support.c
[0.362s] -- Up-to-date: /home/eggs/ros2/ros2_smartdriveduo30/install/popo/include/popo/popo/srv/detail/threevalue__rosidl_typesupport_introspection_c.h
[0.362s] -- Up-to-date: /home/eggs/ros2/ros2_smartdriveduo30/install/popo/include/popo/popo/srv/detail/add_three_ints__type_support.c
[0.362s] -- Up-to-date: /home/eggs/ros2/ros2_smartdriveduo30/install/popo/lib/libpopo__rosidl_typesupport_introspection_c.so
[0.362s] -- Up-to-date: /home/eggs/ros2/ros2_smartdriveduo30/install/popo/lib/libpopo__rosidl_typesupport_c.so
[0.362s] -- Up-to-date: /home/eggs/ros2/ros2_smartdriveduo30/install/popo/include/popo/popo
[0.362s] -- Up-to-date: /home/eggs/ros2/ros2_smartdriveduo30/install/popo/include/popo/popo/srv
[0.362s] -- Up-to-date: /home/eggs/ros2/ros2_smartdriveduo30/install/popo/include/popo/popo/srv/add_three_ints.hpp
[0.362s] -- Up-to-date: /home/eggs/ros2/ros2_smartdriveduo30/install/popo/include/popo/popo/srv/detail
[0.362s] -- Up-to-date: /home/eggs/ros2/ros2_smartdriveduo30/install/popo/include/popo/popo/srv/detail/command__builder.hpp
[0.362s] -- Up-to-date: /home/eggs/ros2/ros2_smartdriveduo30/install/popo/include/popo/popo/srv/detail/add_three_ints__traits.hpp
[0.362s] -- Up-to-date: /home/eggs/ros2/ros2_smartdriveduo30/install/popo/include/popo/popo/srv/detail/threevalue__struct.hpp
[0.362s] -- Up-to-date: /home/eggs/ros2/ros2_smartdriveduo30/install/popo/include/popo/popo/srv/detail/command__traits.hpp
[0.362s] -- Up-to-date: /home/eggs/ros2/ros2_smartdriveduo30/install/popo/include/popo/popo/srv/detail/add_three_ints__builder.hpp
[0.362s] -- Up-to-date: /home/eggs/ros2/ros2_smartdriveduo30/install/popo/include/popo/popo/srv/detail/command__struct.hpp
[0.362s] -- Up-to-date: /home/eggs/ros2/ros2_smartdriveduo30/install/popo/include/popo/popo/srv/detail/threevalue__traits.hpp
[0.362s] -- Up-to-date: /home/eggs/ros2/ros2_smartdriveduo30/install/popo/include/popo/popo/srv/detail/add_three_ints__struct.hpp
[0.362s] -- Up-to-date: /home/eggs/ros2/ros2_smartdriveduo30/install/popo/include/popo/popo/srv/detail/threevalue__builder.hpp
[0.362s] -- Up-to-date: /home/eggs/ros2/ros2_smartdriveduo30/install/popo/include/popo/popo/srv/command.hpp
[0.362s] -- Up-to-date: /home/eggs/ros2/ros2_smartdriveduo30/install/popo/include/popo/popo/srv/threevalue.hpp
[0.363s] -- Up-to-date: /home/eggs/ros2/ros2_smartdriveduo30/install/popo/include/popo/popo
[0.363s] -- Up-to-date: /home/eggs/ros2/ros2_smartdriveduo30/install/popo/include/popo/popo/msg
[0.363s] -- Up-to-date: /home/eggs/ros2/ros2_smartdriveduo30/install/popo/include/popo/popo/msg/rosidl_typesupport_fastrtps_cpp__visibility_control.h
[0.363s] -- Up-to-date: /home/eggs/ros2/ros2_smartdriveduo30/install/popo/include/popo/popo/srv
[0.363s] -- Up-to-date: /home/eggs/ros2/ros2_smartdriveduo30/install/popo/include/popo/popo/srv/detail
[0.363s] -- Up-to-date: /home/eggs/ros2/ros2_smartdriveduo30/install/popo/include/popo/popo/srv/detail/command__rosidl_typesupport_fastrtps_cpp.hpp
[0.363s] -- Up-to-date: /home/eggs/ros2/ros2_smartdriveduo30/install/popo/include/popo/popo/srv/detail/add_three_ints__rosidl_typesupport_fastrtps_cpp.hpp
[0.363s] -- Up-to-date: /home/eggs/ros2/ros2_smartdriveduo30/install/popo/include/popo/popo/srv/detail/threevalue__rosidl_typesupport_fastrtps_cpp.hpp
[0.363s] -- Up-to-date: /home/eggs/ros2/ros2_smartdriveduo30/install/popo/include/popo/popo/srv/detail/dds_fastrtps
[0.363s] -- Up-to-date: /home/eggs/ros2/ros2_smartdriveduo30/install/popo/lib/libpopo__rosidl_typesupport_fastrtps_cpp.so
[0.363s] -- Up-to-date: /home/eggs/ros2/ros2_smartdriveduo30/install/popo/include/popo/popo
[0.363s] -- Up-to-date: /home/eggs/ros2/ros2_smartdriveduo30/install/popo/include/popo/popo/srv
[0.363s] -- Up-to-date: /home/eggs/ros2/ros2_smartdriveduo30/install/popo/include/popo/popo/srv/detail
[0.363s] -- Up-to-date: /home/eggs/ros2/ros2_smartdriveduo30/install/popo/include/popo/popo/srv/detail/threevalue__type_support.cpp
[0.363s] -- Up-to-date: /home/eggs/ros2/ros2_smartdriveduo30/install/popo/include/popo/popo/srv/detail/threevalue__rosidl_typesupport_introspection_cpp.hpp
[0.363s] -- Up-to-date: /home/eggs/ros2/ros2_smartdriveduo30/install/popo/include/popo/popo/srv/detail/command__type_support.cpp
[0.363s] -- Up-to-date: /home/eggs/ros2/ros2_smartdriveduo30/install/popo/include/popo/popo/srv/detail/add_three_ints__rosidl_typesupport_introspection_cpp.hpp
[0.363s] -- Up-to-date: /home/eggs/ros2/ros2_smartdriveduo30/install/popo/include/popo/popo/srv/detail/add_three_ints__type_support.cpp
[0.363s] -- Up-to-date: /home/eggs/ros2/ros2_smartdriveduo30/install/popo/include/popo/popo/srv/detail/command__rosidl_typesupport_introspection_cpp.hpp
[0.363s] -- Up-to-date: /home/eggs/ros2/ros2_smartdriveduo30/install/popo/lib/libpopo__rosidl_typesupport_introspection_cpp.so
[0.363s] -- Up-to-date: /home/eggs/ros2/ros2_smartdriveduo30/install/popo/lib/libpopo__rosidl_typesupport_cpp.so
[0.364s] -- Up-to-date: /home/eggs/ros2/ros2_smartdriveduo30/install/popo/share/popo/environment/pythonpath.sh
[0.364s] -- Up-to-date: /home/eggs/ros2/ros2_smartdriveduo30/install/popo/share/popo/environment/pythonpath.dsv
[0.364s] -- Up-to-date: /home/eggs/ros2/ros2_smartdriveduo30/install/popo/local/lib/python3.10/dist-packages/popo-0.0.0-py3.10.egg-info
[0.364s] -- Installing: /home/eggs/ros2/ros2_smartdriveduo30/install/popo/local/lib/python3.10/dist-packages/popo-0.0.0-py3.10.egg-info/PKG-INFO
[0.364s] -- Installing: /home/eggs/ros2/ros2_smartdriveduo30/install/popo/local/lib/python3.10/dist-packages/popo-0.0.0-py3.10.egg-info/dependency_links.txt
[0.364s] -- Installing: /home/eggs/ros2/ros2_smartdriveduo30/install/popo/local/lib/python3.10/dist-packages/popo-0.0.0-py3.10.egg-info/top_level.txt
[0.364s] -- Installing: /home/eggs/ros2/ros2_smartdriveduo30/install/popo/local/lib/python3.10/dist-packages/popo-0.0.0-py3.10.egg-info/SOURCES.txt
[0.364s] -- Up-to-date: /home/eggs/ros2/ros2_smartdriveduo30/install/popo/local/lib/python3.10/dist-packages/popo
[0.364s] -- Up-to-date: /home/eggs/ros2/ros2_smartdriveduo30/install/popo/local/lib/python3.10/dist-packages/popo/libpopo__rosidl_generator_py.so
[0.364s] -- Up-to-date: /home/eggs/ros2/ros2_smartdriveduo30/install/popo/local/lib/python3.10/dist-packages/popo/popo_s__rosidl_typesupport_c.cpython-310-aarch64-linux-gnu.so
[0.364s] -- Up-to-date: /home/eggs/ros2/ros2_smartdriveduo30/install/popo/local/lib/python3.10/dist-packages/popo/_popo_s.ep.rosidl_typesupport_introspection_c.c
[0.364s] -- Up-to-date: /home/eggs/ros2/ros2_smartdriveduo30/install/popo/local/lib/python3.10/dist-packages/popo/__init__.py
[0.364s] -- Up-to-date: /home/eggs/ros2/ros2_smartdriveduo30/install/popo/local/lib/python3.10/dist-packages/popo/_popo_s.ep.rosidl_typesupport_c.c
[0.364s] -- Up-to-date: /home/eggs/ros2/ros2_smartdriveduo30/install/popo/local/lib/python3.10/dist-packages/popo/popo_s__rosidl_typesupport_introspection_c.cpython-310-aarch64-linux-gnu.so
[0.364s] -- Up-to-date: /home/eggs/ros2/ros2_smartdriveduo30/install/popo/local/lib/python3.10/dist-packages/popo/_popo_s.ep.rosidl_typesupport_fastrtps_c.c
[0.364s] -- Up-to-date: /home/eggs/ros2/ros2_smartdriveduo30/install/popo/local/lib/python3.10/dist-packages/popo/srv
[0.364s] -- Up-to-date: /home/eggs/ros2/ros2_smartdriveduo30/install/popo/local/lib/python3.10/dist-packages/popo/srv/_command.py
[0.364s] -- Up-to-date: /home/eggs/ros2/ros2_smartdriveduo30/install/popo/local/lib/python3.10/dist-packages/popo/srv/_command_s.c
[0.364s] -- Up-to-date: /home/eggs/ros2/ros2_smartdriveduo30/install/popo/local/lib/python3.10/dist-packages/popo/srv/_threevalue_s.c
[0.364s] -- Up-to-date: /home/eggs/ros2/ros2_smartdriveduo30/install/popo/local/lib/python3.10/dist-packages/popo/srv/__init__.py
[0.364s] -- Up-to-date: /home/eggs/ros2/ros2_smartdriveduo30/install/popo/local/lib/python3.10/dist-packages/popo/srv/_add_three_ints_s.c
[0.364s] -- Up-to-date: /home/eggs/ros2/ros2_smartdriveduo30/install/popo/local/lib/python3.10/dist-packages/popo/srv/_threevalue.py
[0.364s] -- Up-to-date: /home/eggs/ros2/ros2_smartdriveduo30/install/popo/local/lib/python3.10/dist-packages/popo/srv/_add_three_ints.py
[0.364s] -- Up-to-date: /home/eggs/ros2/ros2_smartdriveduo30/install/popo/local/lib/python3.10/dist-packages/popo/popo_s__rosidl_typesupport_fastrtps_c.cpython-310-aarch64-linux-gnu.so
[0.380s] Listing '/home/eggs/ros2/ros2_smartdriveduo30/install/popo/local/lib/python3.10/dist-packages/popo'...
[0.380s] Listing '/home/eggs/ros2/ros2_smartdriveduo30/install/popo/local/lib/python3.10/dist-packages/popo/srv'...
[0.382s] -- Up-to-date: /home/eggs/ros2/ros2_smartdriveduo30/install/popo/local/lib/python3.10/dist-packages/popo/popo_s__rosidl_typesupport_fastrtps_c.cpython-310-aarch64-linux-gnu.so
[0.383s] -- Up-to-date: /home/eggs/ros2/ros2_smartdriveduo30/install/popo/local/lib/python3.10/dist-packages/popo/popo_s__rosidl_typesupport_introspection_c.cpython-310-aarch64-linux-gnu.so
[0.383s] -- Up-to-date: /home/eggs/ros2/ros2_smartdriveduo30/install/popo/local/lib/python3.10/dist-packages/popo/popo_s__rosidl_typesupport_c.cpython-310-aarch64-linux-gnu.so
[0.383s] -- Up-to-date: /home/eggs/ros2/ros2_smartdriveduo30/install/popo/lib/libpopo__rosidl_generator_py.so
[0.383s] -- Up-to-date: /home/eggs/ros2/ros2_smartdriveduo30/install/popo/share/popo/srv/Command.idl
[0.383s] -- Up-to-date: /home/eggs/ros2/ros2_smartdriveduo30/install/popo/share/popo/srv/AddThreeInts.idl
[0.384s] -- Up-to-date: /home/eggs/ros2/ros2_smartdriveduo30/install/popo/share/popo/srv/Threevalue.idl
[0.384s] -- Up-to-date: /home/eggs/ros2/ros2_smartdriveduo30/install/popo/share/popo/srv/Command.srv
[0.384s] -- Up-to-date: /home/eggs/ros2/ros2_smartdriveduo30/install/popo/share/popo/srv/Command_Request.msg
[0.384s] -- Up-to-date: /home/eggs/ros2/ros2_smartdriveduo30/install/popo/share/popo/srv/Command_Response.msg
[0.384s] -- Up-to-date: /home/eggs/ros2/ros2_smartdriveduo30/install/popo/share/popo/srv/AddThreeInts.srv
[0.384s] -- Up-to-date: /home/eggs/ros2/ros2_smartdriveduo30/install/popo/share/popo/srv/AddThreeInts_Request.msg
[0.384s] -- Up-to-date: /home/eggs/ros2/ros2_smartdriveduo30/install/popo/share/popo/srv/AddThreeInts_Response.msg
[0.384s] -- Up-to-date: /home/eggs/ros2/ros2_smartdriveduo30/install/popo/share/popo/srv/Threevalue.srv
[0.384s] -- Up-to-date: /home/eggs/ros2/ros2_smartdriveduo30/install/popo/share/popo/srv/Threevalue_Request.msg
[0.384s] -- Up-to-date: /home/eggs/ros2/ros2_smartdriveduo30/install/popo/share/popo/srv/Threevalue_Response.msg
[0.384s] -- Up-to-date: /home/eggs/ros2/ros2_smartdriveduo30/install/popo/local/lib/python3.10/dist-packages/scripts-0.0.0-py3.10.egg-info
[0.384s] -- Installing: /home/eggs/ros2/ros2_smartdriveduo30/install/popo/local/lib/python3.10/dist-packages/scripts-0.0.0-py3.10.egg-info/PKG-INFO
[0.384s] -- Installing: /home/eggs/ros2/ros2_smartdriveduo30/install/popo/local/lib/python3.10/dist-packages/scripts-0.0.0-py3.10.egg-info/dependency_links.txt
[0.384s] -- Installing: /home/eggs/ros2/ros2_smartdriveduo30/install/popo/local/lib/python3.10/dist-packages/scripts-0.0.0-py3.10.egg-info/top_level.txt
[0.384s] -- Installing: /home/eggs/ros2/ros2_smartdriveduo30/install/popo/local/lib/python3.10/dist-packages/scripts-0.0.0-py3.10.egg-info/SOURCES.txt
[0.385s] -- Up-to-date: /home/eggs/ros2/ros2_smartdriveduo30/install/popo/local/lib/python3.10/dist-packages/scripts
[0.385s] -- Installing: /home/eggs/ros2/ros2_smartdriveduo30/install/popo/local/lib/python3.10/dist-packages/scripts/addthreeintclient.py
[0.385s] -- Up-to-date: /home/eggs/ros2/ros2_smartdriveduo30/install/popo/local/lib/python3.10/dist-packages/scripts/driver_service_server.py
[0.385s] -- Up-to-date: /home/eggs/ros2/ros2_smartdriveduo30/install/popo/local/lib/python3.10/dist-packages/scripts/addthreeintservice.py
[0.385s] -- Up-to-date: /home/eggs/ros2/ros2_smartdriveduo30/install/popo/local/lib/python3.10/dist-packages/scripts/__init__.py
[0.385s] -- Up-to-date: /home/eggs/ros2/ros2_smartdriveduo30/install/popo/local/lib/python3.10/dist-packages/scripts/driver_service_client.py
[0.385s] -- Up-to-date: /home/eggs/ros2/ros2_smartdriveduo30/install/popo/local/lib/python3.10/dist-packages/scripts/addthreeintint.py
[0.402s] Listing '/home/eggs/ros2/ros2_smartdriveduo30/install/popo/local/lib/python3.10/dist-packages/scripts'...
[0.402s] Compiling '/home/eggs/ros2/ros2_smartdriveduo30/install/popo/local/lib/python3.10/dist-packages/scripts/addthreeintclient.py'...
[0.405s] -- Up-to-date: /home/eggs/ros2/ros2_smartdriveduo30/install/popo/lib/popo/driver_service_server.py
[0.406s] -- Up-to-date: /home/eggs/ros2/ros2_smartdriveduo30/install/popo/lib/popo/driver_service_client.py
[0.406s] -- Installing: /home/eggs/ros2/ros2_smartdriveduo30/install/popo/lib/popo/addthreeintclient.py
[0.406s] -- Up-to-date: /home/eggs/ros2/ros2_smartdriveduo30/install/popo/lib/popo/addthreeintservice.py
[0.406s] -- Up-to-date: /home/eggs/ros2/ros2_smartdriveduo30/install/popo/lib/popo/addthreeintint.py
[0.406s] -- Up-to-date: /home/eggs/ros2/ros2_smartdriveduo30/install/popo/share/popo/launch
[0.406s] -- Up-to-date: /home/eggs/ros2/ros2_smartdriveduo30/install/popo/share/ament_index/resource_index/package_run_dependencies/popo
[0.406s] -- Up-to-date: /home/eggs/ros2/ros2_smartdriveduo30/install/popo/share/ament_index/resource_index/parent_prefix_path/popo
[0.406s] -- Up-to-date: /home/eggs/ros2/ros2_smartdriveduo30/install/popo/share/popo/environment/ament_prefix_path.sh
[0.407s] -- Up-to-date: /home/eggs/ros2/ros2_smartdriveduo30/install/popo/share/popo/environment/ament_prefix_path.dsv
[0.407s] -- Up-to-date: /home/eggs/ros2/ros2_smartdriveduo30/install/popo/share/popo/environment/path.sh
[0.407s] -- Up-to-date: /home/eggs/ros2/ros2_smartdriveduo30/install/popo/share/popo/environment/path.dsv
[0.407s] -- Up-to-date: /home/eggs/ros2/ros2_smartdriveduo30/install/popo/share/popo/local_setup.bash
[0.407s] -- Up-to-date: /home/eggs/ros2/ros2_smartdriveduo30/install/popo/share/popo/local_setup.sh
[0.408s] -- Up-to-date: /home/eggs/ros2/ros2_smartdriveduo30/install/popo/share/popo/local_setup.zsh
[0.408s] -- Up-to-date: /home/eggs/ros2/ros2_smartdriveduo30/install/popo/share/popo/local_setup.dsv
[0.408s] -- Installing: /home/eggs/ros2/ros2_smartdriveduo30/install/popo/share/popo/package.dsv
[0.408s] -- Up-to-date: /home/eggs/ros2/ros2_smartdriveduo30/install/popo/share/ament_index/resource_index/packages/popo
[0.408s] -- Up-to-date: /home/eggs/ros2/ros2_smartdriveduo30/install/popo/share/popo/cmake/export_popo__rosidl_generator_cExport.cmake
[0.408s] -- Up-to-date: /home/eggs/ros2/ros2_smartdriveduo30/install/popo/share/popo/cmake/export_popo__rosidl_generator_cExport-noconfig.cmake
[0.408s] -- Up-to-date: /home/eggs/ros2/ros2_smartdriveduo30/install/popo/share/popo/cmake/export_popo__rosidl_typesupport_fastrtps_cExport.cmake
[0.408s] -- Up-to-date: /home/eggs/ros2/ros2_smartdriveduo30/install/popo/share/popo/cmake/export_popo__rosidl_typesupport_fastrtps_cExport-noconfig.cmake
[0.408s] -- Up-to-date: /home/eggs/ros2/ros2_smartdriveduo30/install/popo/share/popo/cmake/popo__rosidl_typesupport_introspection_cExport.cmake
[0.408s] -- Up-to-date: /home/eggs/ros2/ros2_smartdriveduo30/install/popo/share/popo/cmake/popo__rosidl_typesupport_introspection_cExport-noconfig.cmake
[0.408s] -- Up-to-date: /home/eggs/ros2/ros2_smartdriveduo30/install/popo/share/popo/cmake/popo__rosidl_typesupport_cExport.cmake
[0.408s] -- Up-to-date: /home/eggs/ros2/ros2_smartdriveduo30/install/popo/share/popo/cmake/popo__rosidl_typesupport_cExport-noconfig.cmake
[0.408s] -- Up-to-date: /home/eggs/ros2/ros2_smartdriveduo30/install/popo/share/popo/cmake/export_popo__rosidl_generator_cppExport.cmake
[0.408s] -- Up-to-date: /home/eggs/ros2/ros2_smartdriveduo30/install/popo/share/popo/cmake/export_popo__rosidl_typesupport_fastrtps_cppExport.cmake
[0.408s] -- Up-to-date: /home/eggs/ros2/ros2_smartdriveduo30/install/popo/share/popo/cmake/export_popo__rosidl_typesupport_fastrtps_cppExport-noconfig.cmake
[0.408s] -- Up-to-date: /home/eggs/ros2/ros2_smartdriveduo30/install/popo/share/popo/cmake/popo__rosidl_typesupport_introspection_cppExport.cmake
[0.408s] -- Up-to-date: /home/eggs/ros2/ros2_smartdriveduo30/install/popo/share/popo/cmake/popo__rosidl_typesupport_introspection_cppExport-noconfig.cmake
[0.408s] -- Up-to-date: /home/eggs/ros2/ros2_smartdriveduo30/install/popo/share/popo/cmake/popo__rosidl_typesupport_cppExport.cmake
[0.408s] -- Up-to-date: /home/eggs/ros2/ros2_smartdriveduo30/install/popo/share/popo/cmake/popo__rosidl_typesupport_cppExport-noconfig.cmake
[0.408s] -- Up-to-date: /home/eggs/ros2/ros2_smartdriveduo30/install/popo/share/popo/cmake/export_popo__rosidl_generator_pyExport.cmake
[0.408s] -- Up-to-date: /home/eggs/ros2/ros2_smartdriveduo30/install/popo/share/popo/cmake/export_popo__rosidl_generator_pyExport-noconfig.cmake
[0.408s] -- Up-to-date: /home/eggs/ros2/ros2_smartdriveduo30/install/popo/share/popo/cmake/rosidl_cmake-extras.cmake
[0.408s] -- Up-to-date: /home/eggs/ros2/ros2_smartdriveduo30/install/popo/share/popo/cmake/ament_cmake_export_include_directories-extras.cmake
[0.408s] -- Up-to-date: /home/eggs/ros2/ros2_smartdriveduo30/install/popo/share/popo/cmake/ament_cmake_export_libraries-extras.cmake
[0.408s] -- Up-to-date: /home/eggs/ros2/ros2_smartdriveduo30/install/popo/share/popo/cmake/ament_cmake_export_targets-extras.cmake
[0.408s] -- Up-to-date: /home/eggs/ros2/ros2_smartdriveduo30/install/popo/share/popo/cmake/rosidl_cmake_export_typesupport_targets-extras.cmake
[0.408s] -- Up-to-date: /home/eggs/ros2/ros2_smartdriveduo30/install/popo/share/popo/cmake/ament_cmake_export_dependencies-extras.cmake
[0.408s] -- Up-to-date: /home/eggs/ros2/ros2_smartdriveduo30/install/popo/share/popo/cmake/rosidl_cmake_export_typesupport_libraries-extras.cmake
[0.408s] -- Up-to-date: /home/eggs/ros2/ros2_smartdriveduo30/install/popo/share/popo/cmake/popoConfig.cmake
[0.408s] -- Up-to-date: /home/eggs/ros2/ros2_smartdriveduo30/install/popo/share/popo/cmake/popoConfig-version.cmake
[0.408s] -- Up-to-date: /home/eggs/ros2/ros2_smartdriveduo30/install/popo/share/popo/package.xml
[0.409s] Invoked command in '/home/eggs/ros2/ros2_smartdriveduo30/build/popo' returned '0': CMAKE_PREFIX_PATH=${CMAKE_PREFIX_PATH}:/opt/ros/humble /usr/bin/cmake --install /home/eggs/ros2/ros2_smartdriveduo30/build/popo
