[0.008s] Invoking command in '/home/eggs/ros2/ros2_smartdriveduo30/build/popo': CMAKE_PREFIX_PATH=${CMAKE_PREFIX_PATH}:/opt/ros/humble /usr/bin/cmake --build /home/eggs/ros2/ros2_smartdriveduo30/build/popo -- -j8 -l8
[0.028s] -- Found ament_cmake: 1.3.4 (/opt/ros/humble/share/ament_cmake/cmake)
[0.114s] -- Found rclpy: 3.3.8 (/opt/ros/humble/share/rclpy/cmake)
[0.114s] -- Found rosidl_default_generators: 1.2.0 (/opt/ros/humble/share/rosidl_default_generators/cmake)
[0.117s] -- Using all available rosidl_typesupport_c: rosidl_typesupport_fastrtps_c;rosidl_typesupport_introspection_c
[0.117s] -- Found rosidl_adapter: 3.1.4 (/opt/ros/humble/share/rosidl_adapter/cmake)
[0.140s] -- Using all available rosidl_typesupport_cpp: rosidl_typesupport_fastrtps_cpp;rosidl_typesupport_introspection_cpp
[0.158s] -- Found sensor_msgs: 4.2.3 (/opt/ros/humble/share/sensor_msgs/cmake)
[0.471s] -- Found ament_cmake_ros: 0.10.0 (/opt/ros/humble/share/ament_cmake_ros/cmake)
[0.582s] -- Using all available rosidl_typesupport_c: rosidl_typesupport_fastrtps_c;rosidl_typesupport_introspection_c
[0.726s] -- Using all available rosidl_typesupport_cpp: rosidl_typesupport_fastrtps_cpp;rosidl_typesupport_introspection_cpp
[0.739s] -- Found python_cmake_module: 0.10.0 (/opt/ros/humble/share/python_cmake_module/cmake)
[0.754s] -- Using PYTHON_EXECUTABLE: /usr/bin/python3
[0.754s] -- Using PYTHON_INCLUDE_DIRS: /usr/include/python3.10
[0.754s] -- Using PYTHON_LIBRARIES: /usr/lib/aarch64-linux-gnu/libpython3.10.so
[0.761s] -- Found ament_lint_auto: 0.12.6 (/opt/ros/humble/share/ament_lint_auto/cmake)
[0.767s] -- Added test 'flake8' to check Python code syntax and style conventions
[0.767s] -- Added test 'lint_cmake' to check CMake code style
[0.767s] -- Added test 'pep257' to check Python code against some of the docstring style conventions in PEP 257
[0.768s] -- Added test 'xmllint' to check XML markup files
[0.769s] -- Configuring done
[0.796s] -- Generating done
[0.801s] -- Build files have been written to: /home/eggs/ros2/ros2_smartdriveduo30/build/popo
[0.821s] [  1%] [34m[1mGenerating C code for ROS interfaces[0m
[0.830s] [  3%] [34m[1mGenerating C++ code for ROS interfaces[0m
[0.837s] [  3%] Built target ament_cmake_python_copy_scripts
[0.838s] [  3%] Built target ament_cmake_python_copy_popo
[0.994s] running egg_info
[0.994s] running egg_info
[0.994s] writing scripts.egg-info/PKG-INFO
[0.995s] writing dependency_links to scripts.egg-info/dependency_links.txt
[0.995s] writing top-level names to scripts.egg-info/top_level.txt
[0.995s] writing popo.egg-info/PKG-INFO
[0.995s] writing dependency_links to popo.egg-info/dependency_links.txt
[0.995s] writing top-level names to popo.egg-info/top_level.txt
[0.996s] reading manifest file 'scripts.egg-info/SOURCES.txt'
[0.996s] reading manifest file 'popo.egg-info/SOURCES.txt'
[0.996s] writing manifest file 'scripts.egg-info/SOURCES.txt'
[0.996s] writing manifest file 'popo.egg-info/SOURCES.txt'
[1.016s] [  3%] Built target ament_cmake_python_build_popo_egg
[1.016s] [  3%] Built target ament_cmake_python_build_scripts_egg
[1.120s] [  3%] Built target popo__cpp
[1.130s] [  5%] [34m[1mGenerating C++ introspection for ROS interfaces[0m
[1.130s] [  9%] [34m[1mGenerating C++ type support for eProsima Fast-RTPS[0m
[1.130s] [  9%] [34m[1mGenerating C++ type support dispatch for ROS interfaces[0m
[1.135s] [35m[1mConsolidate compiler generated dependencies of target popo__rosidl_generator_c[0m
[1.147s] [ 10%] [32mBuilding C object CMakeFiles/popo__rosidl_generator_c.dir/rosidl_generator_c/popo/srv/detail/command__functions.c.o[0m
[1.147s] [ 14%] [32mBuilding C object CMakeFiles/popo__rosidl_generator_c.dir/rosidl_generator_c/popo/srv/detail/threevalue__functions.c.o[0m
[1.147s] [ 14%] [32mBuilding C object CMakeFiles/popo__rosidl_generator_c.dir/rosidl_generator_c/popo/srv/detail/add_three_ints__functions.c.o[0m
[1.147s] [ 16%] [32mBuilding C object CMakeFiles/popo__rosidl_generator_c.dir/rosidl_generator_c/popo/srv/detail/add_two_ints__functions.c.o[0m
[1.193s] [ 18%] [32m[1mLinking C shared library libpopo__rosidl_generator_c.so[0m
[1.219s] [ 18%] Built target popo__rosidl_generator_c
[1.228s] [ 20%] [34m[1mGenerating C type support for eProsima Fast-RTPS[0m
[1.228s] [ 21%] [34m[1mGenerating C introspection for ROS interfaces[0m
[1.229s] [ 23%] [34m[1mGenerating C type support dispatch for ROS interfaces[0m
[1.331s] [35m[1mConsolidate compiler generated dependencies of target popo__rosidl_typesupport_cpp[0m
[1.342s] [ 25%] [32mBuilding CXX object CMakeFiles/popo__rosidl_typesupport_cpp.dir/rosidl_typesupport_cpp/popo/srv/command__type_support.cpp.o[0m
[1.343s] [ 27%] [32mBuilding CXX object CMakeFiles/popo__rosidl_typesupport_cpp.dir/rosidl_typesupport_cpp/popo/srv/add_three_ints__type_support.cpp.o[0m
[1.344s] [ 29%] [32mBuilding CXX object CMakeFiles/popo__rosidl_typesupport_cpp.dir/rosidl_typesupport_cpp/popo/srv/threevalue__type_support.cpp.o[0m
[1.406s] [35m[1mConsolidate compiler generated dependencies of target popo__rosidl_typesupport_introspection_cpp[0m
[1.418s] [ 30%] [32mBuilding CXX object CMakeFiles/popo__rosidl_typesupport_introspection_cpp.dir/rosidl_typesupport_introspection_cpp/popo/srv/detail/command__type_support.cpp.o[0m
[1.434s] [35m[1mConsolidate compiler generated dependencies of target popo__rosidl_typesupport_fastrtps_cpp[0m
[1.438s] [35m[1mConsolidate compiler generated dependencies of target popo__rosidl_typesupport_c[0m
[1.447s] [ 32%] [32mBuilding CXX object CMakeFiles/popo__rosidl_typesupport_c.dir/rosidl_typesupport_c/popo/srv/command__type_support.cpp.o[0m
[1.457s] [ 34%] [32mBuilding CXX object CMakeFiles/popo__rosidl_typesupport_fastrtps_cpp.dir/rosidl_typesupport_fastrtps_cpp/popo/srv/detail/dds_fastrtps/command__type_support.cpp.o[0m
[1.476s] [ 36%] [32mBuilding CXX object CMakeFiles/popo__rosidl_typesupport_c.dir/rosidl_typesupport_c/popo/srv/add_three_ints__type_support.cpp.o[0m
[1.504s] [ 40%] [32mBuilding CXX object CMakeFiles/popo__rosidl_typesupport_c.dir/rosidl_typesupport_c/popo/srv/threevalue__type_support.cpp.o[0m
[1.504s] [ 40%] [32mBuilding CXX object CMakeFiles/popo__rosidl_typesupport_cpp.dir/rosidl_typesupport_cpp/popo/srv/add_two_ints__type_support.cpp.o[0m
[1.522s] [ 41%] [32mBuilding CXX object CMakeFiles/popo__rosidl_typesupport_introspection_cpp.dir/rosidl_typesupport_introspection_cpp/popo/srv/detail/add_three_ints__type_support.cpp.o[0m
[1.526s] [35m[1mConsolidate compiler generated dependencies of target popo__rosidl_typesupport_fastrtps_c[0m
[1.531s] [ 43%] [32mBuilding CXX object CMakeFiles/popo__rosidl_typesupport_fastrtps_cpp.dir/rosidl_typesupport_fastrtps_cpp/popo/srv/detail/dds_fastrtps/add_three_ints__type_support.cpp.o[0m
[1.531s] [ 45%] [32mBuilding CXX object CMakeFiles/popo__rosidl_typesupport_c.dir/rosidl_typesupport_c/popo/srv/add_two_ints__type_support.cpp.o[0m
[1.540s] [ 47%] [32mBuilding CXX object CMakeFiles/popo__rosidl_typesupport_fastrtps_c.dir/rosidl_typesupport_fastrtps_c/popo/srv/detail/command__type_support_c.cpp.o[0m
[1.540s] [35m[1mConsolidate compiler generated dependencies of target popo__rosidl_typesupport_introspection_c[0m
[1.554s] [ 49%] [32mBuilding C object CMakeFiles/popo__rosidl_typesupport_introspection_c.dir/rosidl_typesupport_introspection_c/popo/srv/detail/command__type_support.c.o[0m
[1.561s] [ 50%] [32m[1mLinking CXX shared library libpopo__rosidl_typesupport_c.so[0m
[1.584s] [ 52%] [32mBuilding C object CMakeFiles/popo__rosidl_typesupport_introspection_c.dir/rosidl_typesupport_introspection_c/popo/srv/detail/add_three_ints__type_support.c.o[0m
[1.593s] [ 52%] Built target popo__rosidl_typesupport_c
[1.602s] [ 54%] [32mBuilding CXX object CMakeFiles/popo__rosidl_typesupport_fastrtps_c.dir/rosidl_typesupport_fastrtps_c/popo/srv/detail/add_three_ints__type_support_c.cpp.o[0m
[1.614s] [ 56%] [32mBuilding C object CMakeFiles/popo__rosidl_typesupport_introspection_c.dir/rosidl_typesupport_introspection_c/popo/srv/detail/threevalue__type_support.c.o[0m
[1.644s] [ 58%] [32mBuilding C object CMakeFiles/popo__rosidl_typesupport_introspection_c.dir/rosidl_typesupport_introspection_c/popo/srv/detail/add_two_ints__type_support.c.o[0m
[1.646s] [ 60%] [32mBuilding CXX object CMakeFiles/popo__rosidl_typesupport_introspection_cpp.dir/rosidl_typesupport_introspection_cpp/popo/srv/detail/threevalue__type_support.cpp.o[0m
[1.667s] [ 61%] [32m[1mLinking CXX shared library libpopo__rosidl_typesupport_cpp.so[0m
[1.675s] [ 63%] [32m[1mLinking C shared library libpopo__rosidl_typesupport_introspection_c.so[0m
[1.698s] [ 63%] Built target popo__rosidl_typesupport_cpp
[1.700s] [ 63%] Built target popo__rosidl_typesupport_introspection_c
[1.706s] [ 65%] [32mBuilding CXX object CMakeFiles/popo__rosidl_typesupport_introspection_cpp.dir/rosidl_typesupport_introspection_cpp/popo/srv/detail/add_two_ints__type_support.cpp.o[0m
[1.709s] [ 67%] [32mBuilding CXX object CMakeFiles/popo__rosidl_typesupport_fastrtps_c.dir/rosidl_typesupport_fastrtps_c/popo/srv/detail/threevalue__type_support_c.cpp.o[0m
[1.740s] [ 69%] [32mBuilding CXX object CMakeFiles/popo__rosidl_typesupport_fastrtps_cpp.dir/rosidl_typesupport_fastrtps_cpp/popo/srv/detail/dds_fastrtps/threevalue__type_support.cpp.o[0m
[1.766s] [ 70%] [32mBuilding CXX object CMakeFiles/popo__rosidl_typesupport_fastrtps_c.dir/rosidl_typesupport_fastrtps_c/popo/srv/detail/add_two_ints__type_support_c.cpp.o[0m
[1.789s] [ 72%] [32mBuilding CXX object CMakeFiles/popo__rosidl_typesupport_fastrtps_cpp.dir/rosidl_typesupport_fastrtps_cpp/popo/srv/detail/dds_fastrtps/add_two_ints__type_support.cpp.o[0m
[1.926s] [ 74%] [32m[1mLinking CXX shared library libpopo__rosidl_typesupport_introspection_cpp.so[0m
[1.961s] [ 76%] [32m[1mLinking CXX shared library libpopo__rosidl_typesupport_fastrtps_c.so[0m
[1.971s] [ 76%] Built target popo__rosidl_typesupport_introspection_cpp
[2.011s] [ 76%] Built target popo__rosidl_typesupport_fastrtps_c
[2.015s] [ 78%] [32m[1mLinking CXX shared library libpopo__rosidl_typesupport_fastrtps_cpp.so[0m
[2.060s] [ 78%] Built target popo__rosidl_typesupport_fastrtps_cpp
[2.079s] [ 78%] Built target popo
[2.095s] [ 80%] [34m[1mGenerating Python code for ROS interfaces[0m
[2.548s] [ 80%] Built target popo__py
[2.557s] [35m[1mConsolidate compiler generated dependencies of target popo__rosidl_generator_py[0m
[2.569s] [ 81%] [32mBuilding C object CMakeFiles/popo__rosidl_generator_py.dir/rosidl_generator_py/popo/srv/_command_s.c.o[0m
[2.569s] [ 83%] [32mBuilding C object CMakeFiles/popo__rosidl_generator_py.dir/rosidl_generator_py/popo/srv/_add_three_ints_s.c.o[0m
[2.569s] [ 85%] [32mBuilding C object CMakeFiles/popo__rosidl_generator_py.dir/rosidl_generator_py/popo/srv/_threevalue_s.c.o[0m
[2.570s] [ 87%] [32mBuilding C object CMakeFiles/popo__rosidl_generator_py.dir/rosidl_generator_py/popo/srv/_add_two_ints_s.c.o[0m
[2.639s] [ 89%] [32m[1mLinking C shared library rosidl_generator_py/popo/libpopo__rosidl_generator_py.so[0m
[2.670s] [ 89%] Built target popo__rosidl_generator_py
[2.679s] [35m[1mConsolidate compiler generated dependencies of target popo__rosidl_typesupport_fastrtps_c__pyext[0m
[2.679s] [35m[1mConsolidate compiler generated dependencies of target popo__rosidl_typesupport_introspection_c__pyext[0m
[2.679s] [35m[1mConsolidate compiler generated dependencies of target popo__rosidl_typesupport_c__pyext[0m
[2.691s] [ 90%] [32mBuilding C object CMakeFiles/popo__rosidl_typesupport_c__pyext.dir/rosidl_generator_py/popo/_popo_s.ep.rosidl_typesupport_c.c.o[0m
[2.691s] [ 92%] [32mBuilding C object CMakeFiles/popo__rosidl_typesupport_fastrtps_c__pyext.dir/rosidl_generator_py/popo/_popo_s.ep.rosidl_typesupport_fastrtps_c.c.o[0m
[2.691s] [ 94%] [32mBuilding C object CMakeFiles/popo__rosidl_typesupport_introspection_c__pyext.dir/rosidl_generator_py/popo/_popo_s.ep.rosidl_typesupport_introspection_c.c.o[0m
[2.767s] [ 98%] [32m[1mLinking C shared library rosidl_generator_py/popo/popo_s__rosidl_typesupport_c.cpython-310-aarch64-linux-gnu.so[0m
[2.767s] [ 98%] [32m[1mLinking C shared library rosidl_generator_py/popo/popo_s__rosidl_typesupport_introspection_c.cpython-310-aarch64-linux-gnu.so[0m
[2.767s] [100%] [32m[1mLinking C shared library rosidl_generator_py/popo/popo_s__rosidl_typesupport_fastrtps_c.cpython-310-aarch64-linux-gnu.so[0m
[2.795s] [100%] Built target popo__rosidl_typesupport_introspection_c__pyext
[2.795s] [100%] Built target popo__rosidl_typesupport_fastrtps_c__pyext
[2.795s] [100%] Built target popo__rosidl_typesupport_c__pyext
[2.807s] Invoked command in '/home/eggs/ros2/ros2_smartdriveduo30/build/popo' returned '0': CMAKE_PREFIX_PATH=${CMAKE_PREFIX_PATH}:/opt/ros/humble /usr/bin/cmake --build /home/eggs/ros2/ros2_smartdriveduo30/build/popo -- -j8 -l8
[2.927s] Invoking command in '/home/eggs/ros2/ros2_smartdriveduo30/build/popo': CMAKE_PREFIX_PATH=${CMAKE_PREFIX_PATH}:/opt/ros/humble /usr/bin/cmake --install /home/eggs/ros2/ros2_smartdriveduo30/build/popo
[2.933s] -- Install configuration: ""
[2.934s] -- Installing: /home/eggs/ros2/ros2_smartdriveduo30/install/popo/share/ament_index/resource_index/rosidl_interfaces/popo
[2.934s] -- Up-to-date: /home/eggs/ros2/ros2_smartdriveduo30/install/popo/include/popo/popo
[2.934s] -- Up-to-date: /home/eggs/ros2/ros2_smartdriveduo30/install/popo/include/popo/popo/msg
[2.934s] -- Up-to-date: /home/eggs/ros2/ros2_smartdriveduo30/install/popo/include/popo/popo/msg/rosidl_generator_c__visibility_control.h
[2.934s] -- Up-to-date: /home/eggs/ros2/ros2_smartdriveduo30/install/popo/include/popo/popo/srv
[2.934s] -- Installing: /home/eggs/ros2/ros2_smartdriveduo30/install/popo/include/popo/popo/srv/add_two_ints.h
[2.935s] -- Up-to-date: /home/eggs/ros2/ros2_smartdriveduo30/install/popo/include/popo/popo/srv/detail
[2.935s] -- Installing: /home/eggs/ros2/ros2_smartdriveduo30/install/popo/include/popo/popo/srv/detail/command__functions.c
[2.935s] -- Installing: /home/eggs/ros2/ros2_smartdriveduo30/install/popo/include/popo/popo/srv/detail/add_two_ints__struct.h
[2.935s] -- Installing: /home/eggs/ros2/ros2_smartdriveduo30/install/popo/include/popo/popo/srv/detail/add_two_ints__functions.c
[2.935s] -- Installing: /home/eggs/ros2/ros2_smartdriveduo30/install/popo/include/popo/popo/srv/detail/threevalue__struct.h
[2.935s] -- Installing: /home/eggs/ros2/ros2_smartdriveduo30/install/popo/include/popo/popo/srv/detail/add_two_ints__functions.h
[2.935s] -- Installing: /home/eggs/ros2/ros2_smartdriveduo30/install/popo/include/popo/popo/srv/detail/command__functions.h
[2.935s] -- Installing: /home/eggs/ros2/ros2_smartdriveduo30/install/popo/include/popo/popo/srv/detail/add_three_ints__type_support.h
[2.935s] -- Installing: /home/eggs/ros2/ros2_smartdriveduo30/install/popo/include/popo/popo/srv/detail/threevalue__functions.h
[2.935s] -- Installing: /home/eggs/ros2/ros2_smartdriveduo30/install/popo/include/popo/popo/srv/detail/command__struct.h
[2.935s] -- Installing: /home/eggs/ros2/ros2_smartdriveduo30/install/popo/include/popo/popo/srv/detail/command__type_support.h
[2.935s] -- Installing: /home/eggs/ros2/ros2_smartdriveduo30/install/popo/include/popo/popo/srv/detail/add_three_ints__functions.h
[2.935s] -- Installing: /home/eggs/ros2/ros2_smartdriveduo30/install/popo/include/popo/popo/srv/detail/threevalue__type_support.h
[2.935s] -- Installing: /home/eggs/ros2/ros2_smartdriveduo30/install/popo/include/popo/popo/srv/detail/threevalue__functions.c
[2.935s] -- Installing: /home/eggs/ros2/ros2_smartdriveduo30/install/popo/include/popo/popo/srv/detail/add_two_ints__type_support.h
[2.936s] -- Installing: /home/eggs/ros2/ros2_smartdriveduo30/install/popo/include/popo/popo/srv/detail/add_three_ints__struct.h
[2.936s] -- Installing: /home/eggs/ros2/ros2_smartdriveduo30/install/popo/include/popo/popo/srv/detail/add_three_ints__functions.c
[2.936s] -- Installing: /home/eggs/ros2/ros2_smartdriveduo30/install/popo/include/popo/popo/srv/add_three_ints.h
[2.936s] -- Installing: /home/eggs/ros2/ros2_smartdriveduo30/install/popo/include/popo/popo/srv/command.h
[2.936s] -- Installing: /home/eggs/ros2/ros2_smartdriveduo30/install/popo/include/popo/popo/srv/threevalue.h
[2.936s] -- Up-to-date: /home/eggs/ros2/ros2_smartdriveduo30/install/popo/share/popo/environment/library_path.sh
[2.936s] -- Installing: /home/eggs/ros2/ros2_smartdriveduo30/install/popo/share/popo/environment/library_path.dsv
[2.936s] -- Installing: /home/eggs/ros2/ros2_smartdriveduo30/install/popo/lib/libpopo__rosidl_generator_c.so
[2.936s] -- Set runtime path of "/home/eggs/ros2/ros2_smartdriveduo30/install/popo/lib/libpopo__rosidl_generator_c.so" to ""
[2.936s] -- Up-to-date: /home/eggs/ros2/ros2_smartdriveduo30/install/popo/include/popo/popo
[2.936s] -- Up-to-date: /home/eggs/ros2/ros2_smartdriveduo30/install/popo/include/popo/popo/msg
[2.936s] -- Up-to-date: /home/eggs/ros2/ros2_smartdriveduo30/install/popo/include/popo/popo/msg/rosidl_typesupport_fastrtps_c__visibility_control.h
[2.936s] -- Up-to-date: /home/eggs/ros2/ros2_smartdriveduo30/install/popo/include/popo/popo/srv
[2.936s] -- Up-to-date: /home/eggs/ros2/ros2_smartdriveduo30/install/popo/include/popo/popo/srv/detail
[2.937s] -- Installing: /home/eggs/ros2/ros2_smartdriveduo30/install/popo/include/popo/popo/srv/detail/threevalue__rosidl_typesupport_fastrtps_c.h
[2.937s] -- Installing: /home/eggs/ros2/ros2_smartdriveduo30/install/popo/include/popo/popo/srv/detail/add_three_ints__rosidl_typesupport_fastrtps_c.h
[2.937s] -- Installing: /home/eggs/ros2/ros2_smartdriveduo30/install/popo/include/popo/popo/srv/detail/command__rosidl_typesupport_fastrtps_c.h
[2.937s] -- Installing: /home/eggs/ros2/ros2_smartdriveduo30/install/popo/include/popo/popo/srv/detail/add_two_ints__rosidl_typesupport_fastrtps_c.h
[2.937s] -- Installing: /home/eggs/ros2/ros2_smartdriveduo30/install/popo/lib/libpopo__rosidl_typesupport_fastrtps_c.so
[2.938s] -- Set runtime path of "/home/eggs/ros2/ros2_smartdriveduo30/install/popo/lib/libpopo__rosidl_typesupport_fastrtps_c.so" to ""
[2.938s] -- Up-to-date: /home/eggs/ros2/ros2_smartdriveduo30/install/popo/include/popo/popo
[2.938s] -- Up-to-date: /home/eggs/ros2/ros2_smartdriveduo30/install/popo/include/popo/popo/msg
[2.938s] -- Up-to-date: /home/eggs/ros2/ros2_smartdriveduo30/install/popo/include/popo/popo/msg/rosidl_typesupport_introspection_c__visibility_control.h
[2.938s] -- Up-to-date: /home/eggs/ros2/ros2_smartdriveduo30/install/popo/include/popo/popo/srv
[2.938s] -- Up-to-date: /home/eggs/ros2/ros2_smartdriveduo30/install/popo/include/popo/popo/srv/detail
[2.938s] -- Installing: /home/eggs/ros2/ros2_smartdriveduo30/install/popo/include/popo/popo/srv/detail/add_two_ints__type_support.c
[2.938s] -- Installing: /home/eggs/ros2/ros2_smartdriveduo30/install/popo/include/popo/popo/srv/detail/add_three_ints__rosidl_typesupport_introspection_c.h
[2.939s] -- Installing: /home/eggs/ros2/ros2_smartdriveduo30/install/popo/include/popo/popo/srv/detail/threevalue__type_support.c
[2.939s] -- Installing: /home/eggs/ros2/ros2_smartdriveduo30/install/popo/include/popo/popo/srv/detail/command__rosidl_typesupport_introspection_c.h
[2.939s] -- Installing: /home/eggs/ros2/ros2_smartdriveduo30/install/popo/include/popo/popo/srv/detail/command__type_support.c
[2.939s] -- Installing: /home/eggs/ros2/ros2_smartdriveduo30/install/popo/include/popo/popo/srv/detail/threevalue__rosidl_typesupport_introspection_c.h
[2.939s] -- Installing: /home/eggs/ros2/ros2_smartdriveduo30/install/popo/include/popo/popo/srv/detail/add_three_ints__type_support.c
[2.939s] -- Installing: /home/eggs/ros2/ros2_smartdriveduo30/install/popo/include/popo/popo/srv/detail/add_two_ints__rosidl_typesupport_introspection_c.h
[2.939s] -- Installing: /home/eggs/ros2/ros2_smartdriveduo30/install/popo/lib/libpopo__rosidl_typesupport_introspection_c.so
[2.939s] -- Set runtime path of "/home/eggs/ros2/ros2_smartdriveduo30/install/popo/lib/libpopo__rosidl_typesupport_introspection_c.so" to ""
[2.939s] -- Installing: /home/eggs/ros2/ros2_smartdriveduo30/install/popo/lib/libpopo__rosidl_typesupport_c.so
[2.939s] -- Set runtime path of "/home/eggs/ros2/ros2_smartdriveduo30/install/popo/lib/libpopo__rosidl_typesupport_c.so" to ""
[2.939s] -- Up-to-date: /home/eggs/ros2/ros2_smartdriveduo30/install/popo/include/popo/popo
[2.939s] -- Up-to-date: /home/eggs/ros2/ros2_smartdriveduo30/install/popo/include/popo/popo/srv
[2.939s] -- Installing: /home/eggs/ros2/ros2_smartdriveduo30/install/popo/include/popo/popo/srv/add_three_ints.hpp
[2.939s] -- Up-to-date: /home/eggs/ros2/ros2_smartdriveduo30/install/popo/include/popo/popo/srv/detail
[2.940s] -- Installing: /home/eggs/ros2/ros2_smartdriveduo30/install/popo/include/popo/popo/srv/detail/command__builder.hpp
[2.940s] -- Installing: /home/eggs/ros2/ros2_smartdriveduo30/install/popo/include/popo/popo/srv/detail/add_three_ints__traits.hpp
[2.940s] -- Installing: /home/eggs/ros2/ros2_smartdriveduo30/install/popo/include/popo/popo/srv/detail/add_two_ints__builder.hpp
[2.940s] -- Installing: /home/eggs/ros2/ros2_smartdriveduo30/install/popo/include/popo/popo/srv/detail/threevalue__struct.hpp
[2.940s] -- Installing: /home/eggs/ros2/ros2_smartdriveduo30/install/popo/include/popo/popo/srv/detail/command__traits.hpp
[2.940s] -- Installing: /home/eggs/ros2/ros2_smartdriveduo30/install/popo/include/popo/popo/srv/detail/add_three_ints__builder.hpp
[2.940s] -- Installing: /home/eggs/ros2/ros2_smartdriveduo30/install/popo/include/popo/popo/srv/detail/add_two_ints__traits.hpp
[2.940s] -- Installing: /home/eggs/ros2/ros2_smartdriveduo30/install/popo/include/popo/popo/srv/detail/command__struct.hpp
[2.940s] -- Installing: /home/eggs/ros2/ros2_smartdriveduo30/install/popo/include/popo/popo/srv/detail/threevalue__traits.hpp
[2.940s] -- Installing: /home/eggs/ros2/ros2_smartdriveduo30/install/popo/include/popo/popo/srv/detail/add_two_ints__struct.hpp
[2.940s] -- Installing: /home/eggs/ros2/ros2_smartdriveduo30/install/popo/include/popo/popo/srv/detail/add_three_ints__struct.hpp
[2.940s] -- Installing: /home/eggs/ros2/ros2_smartdriveduo30/install/popo/include/popo/popo/srv/detail/threevalue__builder.hpp
[2.941s] -- Installing: /home/eggs/ros2/ros2_smartdriveduo30/install/popo/include/popo/popo/srv/command.hpp
[2.941s] -- Installing: /home/eggs/ros2/ros2_smartdriveduo30/install/popo/include/popo/popo/srv/add_two_ints.hpp
[2.941s] -- Installing: /home/eggs/ros2/ros2_smartdriveduo30/install/popo/include/popo/popo/srv/threevalue.hpp
[2.941s] -- Up-to-date: /home/eggs/ros2/ros2_smartdriveduo30/install/popo/include/popo/popo
[2.941s] -- Up-to-date: /home/eggs/ros2/ros2_smartdriveduo30/install/popo/include/popo/popo/msg
[2.941s] -- Up-to-date: /home/eggs/ros2/ros2_smartdriveduo30/install/popo/include/popo/popo/msg/rosidl_typesupport_fastrtps_cpp__visibility_control.h
[2.941s] -- Up-to-date: /home/eggs/ros2/ros2_smartdriveduo30/install/popo/include/popo/popo/srv
[2.941s] -- Up-to-date: /home/eggs/ros2/ros2_smartdriveduo30/install/popo/include/popo/popo/srv/detail
[2.941s] -- Installing: /home/eggs/ros2/ros2_smartdriveduo30/install/popo/include/popo/popo/srv/detail/command__rosidl_typesupport_fastrtps_cpp.hpp
[2.941s] -- Installing: /home/eggs/ros2/ros2_smartdriveduo30/install/popo/include/popo/popo/srv/detail/add_three_ints__rosidl_typesupport_fastrtps_cpp.hpp
[2.941s] -- Installing: /home/eggs/ros2/ros2_smartdriveduo30/install/popo/include/popo/popo/srv/detail/threevalue__rosidl_typesupport_fastrtps_cpp.hpp
[2.942s] -- Up-to-date: /home/eggs/ros2/ros2_smartdriveduo30/install/popo/include/popo/popo/srv/detail/dds_fastrtps
[2.942s] -- Installing: /home/eggs/ros2/ros2_smartdriveduo30/install/popo/include/popo/popo/srv/detail/add_two_ints__rosidl_typesupport_fastrtps_cpp.hpp
[2.942s] -- Installing: /home/eggs/ros2/ros2_smartdriveduo30/install/popo/lib/libpopo__rosidl_typesupport_fastrtps_cpp.so
[2.942s] -- Set runtime path of "/home/eggs/ros2/ros2_smartdriveduo30/install/popo/lib/libpopo__rosidl_typesupport_fastrtps_cpp.so" to ""
[2.942s] -- Up-to-date: /home/eggs/ros2/ros2_smartdriveduo30/install/popo/include/popo/popo
[2.942s] -- Up-to-date: /home/eggs/ros2/ros2_smartdriveduo30/install/popo/include/popo/popo/srv
[2.942s] -- Up-to-date: /home/eggs/ros2/ros2_smartdriveduo30/install/popo/include/popo/popo/srv/detail
[2.942s] -- Installing: /home/eggs/ros2/ros2_smartdriveduo30/install/popo/include/popo/popo/srv/detail/threevalue__type_support.cpp
[2.942s] -- Installing: /home/eggs/ros2/ros2_smartdriveduo30/install/popo/include/popo/popo/srv/detail/threevalue__rosidl_typesupport_introspection_cpp.hpp
[2.942s] -- Installing: /home/eggs/ros2/ros2_smartdriveduo30/install/popo/include/popo/popo/srv/detail/command__type_support.cpp
[2.942s] -- Installing: /home/eggs/ros2/ros2_smartdriveduo30/install/popo/include/popo/popo/srv/detail/add_three_ints__rosidl_typesupport_introspection_cpp.hpp
[2.942s] -- Installing: /home/eggs/ros2/ros2_smartdriveduo30/install/popo/include/popo/popo/srv/detail/add_two_ints__type_support.cpp
[2.942s] -- Installing: /home/eggs/ros2/ros2_smartdriveduo30/install/popo/include/popo/popo/srv/detail/add_two_ints__rosidl_typesupport_introspection_cpp.hpp
[2.943s] -- Installing: /home/eggs/ros2/ros2_smartdriveduo30/install/popo/include/popo/popo/srv/detail/add_three_ints__type_support.cpp
[2.943s] -- Installing: /home/eggs/ros2/ros2_smartdriveduo30/install/popo/include/popo/popo/srv/detail/command__rosidl_typesupport_introspection_cpp.hpp
[2.943s] -- Installing: /home/eggs/ros2/ros2_smartdriveduo30/install/popo/lib/libpopo__rosidl_typesupport_introspection_cpp.so
[2.943s] -- Set runtime path of "/home/eggs/ros2/ros2_smartdriveduo30/install/popo/lib/libpopo__rosidl_typesupport_introspection_cpp.so" to ""
[2.943s] -- Installing: /home/eggs/ros2/ros2_smartdriveduo30/install/popo/lib/libpopo__rosidl_typesupport_cpp.so
[2.943s] -- Set runtime path of "/home/eggs/ros2/ros2_smartdriveduo30/install/popo/lib/libpopo__rosidl_typesupport_cpp.so" to ""
[2.943s] -- Up-to-date: /home/eggs/ros2/ros2_smartdriveduo30/install/popo/share/popo/environment/pythonpath.sh
[2.943s] -- Installing: /home/eggs/ros2/ros2_smartdriveduo30/install/popo/share/popo/environment/pythonpath.dsv
[2.943s] -- Up-to-date: /home/eggs/ros2/ros2_smartdriveduo30/install/popo/local/lib/python3.10/dist-packages/popo-0.0.0-py3.10.egg-info
[2.943s] -- Installing: /home/eggs/ros2/ros2_smartdriveduo30/install/popo/local/lib/python3.10/dist-packages/popo-0.0.0-py3.10.egg-info/PKG-INFO
[2.943s] -- Installing: /home/eggs/ros2/ros2_smartdriveduo30/install/popo/local/lib/python3.10/dist-packages/popo-0.0.0-py3.10.egg-info/dependency_links.txt
[2.943s] -- Installing: /home/eggs/ros2/ros2_smartdriveduo30/install/popo/local/lib/python3.10/dist-packages/popo-0.0.0-py3.10.egg-info/top_level.txt
[2.943s] -- Installing: /home/eggs/ros2/ros2_smartdriveduo30/install/popo/local/lib/python3.10/dist-packages/popo-0.0.0-py3.10.egg-info/SOURCES.txt
[2.943s] -- Up-to-date: /home/eggs/ros2/ros2_smartdriveduo30/install/popo/local/lib/python3.10/dist-packages/popo
[2.944s] -- Installing: /home/eggs/ros2/ros2_smartdriveduo30/install/popo/local/lib/python3.10/dist-packages/popo/libpopo__rosidl_generator_py.so
[2.944s] -- Installing: /home/eggs/ros2/ros2_smartdriveduo30/install/popo/local/lib/python3.10/dist-packages/popo/popo_s__rosidl_typesupport_c.cpython-310-aarch64-linux-gnu.so
[2.944s] -- Installing: /home/eggs/ros2/ros2_smartdriveduo30/install/popo/local/lib/python3.10/dist-packages/popo/_popo_s.ep.rosidl_typesupport_introspection_c.c
[2.944s] -- Installing: /home/eggs/ros2/ros2_smartdriveduo30/install/popo/local/lib/python3.10/dist-packages/popo/__init__.py
[2.944s] -- Installing: /home/eggs/ros2/ros2_smartdriveduo30/install/popo/local/lib/python3.10/dist-packages/popo/_popo_s.ep.rosidl_typesupport_c.c
[2.944s] -- Installing: /home/eggs/ros2/ros2_smartdriveduo30/install/popo/local/lib/python3.10/dist-packages/popo/popo_s__rosidl_typesupport_introspection_c.cpython-310-aarch64-linux-gnu.so
[2.944s] -- Installing: /home/eggs/ros2/ros2_smartdriveduo30/install/popo/local/lib/python3.10/dist-packages/popo/_popo_s.ep.rosidl_typesupport_fastrtps_c.c
[2.944s] -- Up-to-date: /home/eggs/ros2/ros2_smartdriveduo30/install/popo/local/lib/python3.10/dist-packages/popo/srv
[2.944s] -- Installing: /home/eggs/ros2/ros2_smartdriveduo30/install/popo/local/lib/python3.10/dist-packages/popo/srv/_command.py
[2.944s] -- Installing: /home/eggs/ros2/ros2_smartdriveduo30/install/popo/local/lib/python3.10/dist-packages/popo/srv/_command_s.c
[2.944s] -- Installing: /home/eggs/ros2/ros2_smartdriveduo30/install/popo/local/lib/python3.10/dist-packages/popo/srv/_threevalue_s.c
[2.944s] -- Installing: /home/eggs/ros2/ros2_smartdriveduo30/install/popo/local/lib/python3.10/dist-packages/popo/srv/__init__.py
[2.944s] -- Installing: /home/eggs/ros2/ros2_smartdriveduo30/install/popo/local/lib/python3.10/dist-packages/popo/srv/_add_three_ints_s.c
[2.944s] -- Installing: /home/eggs/ros2/ros2_smartdriveduo30/install/popo/local/lib/python3.10/dist-packages/popo/srv/_threevalue.py
[2.944s] -- Installing: /home/eggs/ros2/ros2_smartdriveduo30/install/popo/local/lib/python3.10/dist-packages/popo/srv/_add_three_ints.py
[2.944s] -- Installing: /home/eggs/ros2/ros2_smartdriveduo30/install/popo/local/lib/python3.10/dist-packages/popo/srv/_add_two_ints_s.c
[2.944s] -- Installing: /home/eggs/ros2/ros2_smartdriveduo30/install/popo/local/lib/python3.10/dist-packages/popo/srv/_add_two_ints.py
[2.944s] -- Installing: /home/eggs/ros2/ros2_smartdriveduo30/install/popo/local/lib/python3.10/dist-packages/popo/popo_s__rosidl_typesupport_fastrtps_c.cpython-310-aarch64-linux-gnu.so
[2.969s] Listing '/home/eggs/ros2/ros2_smartdriveduo30/install/popo/local/lib/python3.10/dist-packages/popo'...
[2.969s] Compiling '/home/eggs/ros2/ros2_smartdriveduo30/install/popo/local/lib/python3.10/dist-packages/popo/__init__.py'...
[2.969s] Listing '/home/eggs/ros2/ros2_smartdriveduo30/install/popo/local/lib/python3.10/dist-packages/popo/srv'...
[2.969s] Compiling '/home/eggs/ros2/ros2_smartdriveduo30/install/popo/local/lib/python3.10/dist-packages/popo/srv/__init__.py'...
[2.969s] Compiling '/home/eggs/ros2/ros2_smartdriveduo30/install/popo/local/lib/python3.10/dist-packages/popo/srv/_add_three_ints.py'...
[2.969s] Compiling '/home/eggs/ros2/ros2_smartdriveduo30/install/popo/local/lib/python3.10/dist-packages/popo/srv/_add_two_ints.py'...
[2.969s] Compiling '/home/eggs/ros2/ros2_smartdriveduo30/install/popo/local/lib/python3.10/dist-packages/popo/srv/_command.py'...
[2.969s] Compiling '/home/eggs/ros2/ros2_smartdriveduo30/install/popo/local/lib/python3.10/dist-packages/popo/srv/_threevalue.py'...
[2.972s] -- Installing: /home/eggs/ros2/ros2_smartdriveduo30/install/popo/local/lib/python3.10/dist-packages/popo/popo_s__rosidl_typesupport_fastrtps_c.cpython-310-aarch64-linux-gnu.so
[2.973s] -- Set runtime path of "/home/eggs/ros2/ros2_smartdriveduo30/install/popo/local/lib/python3.10/dist-packages/popo/popo_s__rosidl_typesupport_fastrtps_c.cpython-310-aarch64-linux-gnu.so" to ""
[2.973s] -- Installing: /home/eggs/ros2/ros2_smartdriveduo30/install/popo/local/lib/python3.10/dist-packages/popo/popo_s__rosidl_typesupport_introspection_c.cpython-310-aarch64-linux-gnu.so
[2.974s] -- Set runtime path of "/home/eggs/ros2/ros2_smartdriveduo30/install/popo/local/lib/python3.10/dist-packages/popo/popo_s__rosidl_typesupport_introspection_c.cpython-310-aarch64-linux-gnu.so" to ""
[2.974s] -- Installing: /home/eggs/ros2/ros2_smartdriveduo30/install/popo/local/lib/python3.10/dist-packages/popo/popo_s__rosidl_typesupport_c.cpython-310-aarch64-linux-gnu.so
[2.974s] -- Set runtime path of "/home/eggs/ros2/ros2_smartdriveduo30/install/popo/local/lib/python3.10/dist-packages/popo/popo_s__rosidl_typesupport_c.cpython-310-aarch64-linux-gnu.so" to ""
[2.974s] -- Installing: /home/eggs/ros2/ros2_smartdriveduo30/install/popo/lib/libpopo__rosidl_generator_py.so
[2.974s] -- Set runtime path of "/home/eggs/ros2/ros2_smartdriveduo30/install/popo/lib/libpopo__rosidl_generator_py.so" to ""
[2.974s] -- Up-to-date: /home/eggs/ros2/ros2_smartdriveduo30/install/popo/share/popo/srv/Command.idl
[2.974s] -- Up-to-date: /home/eggs/ros2/ros2_smartdriveduo30/install/popo/share/popo/srv/AddThreeInts.idl
[2.974s] -- Up-to-date: /home/eggs/ros2/ros2_smartdriveduo30/install/popo/share/popo/srv/Threevalue.idl
[2.974s] -- Installing: /home/eggs/ros2/ros2_smartdriveduo30/install/popo/share/popo/srv/AddTwoInts.idl
[2.974s] -- Up-to-date: /home/eggs/ros2/ros2_smartdriveduo30/install/popo/share/popo/srv/Command.srv
[2.974s] -- Up-to-date: /home/eggs/ros2/ros2_smartdriveduo30/install/popo/share/popo/srv/Command_Request.msg
[2.974s] -- Up-to-date: /home/eggs/ros2/ros2_smartdriveduo30/install/popo/share/popo/srv/Command_Response.msg
[2.974s] -- Up-to-date: /home/eggs/ros2/ros2_smartdriveduo30/install/popo/share/popo/srv/AddThreeInts.srv
[2.974s] -- Up-to-date: /home/eggs/ros2/ros2_smartdriveduo30/install/popo/share/popo/srv/AddThreeInts_Request.msg
[2.975s] -- Up-to-date: /home/eggs/ros2/ros2_smartdriveduo30/install/popo/share/popo/srv/AddThreeInts_Response.msg
[2.975s] -- Up-to-date: /home/eggs/ros2/ros2_smartdriveduo30/install/popo/share/popo/srv/Threevalue.srv
[2.975s] -- Up-to-date: /home/eggs/ros2/ros2_smartdriveduo30/install/popo/share/popo/srv/Threevalue_Request.msg
[2.975s] -- Up-to-date: /home/eggs/ros2/ros2_smartdriveduo30/install/popo/share/popo/srv/Threevalue_Response.msg
[2.975s] -- Installing: /home/eggs/ros2/ros2_smartdriveduo30/install/popo/share/popo/srv/AddTwoInts.srv
[2.975s] -- Installing: /home/eggs/ros2/ros2_smartdriveduo30/install/popo/share/popo/srv/AddTwoInts_Request.msg
[2.975s] -- Installing: /home/eggs/ros2/ros2_smartdriveduo30/install/popo/share/popo/srv/AddTwoInts_Response.msg
[2.975s] -- Up-to-date: /home/eggs/ros2/ros2_smartdriveduo30/install/popo/local/lib/python3.10/dist-packages/scripts-0.0.0-py3.10.egg-info
[2.975s] -- Installing: /home/eggs/ros2/ros2_smartdriveduo30/install/popo/local/lib/python3.10/dist-packages/scripts-0.0.0-py3.10.egg-info/PKG-INFO
[2.975s] -- Installing: /home/eggs/ros2/ros2_smartdriveduo30/install/popo/local/lib/python3.10/dist-packages/scripts-0.0.0-py3.10.egg-info/dependency_links.txt
[2.975s] -- Installing: /home/eggs/ros2/ros2_smartdriveduo30/install/popo/local/lib/python3.10/dist-packages/scripts-0.0.0-py3.10.egg-info/top_level.txt
[2.975s] -- Installing: /home/eggs/ros2/ros2_smartdriveduo30/install/popo/local/lib/python3.10/dist-packages/scripts-0.0.0-py3.10.egg-info/SOURCES.txt
[2.975s] -- Up-to-date: /home/eggs/ros2/ros2_smartdriveduo30/install/popo/local/lib/python3.10/dist-packages/scripts
[2.975s] -- Installing: /home/eggs/ros2/ros2_smartdriveduo30/install/popo/local/lib/python3.10/dist-packages/scripts/addthreeintclient.py
[2.975s] -- Installing: /home/eggs/ros2/ros2_smartdriveduo30/install/popo/local/lib/python3.10/dist-packages/scripts/client_member_function.py
[2.975s] -- Up-to-date: /home/eggs/ros2/ros2_smartdriveduo30/install/popo/local/lib/python3.10/dist-packages/scripts/driver_service_server.py
[2.975s] -- Up-to-date: /home/eggs/ros2/ros2_smartdriveduo30/install/popo/local/lib/python3.10/dist-packages/scripts/addthreeintservice.py
[2.975s] -- Up-to-date: /home/eggs/ros2/ros2_smartdriveduo30/install/popo/local/lib/python3.10/dist-packages/scripts/__init__.py
[2.976s] -- Up-to-date: /home/eggs/ros2/ros2_smartdriveduo30/install/popo/local/lib/python3.10/dist-packages/scripts/driver_service_client.py
[2.976s] -- Installing: /home/eggs/ros2/ros2_smartdriveduo30/install/popo/local/lib/python3.10/dist-packages/scripts/service_member_function.py
[2.995s] Listing '/home/eggs/ros2/ros2_smartdriveduo30/install/popo/local/lib/python3.10/dist-packages/scripts'...
[2.995s] Compiling '/home/eggs/ros2/ros2_smartdriveduo30/install/popo/local/lib/python3.10/dist-packages/scripts/addthreeintclient.py'...
[2.995s] Compiling '/home/eggs/ros2/ros2_smartdriveduo30/install/popo/local/lib/python3.10/dist-packages/scripts/client_member_function.py'...
[2.995s] Compiling '/home/eggs/ros2/ros2_smartdriveduo30/install/popo/local/lib/python3.10/dist-packages/scripts/service_member_function.py'...
[2.998s] -- Up-to-date: /home/eggs/ros2/ros2_smartdriveduo30/install/popo/lib/popo/driver_service_server.py
[2.998s] -- Up-to-date: /home/eggs/ros2/ros2_smartdriveduo30/install/popo/lib/popo/driver_service_client.py
[2.998s] -- Installing: /home/eggs/ros2/ros2_smartdriveduo30/install/popo/lib/popo/addthreeintclient.py
[2.998s] -- Up-to-date: /home/eggs/ros2/ros2_smartdriveduo30/install/popo/lib/popo/addthreeintservice.py
[2.998s] [31mCMake Error at cmake_install.cmake:439 (file):
[2.999s]   file INSTALL cannot find
[2.999s]   "/home/eggs/ros2/ros2_smartdriveduo30/src/popo/scripts/addthreeintint.py":
[2.999s]   No such file or directory.
[2.999s] 
[2.999s] [0m
[3.000s] Invoked command in '/home/eggs/ros2/ros2_smartdriveduo30/build/popo' returned '1': CMAKE_PREFIX_PATH=${CMAKE_PREFIX_PATH}:/opt/ros/humble /usr/bin/cmake --install /home/eggs/ros2/ros2_smartdriveduo30/build/popo
