-- The C compiler identification is GNU 11.3.0
-- The CXX compiler identification is GNU 11.3.0
-- Detecting C compiler ABI info
-- Detecting C compiler ABI info - done
-- Check for working C compiler: /usr/bin/cc - skipped
-- Detecting C compile features
-- Detecting C compile features - done
-- Detecting CXX compiler ABI info
-- Detecting CXX compiler ABI info - done
-- Check for working CXX compiler: /usr/bin/c++ - skipped
-- Detecting CXX compile features
-- Detecting CXX compile features - done
-- Found ament_cmake: 1.3.4 (/opt/ros/humble/share/ament_cmake/cmake)
-- Found Python3: /usr/bin/python3.10 (found version "3.10.6") found components: Interpreter 
-- Found rclpy: 3.3.8 (/opt/ros/humble/share/rclpy/cmake)
-- Found rosidl_default_generators: 1.2.0 (/opt/ros/humble/share/rosidl_default_generators/cmake)
-- Using all available rosidl_typesupport_c: rosidl_typesupport_fastrtps_c;rosidl_typesupport_introspection_c
-- Found rosidl_adapter: 3.1.4 (/opt/ros/humble/share/rosidl_adapter/cmake)
-- Using all available rosidl_typesupport_cpp: rosidl_typesupport_fastrtps_cpp;rosidl_typesupport_introspection_cpp
-- Found sensor_msgs: 4.2.3 (/opt/ros/humble/share/sensor_msgs/cmake)
-- Found ament_cmake_ros: 0.10.0 (/opt/ros/humble/share/ament_cmake_ros/cmake)
-- Using all available rosidl_typesupport_c: rosidl_typesupport_fastrtps_c;rosidl_typesupport_introspection_c
-- Using all available rosidl_typesupport_cpp: rosidl_typesupport_fastrtps_cpp;rosidl_typesupport_introspection_cpp
-- Found PythonInterp: /usr/bin/python3 (found suitable version "3.10.6", minimum required is "3.6") 
-- Found python_cmake_module: 0.10.0 (/opt/ros/humble/share/python_cmake_module/cmake)
-- Found PythonLibs: /usr/lib/aarch64-linux-gnu/libpython3.10.so (found suitable version "3.10.6", minimum required is "3.5") 
-- Using PYTHON_EXECUTABLE: /usr/bin/python3
-- Using PYTHON_INCLUDE_DIRS: /usr/include/python3.10
-- Using PYTHON_LIBRARIES: /usr/lib/aarch64-linux-gnu/libpython3.10.so
-- Found PythonExtra: .so  
-- Found ament_lint_auto: 0.12.6 (/opt/ros/humble/share/ament_lint_auto/cmake)
-- Added test 'flake8' to check Python code syntax and style conventions
-- Added test 'lint_cmake' to check CMake code style
-- Added test 'pep257' to check Python code against some of the docstring style conventions in PEP 257
-- Added test 'xmllint' to check XML markup files
-- Configuring done
-- Generating done
-- Build files have been written to: /home/eggs/ros2/ros2_smartdriveduo30/build/popo
[  2%] [34m[1mGenerating C code for ROS interfaces[0m
[  4%] [34m[1mGenerating C++ code for ROS interfaces[0m
[  4%] Built target ament_cmake_python_copy_popo
[  4%] Built target ament_cmake_python_copy_scripts
running egg_info
creating popo.egg-info
writing popo.egg-info/PKG-INFO
writing dependency_links to popo.egg-info/dependency_links.txt
writing top-level names to popo.egg-info/top_level.txt
writing manifest file 'popo.egg-info/SOURCES.txt'
running egg_info
creating scripts.egg-info
writing scripts.egg-info/PKG-INFO
writing dependency_links to scripts.egg-info/dependency_links.txt
reading manifest file 'popo.egg-info/SOURCES.txt'
writing top-level names to scripts.egg-info/top_level.txt
writing manifest file 'scripts.egg-info/SOURCES.txt'
writing manifest file 'popo.egg-info/SOURCES.txt'
reading manifest file 'scripts.egg-info/SOURCES.txt'
writing manifest file 'scripts.egg-info/SOURCES.txt'
[  4%] Built target ament_cmake_python_build_popo_egg
[  4%] Built target ament_cmake_python_build_scripts_egg
[  4%] Built target popo__cpp
[  8%] [32mBuilding C object CMakeFiles/popo__rosidl_generator_c.dir/rosidl_generator_c/popo/srv/detail/command__functions.c.o[0m
[  8%] [32mBuilding C object CMakeFiles/popo__rosidl_generator_c.dir/rosidl_generator_c/popo/srv/detail/add_three_ints__functions.c.o[0m
[ 10%] [32mBuilding C object CMakeFiles/popo__rosidl_generator_c.dir/rosidl_generator_c/popo/srv/detail/threevalue__functions.c.o[0m
[ 12%] [34m[1mGenerating C++ type support dispatch for ROS interfaces[0m
[ 14%] [34m[1mGenerating C++ type support for eProsima Fast-RTPS[0m
[ 17%] [34m[1mGenerating C++ introspection for ROS interfaces[0m
[ 19%] [32m[1mLinking C shared library libpopo__rosidl_generator_c.so[0m
[ 19%] Built target popo__rosidl_generator_c
[ 21%] [34m[1mGenerating C introspection for ROS interfaces[0m
[ 23%] [34m[1mGenerating C type support dispatch for ROS interfaces[0m
[ 25%] [34m[1mGenerating C type support for eProsima Fast-RTPS[0m
[ 27%] [32mBuilding CXX object CMakeFiles/popo__rosidl_typesupport_cpp.dir/rosidl_typesupport_cpp/popo/srv/add_three_ints__type_support.cpp.o[0m
[ 29%] [32mBuilding CXX object CMakeFiles/popo__rosidl_typesupport_cpp.dir/rosidl_typesupport_cpp/popo/srv/threevalue__type_support.cpp.o[0m
[ 31%] [32mBuilding CXX object CMakeFiles/popo__rosidl_typesupport_cpp.dir/rosidl_typesupport_cpp/popo/srv/command__type_support.cpp.o[0m
[ 34%] [32mBuilding CXX object CMakeFiles/popo__rosidl_typesupport_introspection_cpp.dir/rosidl_typesupport_introspection_cpp/popo/srv/detail/command__type_support.cpp.o[0m
[ 36%] [32mBuilding CXX object CMakeFiles/popo__rosidl_typesupport_fastrtps_cpp.dir/rosidl_typesupport_fastrtps_cpp/popo/srv/detail/dds_fastrtps/command__type_support.cpp.o[0m
[ 38%] [32mBuilding CXX object CMakeFiles/popo__rosidl_typesupport_c.dir/rosidl_typesupport_c/popo/srv/command__type_support.cpp.o[0m
[ 40%] [32mBuilding CXX object CMakeFiles/popo__rosidl_typesupport_c.dir/rosidl_typesupport_c/popo/srv/add_three_ints__type_support.cpp.o[0m
[ 42%] [32mBuilding CXX object CMakeFiles/popo__rosidl_typesupport_fastrtps_c.dir/rosidl_typesupport_fastrtps_c/popo/srv/detail/command__type_support_c.cpp.o[0m
[ 44%] [32mBuilding CXX object CMakeFiles/popo__rosidl_typesupport_fastrtps_cpp.dir/rosidl_typesupport_fastrtps_cpp/popo/srv/detail/dds_fastrtps/add_three_ints__type_support.cpp.o[0m
[ 46%] [32mBuilding C object CMakeFiles/popo__rosidl_typesupport_introspection_c.dir/rosidl_typesupport_introspection_c/popo/srv/detail/command__type_support.c.o[0m
[ 48%] [32mBuilding CXX object CMakeFiles/popo__rosidl_typesupport_c.dir/rosidl_typesupport_c/popo/srv/threevalue__type_support.cpp.o[0m
[ 51%] [32mBuilding CXX object CMakeFiles/popo__rosidl_typesupport_fastrtps_cpp.dir/rosidl_typesupport_fastrtps_cpp/popo/srv/detail/dds_fastrtps/threevalue__type_support.cpp.o[0m
[ 53%] [32m[1mLinking CXX shared library libpopo__rosidl_typesupport_cpp.so[0m
[ 55%] [32mBuilding C object CMakeFiles/popo__rosidl_typesupport_introspection_c.dir/rosidl_typesupport_introspection_c/popo/srv/detail/add_three_ints__type_support.c.o[0m
[ 57%] [32m[1mLinking CXX shared library libpopo__rosidl_typesupport_c.so[0m
[ 59%] [32mBuilding C object CMakeFiles/popo__rosidl_typesupport_introspection_c.dir/rosidl_typesupport_introspection_c/popo/srv/detail/threevalue__type_support.c.o[0m
[ 59%] Built target popo__rosidl_typesupport_cpp
[ 61%] [32mBuilding CXX object CMakeFiles/popo__rosidl_typesupport_fastrtps_c.dir/rosidl_typesupport_fastrtps_c/popo/srv/detail/add_three_ints__type_support_c.cpp.o[0m
[ 63%] [32m[1mLinking C shared library libpopo__rosidl_typesupport_introspection_c.so[0m
[ 63%] Built target popo__rosidl_typesupport_c
[ 65%] [32mBuilding CXX object CMakeFiles/popo__rosidl_typesupport_introspection_cpp.dir/rosidl_typesupport_introspection_cpp/popo/srv/detail/add_three_ints__type_support.cpp.o[0m
[ 68%] [32mBuilding CXX object CMakeFiles/popo__rosidl_typesupport_introspection_cpp.dir/rosidl_typesupport_introspection_cpp/popo/srv/detail/threevalue__type_support.cpp.o[0m
[ 68%] Built target popo__rosidl_typesupport_introspection_c
[ 70%] [32mBuilding CXX object CMakeFiles/popo__rosidl_typesupport_fastrtps_c.dir/rosidl_typesupport_fastrtps_c/popo/srv/detail/threevalue__type_support_c.cpp.o[0m
[ 72%] [32m[1mLinking CXX shared library libpopo__rosidl_typesupport_fastrtps_cpp.so[0m
[ 72%] Built target popo__rosidl_typesupport_fastrtps_cpp
[ 74%] [32m[1mLinking CXX shared library libpopo__rosidl_typesupport_fastrtps_c.so[0m
[ 76%] [32m[1mLinking CXX shared library libpopo__rosidl_typesupport_introspection_cpp.so[0m
[ 76%] Built target popo__rosidl_typesupport_fastrtps_c
[ 76%] Built target popo__rosidl_typesupport_introspection_cpp
[ 76%] Built target popo
[ 78%] [34m[1mGenerating Python code for ROS interfaces[0m
[ 78%] Built target popo__py
[ 80%] [32mBuilding C object CMakeFiles/popo__rosidl_generator_py.dir/rosidl_generator_py/popo/srv/_command_s.c.o[0m
[ 82%] [32mBuilding C object CMakeFiles/popo__rosidl_generator_py.dir/rosidl_generator_py/popo/srv/_add_three_ints_s.c.o[0m
[ 85%] [32mBuilding C object CMakeFiles/popo__rosidl_generator_py.dir/rosidl_generator_py/popo/srv/_threevalue_s.c.o[0m
[ 87%] [32m[1mLinking C shared library rosidl_generator_py/popo/libpopo__rosidl_generator_py.so[0m
[ 87%] Built target popo__rosidl_generator_py
[ 91%] [32mBuilding C object CMakeFiles/popo__rosidl_typesupport_fastrtps_c__pyext.dir/rosidl_generator_py/popo/_popo_s.ep.rosidl_typesupport_fastrtps_c.c.o[0m
[ 93%] [32mBuilding C object CMakeFiles/popo__rosidl_typesupport_c__pyext.dir/rosidl_generator_py/popo/_popo_s.ep.rosidl_typesupport_c.c.o[0m
[ 91%] [32mBuilding C object CMakeFiles/popo__rosidl_typesupport_introspection_c__pyext.dir/rosidl_generator_py/popo/_popo_s.ep.rosidl_typesupport_introspection_c.c.o[0m
[ 95%] [32m[1mLinking C shared library rosidl_generator_py/popo/popo_s__rosidl_typesupport_c.cpython-310-aarch64-linux-gnu.so[0m
[ 97%] [32m[1mLinking C shared library rosidl_generator_py/popo/popo_s__rosidl_typesupport_introspection_c.cpython-310-aarch64-linux-gnu.so[0m
[100%] [32m[1mLinking C shared library rosidl_generator_py/popo/popo_s__rosidl_typesupport_fastrtps_c.cpython-310-aarch64-linux-gnu.so[0m
[100%] Built target popo__rosidl_typesupport_introspection_c__pyext
[100%] Built target popo__rosidl_typesupport_c__pyext
[100%] Built target popo__rosidl_typesupport_fastrtps_c__pyext
-- Install configuration: ""
-- Installing: /home/eggs/ros2/ros2_smartdriveduo30/install/popo/share/ament_index/resource_index/rosidl_interfaces/popo
-- Installing: /home/eggs/ros2/ros2_smartdriveduo30/install/popo/include/popo/popo
-- Installing: /home/eggs/ros2/ros2_smartdriveduo30/install/popo/include/popo/popo/msg
-- Installing: /home/eggs/ros2/ros2_smartdriveduo30/install/popo/include/popo/popo/msg/rosidl_generator_c__visibility_control.h
-- Installing: /home/eggs/ros2/ros2_smartdriveduo30/install/popo/include/popo/popo/srv
-- Installing: /home/eggs/ros2/ros2_smartdriveduo30/install/popo/include/popo/popo/srv/detail
-- Installing: /home/eggs/ros2/ros2_smartdriveduo30/install/popo/include/popo/popo/srv/detail/command__functions.c
-- Installing: /home/eggs/ros2/ros2_smartdriveduo30/install/popo/include/popo/popo/srv/detail/threevalue__struct.h
-- Installing: /home/eggs/ros2/ros2_smartdriveduo30/install/popo/include/popo/popo/srv/detail/command__functions.h
-- Installing: /home/eggs/ros2/ros2_smartdriveduo30/install/popo/include/popo/popo/srv/detail/add_three_ints__type_support.h
-- Installing: /home/eggs/ros2/ros2_smartdriveduo30/install/popo/include/popo/popo/srv/detail/threevalue__functions.h
-- Installing: /home/eggs/ros2/ros2_smartdriveduo30/install/popo/include/popo/popo/srv/detail/command__struct.h
-- Installing: /home/eggs/ros2/ros2_smartdriveduo30/install/popo/include/popo/popo/srv/detail/command__type_support.h
-- Installing: /home/eggs/ros2/ros2_smartdriveduo30/install/popo/include/popo/popo/srv/detail/add_three_ints__functions.h
-- Installing: /home/eggs/ros2/ros2_smartdriveduo30/install/popo/include/popo/popo/srv/detail/threevalue__type_support.h
-- Installing: /home/eggs/ros2/ros2_smartdriveduo30/install/popo/include/popo/popo/srv/detail/threevalue__functions.c
-- Installing: /home/eggs/ros2/ros2_smartdriveduo30/install/popo/include/popo/popo/srv/detail/add_three_ints__struct.h
-- Installing: /home/eggs/ros2/ros2_smartdriveduo30/install/popo/include/popo/popo/srv/detail/add_three_ints__functions.c
-- Installing: /home/eggs/ros2/ros2_smartdriveduo30/install/popo/include/popo/popo/srv/add_three_ints.h
-- Installing: /home/eggs/ros2/ros2_smartdriveduo30/install/popo/include/popo/popo/srv/command.h
-- Installing: /home/eggs/ros2/ros2_smartdriveduo30/install/popo/include/popo/popo/srv/threevalue.h
-- Installing: /home/eggs/ros2/ros2_smartdriveduo30/install/popo/share/popo/environment/library_path.sh
-- Installing: /home/eggs/ros2/ros2_smartdriveduo30/install/popo/share/popo/environment/library_path.dsv
-- Installing: /home/eggs/ros2/ros2_smartdriveduo30/install/popo/lib/libpopo__rosidl_generator_c.so
-- Set runtime path of "/home/eggs/ros2/ros2_smartdriveduo30/install/popo/lib/libpopo__rosidl_generator_c.so" to ""
-- Up-to-date: /home/eggs/ros2/ros2_smartdriveduo30/install/popo/include/popo/popo
-- Up-to-date: /home/eggs/ros2/ros2_smartdriveduo30/install/popo/include/popo/popo/msg
-- Installing: /home/eggs/ros2/ros2_smartdriveduo30/install/popo/include/popo/popo/msg/rosidl_typesupport_fastrtps_c__visibility_control.h
-- Up-to-date: /home/eggs/ros2/ros2_smartdriveduo30/install/popo/include/popo/popo/srv
-- Up-to-date: /home/eggs/ros2/ros2_smartdriveduo30/install/popo/include/popo/popo/srv/detail
-- Installing: /home/eggs/ros2/ros2_smartdriveduo30/install/popo/include/popo/popo/srv/detail/threevalue__rosidl_typesupport_fastrtps_c.h
-- Installing: /home/eggs/ros2/ros2_smartdriveduo30/install/popo/include/popo/popo/srv/detail/add_three_ints__rosidl_typesupport_fastrtps_c.h
-- Installing: /home/eggs/ros2/ros2_smartdriveduo30/install/popo/include/popo/popo/srv/detail/command__rosidl_typesupport_fastrtps_c.h
-- Installing: /home/eggs/ros2/ros2_smartdriveduo30/install/popo/lib/libpopo__rosidl_typesupport_fastrtps_c.so
-- Set runtime path of "/home/eggs/ros2/ros2_smartdriveduo30/install/popo/lib/libpopo__rosidl_typesupport_fastrtps_c.so" to ""
-- Up-to-date: /home/eggs/ros2/ros2_smartdriveduo30/install/popo/include/popo/popo
-- Up-to-date: /home/eggs/ros2/ros2_smartdriveduo30/install/popo/include/popo/popo/msg
-- Installing: /home/eggs/ros2/ros2_smartdriveduo30/install/popo/include/popo/popo/msg/rosidl_typesupport_introspection_c__visibility_control.h
-- Up-to-date: /home/eggs/ros2/ros2_smartdriveduo30/install/popo/include/popo/popo/srv
-- Up-to-date: /home/eggs/ros2/ros2_smartdriveduo30/install/popo/include/popo/popo/srv/detail
-- Installing: /home/eggs/ros2/ros2_smartdriveduo30/install/popo/include/popo/popo/srv/detail/add_three_ints__rosidl_typesupport_introspection_c.h
-- Installing: /home/eggs/ros2/ros2_smartdriveduo30/install/popo/include/popo/popo/srv/detail/threevalue__type_support.c
-- Installing: /home/eggs/ros2/ros2_smartdriveduo30/install/popo/include/popo/popo/srv/detail/command__rosidl_typesupport_introspection_c.h
-- Installing: /home/eggs/ros2/ros2_smartdriveduo30/install/popo/include/popo/popo/srv/detail/command__type_support.c
-- Installing: /home/eggs/ros2/ros2_smartdriveduo30/install/popo/include/popo/popo/srv/detail/threevalue__rosidl_typesupport_introspection_c.h
-- Installing: /home/eggs/ros2/ros2_smartdriveduo30/install/popo/include/popo/popo/srv/detail/add_three_ints__type_support.c
-- Installing: /home/eggs/ros2/ros2_smartdriveduo30/install/popo/lib/libpopo__rosidl_typesupport_introspection_c.so
-- Set runtime path of "/home/eggs/ros2/ros2_smartdriveduo30/install/popo/lib/libpopo__rosidl_typesupport_introspection_c.so" to ""
-- Installing: /home/eggs/ros2/ros2_smartdriveduo30/install/popo/lib/libpopo__rosidl_typesupport_c.so
-- Set runtime path of "/home/eggs/ros2/ros2_smartdriveduo30/install/popo/lib/libpopo__rosidl_typesupport_c.so" to ""
-- Up-to-date: /home/eggs/ros2/ros2_smartdriveduo30/install/popo/include/popo/popo
-- Up-to-date: /home/eggs/ros2/ros2_smartdriveduo30/install/popo/include/popo/popo/srv
-- Installing: /home/eggs/ros2/ros2_smartdriveduo30/install/popo/include/popo/popo/srv/add_three_ints.hpp
-- Up-to-date: /home/eggs/ros2/ros2_smartdriveduo30/install/popo/include/popo/popo/srv/detail
-- Installing: /home/eggs/ros2/ros2_smartdriveduo30/install/popo/include/popo/popo/srv/detail/command__builder.hpp
-- Installing: /home/eggs/ros2/ros2_smartdriveduo30/install/popo/include/popo/popo/srv/detail/add_three_ints__traits.hpp
-- Installing: /home/eggs/ros2/ros2_smartdriveduo30/install/popo/include/popo/popo/srv/detail/threevalue__struct.hpp
-- Installing: /home/eggs/ros2/ros2_smartdriveduo30/install/popo/include/popo/popo/srv/detail/command__traits.hpp
-- Installing: /home/eggs/ros2/ros2_smartdriveduo30/install/popo/include/popo/popo/srv/detail/add_three_ints__builder.hpp
-- Installing: /home/eggs/ros2/ros2_smartdriveduo30/install/popo/include/popo/popo/srv/detail/command__struct.hpp
-- Installing: /home/eggs/ros2/ros2_smartdriveduo30/install/popo/include/popo/popo/srv/detail/threevalue__traits.hpp
-- Installing: /home/eggs/ros2/ros2_smartdriveduo30/install/popo/include/popo/popo/srv/detail/add_three_ints__struct.hpp
-- Installing: /home/eggs/ros2/ros2_smartdriveduo30/install/popo/include/popo/popo/srv/detail/threevalue__builder.hpp
-- Installing: /home/eggs/ros2/ros2_smartdriveduo30/install/popo/include/popo/popo/srv/command.hpp
-- Installing: /home/eggs/ros2/ros2_smartdriveduo30/install/popo/include/popo/popo/srv/threevalue.hpp
-- Up-to-date: /home/eggs/ros2/ros2_smartdriveduo30/install/popo/include/popo/popo
-- Up-to-date: /home/eggs/ros2/ros2_smartdriveduo30/install/popo/include/popo/popo/msg
-- Installing: /home/eggs/ros2/ros2_smartdriveduo30/install/popo/include/popo/popo/msg/rosidl_typesupport_fastrtps_cpp__visibility_control.h
-- Up-to-date: /home/eggs/ros2/ros2_smartdriveduo30/install/popo/include/popo/popo/srv
-- Up-to-date: /home/eggs/ros2/ros2_smartdriveduo30/install/popo/include/popo/popo/srv/detail
-- Installing: /home/eggs/ros2/ros2_smartdriveduo30/install/popo/include/popo/popo/srv/detail/command__rosidl_typesupport_fastrtps_cpp.hpp
-- Installing: /home/eggs/ros2/ros2_smartdriveduo30/install/popo/include/popo/popo/srv/detail/add_three_ints__rosidl_typesupport_fastrtps_cpp.hpp
-- Installing: /home/eggs/ros2/ros2_smartdriveduo30/install/popo/include/popo/popo/srv/detail/threevalue__rosidl_typesupport_fastrtps_cpp.hpp
-- Installing: /home/eggs/ros2/ros2_smartdriveduo30/install/popo/include/popo/popo/srv/detail/dds_fastrtps
-- Installing: /home/eggs/ros2/ros2_smartdriveduo30/install/popo/lib/libpopo__rosidl_typesupport_fastrtps_cpp.so
-- Set runtime path of "/home/eggs/ros2/ros2_smartdriveduo30/install/popo/lib/libpopo__rosidl_typesupport_fastrtps_cpp.so" to ""
-- Up-to-date: /home/eggs/ros2/ros2_smartdriveduo30/install/popo/include/popo/popo
-- Up-to-date: /home/eggs/ros2/ros2_smartdriveduo30/install/popo/include/popo/popo/srv
-- Up-to-date: /home/eggs/ros2/ros2_smartdriveduo30/install/popo/include/popo/popo/srv/detail
-- Installing: /home/eggs/ros2/ros2_smartdriveduo30/install/popo/include/popo/popo/srv/detail/threevalue__type_support.cpp
-- Installing: /home/eggs/ros2/ros2_smartdriveduo30/install/popo/include/popo/popo/srv/detail/threevalue__rosidl_typesupport_introspection_cpp.hpp
-- Installing: /home/eggs/ros2/ros2_smartdriveduo30/install/popo/include/popo/popo/srv/detail/command__type_support.cpp
-- Installing: /home/eggs/ros2/ros2_smartdriveduo30/install/popo/include/popo/popo/srv/detail/add_three_ints__rosidl_typesupport_introspection_cpp.hpp
-- Installing: /home/eggs/ros2/ros2_smartdriveduo30/install/popo/include/popo/popo/srv/detail/add_three_ints__type_support.cpp
-- Installing: /home/eggs/ros2/ros2_smartdriveduo30/install/popo/include/popo/popo/srv/detail/command__rosidl_typesupport_introspection_cpp.hpp
-- Installing: /home/eggs/ros2/ros2_smartdriveduo30/install/popo/lib/libpopo__rosidl_typesupport_introspection_cpp.so
-- Set runtime path of "/home/eggs/ros2/ros2_smartdriveduo30/install/popo/lib/libpopo__rosidl_typesupport_introspection_cpp.so" to ""
-- Installing: /home/eggs/ros2/ros2_smartdriveduo30/install/popo/lib/libpopo__rosidl_typesupport_cpp.so
-- Set runtime path of "/home/eggs/ros2/ros2_smartdriveduo30/install/popo/lib/libpopo__rosidl_typesupport_cpp.so" to ""
-- Installing: /home/eggs/ros2/ros2_smartdriveduo30/install/popo/share/popo/environment/pythonpath.sh
-- Installing: /home/eggs/ros2/ros2_smartdriveduo30/install/popo/share/popo/environment/pythonpath.dsv
-- Installing: /home/eggs/ros2/ros2_smartdriveduo30/install/popo/local/lib/python3.10/dist-packages/popo-0.0.0-py3.10.egg-info
-- Installing: /home/eggs/ros2/ros2_smartdriveduo30/install/popo/local/lib/python3.10/dist-packages/popo-0.0.0-py3.10.egg-info/PKG-INFO
-- Installing: /home/eggs/ros2/ros2_smartdriveduo30/install/popo/local/lib/python3.10/dist-packages/popo-0.0.0-py3.10.egg-info/dependency_links.txt
-- Installing: /home/eggs/ros2/ros2_smartdriveduo30/install/popo/local/lib/python3.10/dist-packages/popo-0.0.0-py3.10.egg-info/top_level.txt
-- Installing: /home/eggs/ros2/ros2_smartdriveduo30/install/popo/local/lib/python3.10/dist-packages/popo-0.0.0-py3.10.egg-info/SOURCES.txt
-- Installing: /home/eggs/ros2/ros2_smartdriveduo30/install/popo/local/lib/python3.10/dist-packages/popo
-- Installing: /home/eggs/ros2/ros2_smartdriveduo30/install/popo/local/lib/python3.10/dist-packages/popo/libpopo__rosidl_generator_py.so
-- Installing: /home/eggs/ros2/ros2_smartdriveduo30/install/popo/local/lib/python3.10/dist-packages/popo/popo_s__rosidl_typesupport_c.cpython-310-aarch64-linux-gnu.so
-- Installing: /home/eggs/ros2/ros2_smartdriveduo30/install/popo/local/lib/python3.10/dist-packages/popo/_popo_s.ep.rosidl_typesupport_introspection_c.c
-- Installing: /home/eggs/ros2/ros2_smartdriveduo30/install/popo/local/lib/python3.10/dist-packages/popo/__init__.py
-- Installing: /home/eggs/ros2/ros2_smartdriveduo30/install/popo/local/lib/python3.10/dist-packages/popo/_popo_s.ep.rosidl_typesupport_c.c
-- Installing: /home/eggs/ros2/ros2_smartdriveduo30/install/popo/local/lib/python3.10/dist-packages/popo/popo_s__rosidl_typesupport_introspection_c.cpython-310-aarch64-linux-gnu.so
-- Installing: /home/eggs/ros2/ros2_smartdriveduo30/install/popo/local/lib/python3.10/dist-packages/popo/_popo_s.ep.rosidl_typesupport_fastrtps_c.c
-- Installing: /home/eggs/ros2/ros2_smartdriveduo30/install/popo/local/lib/python3.10/dist-packages/popo/srv
-- Installing: /home/eggs/ros2/ros2_smartdriveduo30/install/popo/local/lib/python3.10/dist-packages/popo/srv/_command.py
-- Installing: /home/eggs/ros2/ros2_smartdriveduo30/install/popo/local/lib/python3.10/dist-packages/popo/srv/_command_s.c
-- Installing: /home/eggs/ros2/ros2_smartdriveduo30/install/popo/local/lib/python3.10/dist-packages/popo/srv/_threevalue_s.c
-- Installing: /home/eggs/ros2/ros2_smartdriveduo30/install/popo/local/lib/python3.10/dist-packages/popo/srv/__init__.py
-- Installing: /home/eggs/ros2/ros2_smartdriveduo30/install/popo/local/lib/python3.10/dist-packages/popo/srv/_add_three_ints_s.c
-- Installing: /home/eggs/ros2/ros2_smartdriveduo30/install/popo/local/lib/python3.10/dist-packages/popo/srv/_threevalue.py
-- Installing: /home/eggs/ros2/ros2_smartdriveduo30/install/popo/local/lib/python3.10/dist-packages/popo/srv/_add_three_ints.py
-- Installing: /home/eggs/ros2/ros2_smartdriveduo30/install/popo/local/lib/python3.10/dist-packages/popo/popo_s__rosidl_typesupport_fastrtps_c.cpython-310-aarch64-linux-gnu.so
Listing '/home/eggs/ros2/ros2_smartdriveduo30/install/popo/local/lib/python3.10/dist-packages/popo'...
Compiling '/home/eggs/ros2/ros2_smartdriveduo30/install/popo/local/lib/python3.10/dist-packages/popo/__init__.py'...
Listing '/home/eggs/ros2/ros2_smartdriveduo30/install/popo/local/lib/python3.10/dist-packages/popo/srv'...
Compiling '/home/eggs/ros2/ros2_smartdriveduo30/install/popo/local/lib/python3.10/dist-packages/popo/srv/__init__.py'...
Compiling '/home/eggs/ros2/ros2_smartdriveduo30/install/popo/local/lib/python3.10/dist-packages/popo/srv/_add_three_ints.py'...
Compiling '/home/eggs/ros2/ros2_smartdriveduo30/install/popo/local/lib/python3.10/dist-packages/popo/srv/_command.py'...
Compiling '/home/eggs/ros2/ros2_smartdriveduo30/install/popo/local/lib/python3.10/dist-packages/popo/srv/_threevalue.py'...
-- Installing: /home/eggs/ros2/ros2_smartdriveduo30/install/popo/local/lib/python3.10/dist-packages/popo/popo_s__rosidl_typesupport_fastrtps_c.cpython-310-aarch64-linux-gnu.so
-- Set runtime path of "/home/eggs/ros2/ros2_smartdriveduo30/install/popo/local/lib/python3.10/dist-packages/popo/popo_s__rosidl_typesupport_fastrtps_c.cpython-310-aarch64-linux-gnu.so" to ""
-- Installing: /home/eggs/ros2/ros2_smartdriveduo30/install/popo/local/lib/python3.10/dist-packages/popo/popo_s__rosidl_typesupport_introspection_c.cpython-310-aarch64-linux-gnu.so
-- Set runtime path of "/home/eggs/ros2/ros2_smartdriveduo30/install/popo/local/lib/python3.10/dist-packages/popo/popo_s__rosidl_typesupport_introspection_c.cpython-310-aarch64-linux-gnu.so" to ""
-- Installing: /home/eggs/ros2/ros2_smartdriveduo30/install/popo/local/lib/python3.10/dist-packages/popo/popo_s__rosidl_typesupport_c.cpython-310-aarch64-linux-gnu.so
-- Set runtime path of "/home/eggs/ros2/ros2_smartdriveduo30/install/popo/local/lib/python3.10/dist-packages/popo/popo_s__rosidl_typesupport_c.cpython-310-aarch64-linux-gnu.so" to ""
-- Installing: /home/eggs/ros2/ros2_smartdriveduo30/install/popo/lib/libpopo__rosidl_generator_py.so
-- Set runtime path of "/home/eggs/ros2/ros2_smartdriveduo30/install/popo/lib/libpopo__rosidl_generator_py.so" to ""
-- Installing: /home/eggs/ros2/ros2_smartdriveduo30/install/popo/share/popo/srv/Command.idl
-- Installing: /home/eggs/ros2/ros2_smartdriveduo30/install/popo/share/popo/srv/AddThreeInts.idl
-- Installing: /home/eggs/ros2/ros2_smartdriveduo30/install/popo/share/popo/srv/Threevalue.idl
-- Installing: /home/eggs/ros2/ros2_smartdriveduo30/install/popo/share/popo/srv/Command.srv
-- Installing: /home/eggs/ros2/ros2_smartdriveduo30/install/popo/share/popo/srv/Command_Request.msg
-- Installing: /home/eggs/ros2/ros2_smartdriveduo30/install/popo/share/popo/srv/Command_Response.msg
-- Installing: /home/eggs/ros2/ros2_smartdriveduo30/install/popo/share/popo/srv/AddThreeInts.srv
-- Installing: /home/eggs/ros2/ros2_smartdriveduo30/install/popo/share/popo/srv/AddThreeInts_Request.msg
-- Installing: /home/eggs/ros2/ros2_smartdriveduo30/install/popo/share/popo/srv/AddThreeInts_Response.msg
-- Installing: /home/eggs/ros2/ros2_smartdriveduo30/install/popo/share/popo/srv/Threevalue.srv
-- Installing: /home/eggs/ros2/ros2_smartdriveduo30/install/popo/share/popo/srv/Threevalue_Request.msg
-- Installing: /home/eggs/ros2/ros2_smartdriveduo30/install/popo/share/popo/srv/Threevalue_Response.msg
-- Installing: /home/eggs/ros2/ros2_smartdriveduo30/install/popo/local/lib/python3.10/dist-packages/scripts-0.0.0-py3.10.egg-info
-- Installing: /home/eggs/ros2/ros2_smartdriveduo30/install/popo/local/lib/python3.10/dist-packages/scripts-0.0.0-py3.10.egg-info/PKG-INFO
-- Installing: /home/eggs/ros2/ros2_smartdriveduo30/install/popo/local/lib/python3.10/dist-packages/scripts-0.0.0-py3.10.egg-info/dependency_links.txt
-- Installing: /home/eggs/ros2/ros2_smartdriveduo30/install/popo/local/lib/python3.10/dist-packages/scripts-0.0.0-py3.10.egg-info/top_level.txt
-- Installing: /home/eggs/ros2/ros2_smartdriveduo30/install/popo/local/lib/python3.10/dist-packages/scripts-0.0.0-py3.10.egg-info/SOURCES.txt
-- Installing: /home/eggs/ros2/ros2_smartdriveduo30/install/popo/local/lib/python3.10/dist-packages/scripts
-- Installing: /home/eggs/ros2/ros2_smartdriveduo30/install/popo/local/lib/python3.10/dist-packages/scripts/addthreeintclient.py
-- Installing: /home/eggs/ros2/ros2_smartdriveduo30/install/popo/local/lib/python3.10/dist-packages/scripts/driver_service_server.py
-- Installing: /home/eggs/ros2/ros2_smartdriveduo30/install/popo/local/lib/python3.10/dist-packages/scripts/addthreeintservice.py
-- Installing: /home/eggs/ros2/ros2_smartdriveduo30/install/popo/local/lib/python3.10/dist-packages/scripts/__init__.py
-- Installing: /home/eggs/ros2/ros2_smartdriveduo30/install/popo/local/lib/python3.10/dist-packages/scripts/driver_service_client.py
-- Installing: /home/eggs/ros2/ros2_smartdriveduo30/install/popo/local/lib/python3.10/dist-packages/scripts/addthreeintint.py
Listing '/home/eggs/ros2/ros2_smartdriveduo30/install/popo/local/lib/python3.10/dist-packages/scripts'...
Compiling '/home/eggs/ros2/ros2_smartdriveduo30/install/popo/local/lib/python3.10/dist-packages/scripts/__init__.py'...
Compiling '/home/eggs/ros2/ros2_smartdriveduo30/install/popo/local/lib/python3.10/dist-packages/scripts/addthreeintclient.py'...
Compiling '/home/eggs/ros2/ros2_smartdriveduo30/install/popo/local/lib/python3.10/dist-packages/scripts/addthreeintint.py'...
Compiling '/home/eggs/ros2/ros2_smartdriveduo30/install/popo/local/lib/python3.10/dist-packages/scripts/addthreeintservice.py'...
Compiling '/home/eggs/ros2/ros2_smartdriveduo30/install/popo/local/lib/python3.10/dist-packages/scripts/driver_service_client.py'...
Compiling '/home/eggs/ros2/ros2_smartdriveduo30/install/popo/local/lib/python3.10/dist-packages/scripts/driver_service_server.py'...
-- Installing: /home/eggs/ros2/ros2_smartdriveduo30/install/popo/lib/popo/driver_service_server.py
-- Installing: /home/eggs/ros2/ros2_smartdriveduo30/install/popo/lib/popo/driver_service_client.py
-- Installing: /home/eggs/ros2/ros2_smartdriveduo30/install/popo/lib/popo/addthreeintclient.py
-- Installing: /home/eggs/ros2/ros2_smartdriveduo30/install/popo/lib/popo/addthreeintservice.py
-- Installing: /home/eggs/ros2/ros2_smartdriveduo30/install/popo/lib/popo/addthreeintint.py
-- Installing: /home/eggs/ros2/ros2_smartdriveduo30/install/popo/share/popo/launch
-- Installing: /home/eggs/ros2/ros2_smartdriveduo30/install/popo/share/ament_index/resource_index/package_run_dependencies/popo
-- Installing: /home/eggs/ros2/ros2_smartdriveduo30/install/popo/share/ament_index/resource_index/parent_prefix_path/popo
-- Installing: /home/eggs/ros2/ros2_smartdriveduo30/install/popo/share/popo/environment/ament_prefix_path.sh
-- Installing: /home/eggs/ros2/ros2_smartdriveduo30/install/popo/share/popo/environment/ament_prefix_path.dsv
-- Installing: /home/eggs/ros2/ros2_smartdriveduo30/install/popo/share/popo/environment/path.sh
-- Installing: /home/eggs/ros2/ros2_smartdriveduo30/install/popo/share/popo/environment/path.dsv
-- Installing: /home/eggs/ros2/ros2_smartdriveduo30/install/popo/share/popo/local_setup.bash
-- Installing: /home/eggs/ros2/ros2_smartdriveduo30/install/popo/share/popo/local_setup.sh
-- Installing: /home/eggs/ros2/ros2_smartdriveduo30/install/popo/share/popo/local_setup.zsh
-- Installing: /home/eggs/ros2/ros2_smartdriveduo30/install/popo/share/popo/local_setup.dsv
-- Installing: /home/eggs/ros2/ros2_smartdriveduo30/install/popo/share/popo/package.dsv
-- Installing: /home/eggs/ros2/ros2_smartdriveduo30/install/popo/share/ament_index/resource_index/packages/popo
-- Installing: /home/eggs/ros2/ros2_smartdriveduo30/install/popo/share/popo/cmake/export_popo__rosidl_generator_cExport.cmake
-- Installing: /home/eggs/ros2/ros2_smartdriveduo30/install/popo/share/popo/cmake/export_popo__rosidl_generator_cExport-noconfig.cmake
-- Installing: /home/eggs/ros2/ros2_smartdriveduo30/install/popo/share/popo/cmake/export_popo__rosidl_typesupport_fastrtps_cExport.cmake
-- Installing: /home/eggs/ros2/ros2_smartdriveduo30/install/popo/share/popo/cmake/export_popo__rosidl_typesupport_fastrtps_cExport-noconfig.cmake
-- Installing: /home/eggs/ros2/ros2_smartdriveduo30/install/popo/share/popo/cmake/popo__rosidl_typesupport_introspection_cExport.cmake
-- Installing: /home/eggs/ros2/ros2_smartdriveduo30/install/popo/share/popo/cmake/popo__rosidl_typesupport_introspection_cExport-noconfig.cmake
-- Installing: /home/eggs/ros2/ros2_smartdriveduo30/install/popo/share/popo/cmake/popo__rosidl_typesupport_cExport.cmake
-- Installing: /home/eggs/ros2/ros2_smartdriveduo30/install/popo/share/popo/cmake/popo__rosidl_typesupport_cExport-noconfig.cmake
-- Installing: /home/eggs/ros2/ros2_smartdriveduo30/install/popo/share/popo/cmake/export_popo__rosidl_generator_cppExport.cmake
-- Installing: /home/eggs/ros2/ros2_smartdriveduo30/install/popo/share/popo/cmake/export_popo__rosidl_typesupport_fastrtps_cppExport.cmake
-- Installing: /home/eggs/ros2/ros2_smartdriveduo30/install/popo/share/popo/cmake/export_popo__rosidl_typesupport_fastrtps_cppExport-noconfig.cmake
-- Installing: /home/eggs/ros2/ros2_smartdriveduo30/install/popo/share/popo/cmake/popo__rosidl_typesupport_introspection_cppExport.cmake
-- Installing: /home/eggs/ros2/ros2_smartdriveduo30/install/popo/share/popo/cmake/popo__rosidl_typesupport_introspection_cppExport-noconfig.cmake
-- Installing: /home/eggs/ros2/ros2_smartdriveduo30/install/popo/share/popo/cmake/popo__rosidl_typesupport_cppExport.cmake
-- Installing: /home/eggs/ros2/ros2_smartdriveduo30/install/popo/share/popo/cmake/popo__rosidl_typesupport_cppExport-noconfig.cmake
-- Installing: /home/eggs/ros2/ros2_smartdriveduo30/install/popo/share/popo/cmake/export_popo__rosidl_generator_pyExport.cmake
-- Installing: /home/eggs/ros2/ros2_smartdriveduo30/install/popo/share/popo/cmake/export_popo__rosidl_generator_pyExport-noconfig.cmake
-- Installing: /home/eggs/ros2/ros2_smartdriveduo30/install/popo/share/popo/cmake/rosidl_cmake-extras.cmake
-- Installing: /home/eggs/ros2/ros2_smartdriveduo30/install/popo/share/popo/cmake/ament_cmake_export_include_directories-extras.cmake
-- Installing: /home/eggs/ros2/ros2_smartdriveduo30/install/popo/share/popo/cmake/ament_cmake_export_libraries-extras.cmake
-- Installing: /home/eggs/ros2/ros2_smartdriveduo30/install/popo/share/popo/cmake/ament_cmake_export_targets-extras.cmake
-- Installing: /home/eggs/ros2/ros2_smartdriveduo30/install/popo/share/popo/cmake/rosidl_cmake_export_typesupport_targets-extras.cmake
-- Installing: /home/eggs/ros2/ros2_smartdriveduo30/install/popo/share/popo/cmake/ament_cmake_export_dependencies-extras.cmake
-- Installing: /home/eggs/ros2/ros2_smartdriveduo30/install/popo/share/popo/cmake/rosidl_cmake_export_typesupport_libraries-extras.cmake
-- Installing: /home/eggs/ros2/ros2_smartdriveduo30/install/popo/share/popo/cmake/popoConfig.cmake
-- Installing: /home/eggs/ros2/ros2_smartdriveduo30/install/popo/share/popo/cmake/popoConfig-version.cmake
-- Installing: /home/eggs/ros2/ros2_smartdriveduo30/install/popo/share/popo/package.xml
