[0.011s] Invoking command in '/home/eggs/ros2/ros2_smartdriveduo30/build/popo': CMAKE_PREFIX_PATH=${CMAKE_PREFIX_PATH}:/opt/ros/humble /usr/bin/cmake --build /home/eggs/ros2/ros2_smartdriveduo30/build/popo -- -j8 -l8
[0.061s] [  1%] Built target popo__cpp
[0.062s] [ 12%] Built target popo__rosidl_generator_c
[0.070s] [ 12%] Built target ament_cmake_python_copy_scripts
[0.071s] [ 12%] Built target ament_cmake_python_copy_popo
[0.086s] [ 23%] Built target popo__rosidl_typesupport_cpp
[0.087s] [ 34%] Built target popo__rosidl_typesupport_introspection_cpp
[0.087s] [ 49%] Built target popo__rosidl_typesupport_introspection_c
[0.088s] [ 60%] Built target popo__rosidl_typesupport_fastrtps_c
[0.088s] [ 71%] Built target popo__rosidl_typesupport_c
[0.088s] [ 79%] Built target popo__rosidl_typesupport_fastrtps_cpp
[0.109s] [ 79%] Built target popo
[0.129s] [ 80%] Built target popo__py
[0.152s] [ 90%] Built target popo__rosidl_generator_py
[0.174s] [ 93%] Built target popo__rosidl_typesupport_c__pyext
[0.174s] [ 96%] Built target popo__rosidl_typesupport_introspection_c__pyext
[0.175s] [100%] Built target popo__rosidl_typesupport_fastrtps_c__pyext
[0.251s] running egg_info
[0.252s] writing scripts.egg-info/PKG-INFO
[0.252s] writing dependency_links to scripts.egg-info/dependency_links.txt
[0.252s] running egg_info
[0.252s] writing top-level names to scripts.egg-info/top_level.txt
[0.253s] writing popo.egg-info/PKG-INFO
[0.253s] writing dependency_links to popo.egg-info/dependency_links.txt
[0.253s] writing top-level names to popo.egg-info/top_level.txt
[0.254s] reading manifest file 'scripts.egg-info/SOURCES.txt'
[0.254s] writing manifest file 'scripts.egg-info/SOURCES.txt'
[0.255s] reading manifest file 'popo.egg-info/SOURCES.txt'
[0.255s] writing manifest file 'popo.egg-info/SOURCES.txt'
[0.275s] [100%] Built target ament_cmake_python_build_scripts_egg
[0.275s] [100%] Built target ament_cmake_python_build_popo_egg
[0.287s] Invoked command in '/home/eggs/ros2/ros2_smartdriveduo30/build/popo' returned '0': CMAKE_PREFIX_PATH=${CMAKE_PREFIX_PATH}:/opt/ros/humble /usr/bin/cmake --build /home/eggs/ros2/ros2_smartdriveduo30/build/popo -- -j8 -l8
[0.435s] Invoking command in '/home/eggs/ros2/ros2_smartdriveduo30/build/popo': CMAKE_PREFIX_PATH=${CMAKE_PREFIX_PATH}:/opt/ros/humble /usr/bin/cmake --install /home/eggs/ros2/ros2_smartdriveduo30/build/popo
[0.441s] -- Install configuration: ""
[0.441s] -- Up-to-date: /home/eggs/ros2/ros2_smartdriveduo30/install/popo/share/ament_index/resource_index/rosidl_interfaces/popo
[0.441s] -- Up-to-date: /home/eggs/ros2/ros2_smartdriveduo30/install/popo/include/popo/popo
[0.441s] -- Up-to-date: /home/eggs/ros2/ros2_smartdriveduo30/install/popo/include/popo/popo/msg
[0.442s] -- Up-to-date: /home/eggs/ros2/ros2_smartdriveduo30/install/popo/include/popo/popo/msg/rosidl_generator_c__visibility_control.h
[0.442s] -- Up-to-date: /home/eggs/ros2/ros2_smartdriveduo30/install/popo/include/popo/popo/srv
[0.442s] -- Up-to-date: /home/eggs/ros2/ros2_smartdriveduo30/install/popo/include/popo/popo/srv/add_two_ints.h
[0.442s] -- Up-to-date: /home/eggs/ros2/ros2_smartdriveduo30/install/popo/include/popo/popo/srv/detail
[0.442s] -- Up-to-date: /home/eggs/ros2/ros2_smartdriveduo30/install/popo/include/popo/popo/srv/detail/command__functions.c
[0.442s] -- Up-to-date: /home/eggs/ros2/ros2_smartdriveduo30/install/popo/include/popo/popo/srv/detail/add_two_ints__struct.h
[0.442s] -- Up-to-date: /home/eggs/ros2/ros2_smartdriveduo30/install/popo/include/popo/popo/srv/detail/test_three__functions.h
[0.442s] -- Up-to-date: /home/eggs/ros2/ros2_smartdriveduo30/install/popo/include/popo/popo/srv/detail/test_three__type_support.h
[0.442s] -- Up-to-date: /home/eggs/ros2/ros2_smartdriveduo30/install/popo/include/popo/popo/srv/detail/add_two_ints__functions.c
[0.442s] -- Up-to-date: /home/eggs/ros2/ros2_smartdriveduo30/install/popo/include/popo/popo/srv/detail/threevalue__struct.h
[0.442s] -- Up-to-date: /home/eggs/ros2/ros2_smartdriveduo30/install/popo/include/popo/popo/srv/detail/add_two_ints__functions.h
[0.442s] -- Up-to-date: /home/eggs/ros2/ros2_smartdriveduo30/install/popo/include/popo/popo/srv/detail/command__functions.h
[0.443s] -- Up-to-date: /home/eggs/ros2/ros2_smartdriveduo30/install/popo/include/popo/popo/srv/detail/add_three_ints__type_support.h
[0.443s] -- Up-to-date: /home/eggs/ros2/ros2_smartdriveduo30/install/popo/include/popo/popo/srv/detail/test_three__functions.c
[0.443s] -- Up-to-date: /home/eggs/ros2/ros2_smartdriveduo30/install/popo/include/popo/popo/srv/detail/threevalue__functions.h
[0.443s] -- Up-to-date: /home/eggs/ros2/ros2_smartdriveduo30/install/popo/include/popo/popo/srv/detail/command__struct.h
[0.443s] -- Up-to-date: /home/eggs/ros2/ros2_smartdriveduo30/install/popo/include/popo/popo/srv/detail/command__type_support.h
[0.443s] -- Up-to-date: /home/eggs/ros2/ros2_smartdriveduo30/install/popo/include/popo/popo/srv/detail/add_three_ints__functions.h
[0.443s] -- Up-to-date: /home/eggs/ros2/ros2_smartdriveduo30/install/popo/include/popo/popo/srv/detail/threevalue__type_support.h
[0.443s] -- Up-to-date: /home/eggs/ros2/ros2_smartdriveduo30/install/popo/include/popo/popo/srv/detail/test_three__struct.h
[0.443s] -- Up-to-date: /home/eggs/ros2/ros2_smartdriveduo30/install/popo/include/popo/popo/srv/detail/threevalue__functions.c
[0.444s] -- Up-to-date: /home/eggs/ros2/ros2_smartdriveduo30/install/popo/include/popo/popo/srv/detail/add_two_ints__type_support.h
[0.444s] -- Up-to-date: /home/eggs/ros2/ros2_smartdriveduo30/install/popo/include/popo/popo/srv/detail/add_three_ints__struct.h
[0.444s] -- Up-to-date: /home/eggs/ros2/ros2_smartdriveduo30/install/popo/include/popo/popo/srv/detail/add_three_ints__functions.c
[0.444s] -- Up-to-date: /home/eggs/ros2/ros2_smartdriveduo30/install/popo/include/popo/popo/srv/test_three.h
[0.444s] -- Up-to-date: /home/eggs/ros2/ros2_smartdriveduo30/install/popo/include/popo/popo/srv/add_three_ints.h
[0.444s] -- Up-to-date: /home/eggs/ros2/ros2_smartdriveduo30/install/popo/include/popo/popo/srv/command.h
[0.444s] -- Up-to-date: /home/eggs/ros2/ros2_smartdriveduo30/install/popo/include/popo/popo/srv/threevalue.h
[0.444s] -- Up-to-date: /home/eggs/ros2/ros2_smartdriveduo30/install/popo/share/popo/environment/library_path.sh
[0.444s] -- Up-to-date: /home/eggs/ros2/ros2_smartdriveduo30/install/popo/share/popo/environment/library_path.dsv
[0.444s] -- Up-to-date: /home/eggs/ros2/ros2_smartdriveduo30/install/popo/lib/libpopo__rosidl_generator_c.so
[0.444s] -- Up-to-date: /home/eggs/ros2/ros2_smartdriveduo30/install/popo/include/popo/popo
[0.444s] -- Up-to-date: /home/eggs/ros2/ros2_smartdriveduo30/install/popo/include/popo/popo/msg
[0.444s] -- Up-to-date: /home/eggs/ros2/ros2_smartdriveduo30/install/popo/include/popo/popo/msg/rosidl_typesupport_fastrtps_c__visibility_control.h
[0.444s] -- Up-to-date: /home/eggs/ros2/ros2_smartdriveduo30/install/popo/include/popo/popo/srv
[0.444s] -- Up-to-date: /home/eggs/ros2/ros2_smartdriveduo30/install/popo/include/popo/popo/srv/detail
[0.445s] -- Up-to-date: /home/eggs/ros2/ros2_smartdriveduo30/install/popo/include/popo/popo/srv/detail/threevalue__rosidl_typesupport_fastrtps_c.h
[0.445s] -- Up-to-date: /home/eggs/ros2/ros2_smartdriveduo30/install/popo/include/popo/popo/srv/detail/add_three_ints__rosidl_typesupport_fastrtps_c.h
[0.445s] -- Up-to-date: /home/eggs/ros2/ros2_smartdriveduo30/install/popo/include/popo/popo/srv/detail/command__rosidl_typesupport_fastrtps_c.h
[0.445s] -- Up-to-date: /home/eggs/ros2/ros2_smartdriveduo30/install/popo/include/popo/popo/srv/detail/add_two_ints__rosidl_typesupport_fastrtps_c.h
[0.445s] -- Up-to-date: /home/eggs/ros2/ros2_smartdriveduo30/install/popo/include/popo/popo/srv/detail/test_three__rosidl_typesupport_fastrtps_c.h
[0.445s] -- Up-to-date: /home/eggs/ros2/ros2_smartdriveduo30/install/popo/lib/libpopo__rosidl_typesupport_fastrtps_c.so
[0.445s] -- Up-to-date: /home/eggs/ros2/ros2_smartdriveduo30/install/popo/include/popo/popo
[0.445s] -- Up-to-date: /home/eggs/ros2/ros2_smartdriveduo30/install/popo/include/popo/popo/msg
[0.445s] -- Up-to-date: /home/eggs/ros2/ros2_smartdriveduo30/install/popo/include/popo/popo/msg/rosidl_typesupport_introspection_c__visibility_control.h
[0.445s] -- Up-to-date: /home/eggs/ros2/ros2_smartdriveduo30/install/popo/include/popo/popo/srv
[0.445s] -- Up-to-date: /home/eggs/ros2/ros2_smartdriveduo30/install/popo/include/popo/popo/srv/detail
[0.445s] -- Up-to-date: /home/eggs/ros2/ros2_smartdriveduo30/install/popo/include/popo/popo/srv/detail/add_two_ints__type_support.c
[0.446s] -- Up-to-date: /home/eggs/ros2/ros2_smartdriveduo30/install/popo/include/popo/popo/srv/detail/add_three_ints__rosidl_typesupport_introspection_c.h
[0.446s] -- Up-to-date: /home/eggs/ros2/ros2_smartdriveduo30/install/popo/include/popo/popo/srv/detail/threevalue__type_support.c
[0.446s] -- Up-to-date: /home/eggs/ros2/ros2_smartdriveduo30/install/popo/include/popo/popo/srv/detail/command__rosidl_typesupport_introspection_c.h
[0.446s] -- Up-to-date: /home/eggs/ros2/ros2_smartdriveduo30/install/popo/include/popo/popo/srv/detail/command__type_support.c
[0.446s] -- Up-to-date: /home/eggs/ros2/ros2_smartdriveduo30/install/popo/include/popo/popo/srv/detail/test_three__rosidl_typesupport_introspection_c.h
[0.446s] -- Up-to-date: /home/eggs/ros2/ros2_smartdriveduo30/install/popo/include/popo/popo/srv/detail/test_three__type_support.c
[0.446s] -- Up-to-date: /home/eggs/ros2/ros2_smartdriveduo30/install/popo/include/popo/popo/srv/detail/threevalue__rosidl_typesupport_introspection_c.h
[0.447s] -- Up-to-date: /home/eggs/ros2/ros2_smartdriveduo30/install/popo/include/popo/popo/srv/detail/add_three_ints__type_support.c
[0.447s] -- Up-to-date: /home/eggs/ros2/ros2_smartdriveduo30/install/popo/include/popo/popo/srv/detail/add_two_ints__rosidl_typesupport_introspection_c.h
[0.447s] -- Up-to-date: /home/eggs/ros2/ros2_smartdriveduo30/install/popo/lib/libpopo__rosidl_typesupport_introspection_c.so
[0.447s] -- Up-to-date: /home/eggs/ros2/ros2_smartdriveduo30/install/popo/lib/libpopo__rosidl_typesupport_c.so
[0.447s] -- Up-to-date: /home/eggs/ros2/ros2_smartdriveduo30/install/popo/include/popo/popo
[0.447s] -- Up-to-date: /home/eggs/ros2/ros2_smartdriveduo30/install/popo/include/popo/popo/srv
[0.447s] -- Up-to-date: /home/eggs/ros2/ros2_smartdriveduo30/install/popo/include/popo/popo/srv/add_three_ints.hpp
[0.447s] -- Up-to-date: /home/eggs/ros2/ros2_smartdriveduo30/install/popo/include/popo/popo/srv/detail
[0.447s] -- Up-to-date: /home/eggs/ros2/ros2_smartdriveduo30/install/popo/include/popo/popo/srv/detail/command__builder.hpp
[0.447s] -- Up-to-date: /home/eggs/ros2/ros2_smartdriveduo30/install/popo/include/popo/popo/srv/detail/add_three_ints__traits.hpp
[0.447s] -- Up-to-date: /home/eggs/ros2/ros2_smartdriveduo30/install/popo/include/popo/popo/srv/detail/add_two_ints__builder.hpp
[0.447s] -- Up-to-date: /home/eggs/ros2/ros2_smartdriveduo30/install/popo/include/popo/popo/srv/detail/threevalue__struct.hpp
[0.447s] -- Up-to-date: /home/eggs/ros2/ros2_smartdriveduo30/install/popo/include/popo/popo/srv/detail/command__traits.hpp
[0.447s] -- Up-to-date: /home/eggs/ros2/ros2_smartdriveduo30/install/popo/include/popo/popo/srv/detail/add_three_ints__builder.hpp
[0.447s] -- Up-to-date: /home/eggs/ros2/ros2_smartdriveduo30/install/popo/include/popo/popo/srv/detail/add_two_ints__traits.hpp
[0.447s] -- Up-to-date: /home/eggs/ros2/ros2_smartdriveduo30/install/popo/include/popo/popo/srv/detail/test_three__traits.hpp
[0.447s] -- Up-to-date: /home/eggs/ros2/ros2_smartdriveduo30/install/popo/include/popo/popo/srv/detail/command__struct.hpp
[0.447s] -- Up-to-date: /home/eggs/ros2/ros2_smartdriveduo30/install/popo/include/popo/popo/srv/detail/threevalue__traits.hpp
[0.447s] -- Up-to-date: /home/eggs/ros2/ros2_smartdriveduo30/install/popo/include/popo/popo/srv/detail/add_two_ints__struct.hpp
[0.447s] -- Up-to-date: /home/eggs/ros2/ros2_smartdriveduo30/install/popo/include/popo/popo/srv/detail/test_three__builder.hpp
[0.447s] -- Up-to-date: /home/eggs/ros2/ros2_smartdriveduo30/install/popo/include/popo/popo/srv/detail/add_three_ints__struct.hpp
[0.448s] -- Up-to-date: /home/eggs/ros2/ros2_smartdriveduo30/install/popo/include/popo/popo/srv/detail/test_three__struct.hpp
[0.448s] -- Up-to-date: /home/eggs/ros2/ros2_smartdriveduo30/install/popo/include/popo/popo/srv/detail/threevalue__builder.hpp
[0.448s] -- Up-to-date: /home/eggs/ros2/ros2_smartdriveduo30/install/popo/include/popo/popo/srv/command.hpp
[0.448s] -- Up-to-date: /home/eggs/ros2/ros2_smartdriveduo30/install/popo/include/popo/popo/srv/add_two_ints.hpp
[0.448s] -- Up-to-date: /home/eggs/ros2/ros2_smartdriveduo30/install/popo/include/popo/popo/srv/test_three.hpp
[0.448s] -- Up-to-date: /home/eggs/ros2/ros2_smartdriveduo30/install/popo/include/popo/popo/srv/threevalue.hpp
[0.448s] -- Up-to-date: /home/eggs/ros2/ros2_smartdriveduo30/install/popo/include/popo/popo
[0.448s] -- Up-to-date: /home/eggs/ros2/ros2_smartdriveduo30/install/popo/include/popo/popo/msg
[0.448s] -- Up-to-date: /home/eggs/ros2/ros2_smartdriveduo30/install/popo/include/popo/popo/msg/rosidl_typesupport_fastrtps_cpp__visibility_control.h
[0.448s] -- Up-to-date: /home/eggs/ros2/ros2_smartdriveduo30/install/popo/include/popo/popo/srv
[0.448s] -- Up-to-date: /home/eggs/ros2/ros2_smartdriveduo30/install/popo/include/popo/popo/srv/detail
[0.448s] -- Up-to-date: /home/eggs/ros2/ros2_smartdriveduo30/install/popo/include/popo/popo/srv/detail/command__rosidl_typesupport_fastrtps_cpp.hpp
[0.448s] -- Up-to-date: /home/eggs/ros2/ros2_smartdriveduo30/install/popo/include/popo/popo/srv/detail/add_three_ints__rosidl_typesupport_fastrtps_cpp.hpp
[0.448s] -- Up-to-date: /home/eggs/ros2/ros2_smartdriveduo30/install/popo/include/popo/popo/srv/detail/threevalue__rosidl_typesupport_fastrtps_cpp.hpp
[0.448s] -- Up-to-date: /home/eggs/ros2/ros2_smartdriveduo30/install/popo/include/popo/popo/srv/detail/test_three__rosidl_typesupport_fastrtps_cpp.hpp
[0.448s] -- Up-to-date: /home/eggs/ros2/ros2_smartdriveduo30/install/popo/include/popo/popo/srv/detail/dds_fastrtps
[0.448s] -- Up-to-date: /home/eggs/ros2/ros2_smartdriveduo30/install/popo/include/popo/popo/srv/detail/add_two_ints__rosidl_typesupport_fastrtps_cpp.hpp
[0.448s] -- Up-to-date: /home/eggs/ros2/ros2_smartdriveduo30/install/popo/lib/libpopo__rosidl_typesupport_fastrtps_cpp.so
[0.448s] -- Up-to-date: /home/eggs/ros2/ros2_smartdriveduo30/install/popo/include/popo/popo
[0.448s] -- Up-to-date: /home/eggs/ros2/ros2_smartdriveduo30/install/popo/include/popo/popo/srv
[0.448s] -- Up-to-date: /home/eggs/ros2/ros2_smartdriveduo30/install/popo/include/popo/popo/srv/detail
[0.448s] -- Up-to-date: /home/eggs/ros2/ros2_smartdriveduo30/install/popo/include/popo/popo/srv/detail/threevalue__type_support.cpp
[0.448s] -- Up-to-date: /home/eggs/ros2/ros2_smartdriveduo30/install/popo/include/popo/popo/srv/detail/threevalue__rosidl_typesupport_introspection_cpp.hpp
[0.448s] -- Up-to-date: /home/eggs/ros2/ros2_smartdriveduo30/install/popo/include/popo/popo/srv/detail/test_three__rosidl_typesupport_introspection_cpp.hpp
[0.448s] -- Up-to-date: /home/eggs/ros2/ros2_smartdriveduo30/install/popo/include/popo/popo/srv/detail/test_three__type_support.cpp
[0.448s] -- Up-to-date: /home/eggs/ros2/ros2_smartdriveduo30/install/popo/include/popo/popo/srv/detail/command__type_support.cpp
[0.448s] -- Up-to-date: /home/eggs/ros2/ros2_smartdriveduo30/install/popo/include/popo/popo/srv/detail/add_three_ints__rosidl_typesupport_introspection_cpp.hpp
[0.448s] -- Up-to-date: /home/eggs/ros2/ros2_smartdriveduo30/install/popo/include/popo/popo/srv/detail/add_two_ints__type_support.cpp
[0.449s] -- Up-to-date: /home/eggs/ros2/ros2_smartdriveduo30/install/popo/include/popo/popo/srv/detail/add_two_ints__rosidl_typesupport_introspection_cpp.hpp
[0.449s] -- Up-to-date: /home/eggs/ros2/ros2_smartdriveduo30/install/popo/include/popo/popo/srv/detail/add_three_ints__type_support.cpp
[0.449s] -- Up-to-date: /home/eggs/ros2/ros2_smartdriveduo30/install/popo/include/popo/popo/srv/detail/command__rosidl_typesupport_introspection_cpp.hpp
[0.449s] -- Up-to-date: /home/eggs/ros2/ros2_smartdriveduo30/install/popo/lib/libpopo__rosidl_typesupport_introspection_cpp.so
[0.449s] -- Up-to-date: /home/eggs/ros2/ros2_smartdriveduo30/install/popo/lib/libpopo__rosidl_typesupport_cpp.so
[0.449s] -- Up-to-date: /home/eggs/ros2/ros2_smartdriveduo30/install/popo/share/popo/environment/pythonpath.sh
[0.449s] -- Up-to-date: /home/eggs/ros2/ros2_smartdriveduo30/install/popo/share/popo/environment/pythonpath.dsv
[0.449s] -- Up-to-date: /home/eggs/ros2/ros2_smartdriveduo30/install/popo/local/lib/python3.10/dist-packages/popo-0.0.0-py3.10.egg-info
[0.449s] -- Installing: /home/eggs/ros2/ros2_smartdriveduo30/install/popo/local/lib/python3.10/dist-packages/popo-0.0.0-py3.10.egg-info/PKG-INFO
[0.449s] -- Installing: /home/eggs/ros2/ros2_smartdriveduo30/install/popo/local/lib/python3.10/dist-packages/popo-0.0.0-py3.10.egg-info/dependency_links.txt
[0.449s] -- Installing: /home/eggs/ros2/ros2_smartdriveduo30/install/popo/local/lib/python3.10/dist-packages/popo-0.0.0-py3.10.egg-info/top_level.txt
[0.449s] -- Installing: /home/eggs/ros2/ros2_smartdriveduo30/install/popo/local/lib/python3.10/dist-packages/popo-0.0.0-py3.10.egg-info/SOURCES.txt
[0.449s] -- Up-to-date: /home/eggs/ros2/ros2_smartdriveduo30/install/popo/local/lib/python3.10/dist-packages/popo
[0.449s] -- Up-to-date: /home/eggs/ros2/ros2_smartdriveduo30/install/popo/local/lib/python3.10/dist-packages/popo/libpopo__rosidl_generator_py.so
[0.449s] -- Up-to-date: /home/eggs/ros2/ros2_smartdriveduo30/install/popo/local/lib/python3.10/dist-packages/popo/popo_s__rosidl_typesupport_c.cpython-310-aarch64-linux-gnu.so
[0.449s] -- Up-to-date: /home/eggs/ros2/ros2_smartdriveduo30/install/popo/local/lib/python3.10/dist-packages/popo/_popo_s.ep.rosidl_typesupport_introspection_c.c
[0.449s] -- Up-to-date: /home/eggs/ros2/ros2_smartdriveduo30/install/popo/local/lib/python3.10/dist-packages/popo/__init__.py
[0.449s] -- Up-to-date: /home/eggs/ros2/ros2_smartdriveduo30/install/popo/local/lib/python3.10/dist-packages/popo/_popo_s.ep.rosidl_typesupport_c.c
[0.449s] -- Up-to-date: /home/eggs/ros2/ros2_smartdriveduo30/install/popo/local/lib/python3.10/dist-packages/popo/popo_s__rosidl_typesupport_introspection_c.cpython-310-aarch64-linux-gnu.so
[0.449s] -- Up-to-date: /home/eggs/ros2/ros2_smartdriveduo30/install/popo/local/lib/python3.10/dist-packages/popo/_popo_s.ep.rosidl_typesupport_fastrtps_c.c
[0.449s] -- Up-to-date: /home/eggs/ros2/ros2_smartdriveduo30/install/popo/local/lib/python3.10/dist-packages/popo/srv
[0.449s] -- Up-to-date: /home/eggs/ros2/ros2_smartdriveduo30/install/popo/local/lib/python3.10/dist-packages/popo/srv/_test_three_s.c
[0.449s] -- Up-to-date: /home/eggs/ros2/ros2_smartdriveduo30/install/popo/local/lib/python3.10/dist-packages/popo/srv/_command.py
[0.449s] -- Up-to-date: /home/eggs/ros2/ros2_smartdriveduo30/install/popo/local/lib/python3.10/dist-packages/popo/srv/_command_s.c
[0.449s] -- Up-to-date: /home/eggs/ros2/ros2_smartdriveduo30/install/popo/local/lib/python3.10/dist-packages/popo/srv/_threevalue_s.c
[0.449s] -- Up-to-date: /home/eggs/ros2/ros2_smartdriveduo30/install/popo/local/lib/python3.10/dist-packages/popo/srv/__init__.py
[0.449s] -- Up-to-date: /home/eggs/ros2/ros2_smartdriveduo30/install/popo/local/lib/python3.10/dist-packages/popo/srv/_add_three_ints_s.c
[0.449s] -- Up-to-date: /home/eggs/ros2/ros2_smartdriveduo30/install/popo/local/lib/python3.10/dist-packages/popo/srv/_test_three.py
[0.449s] -- Up-to-date: /home/eggs/ros2/ros2_smartdriveduo30/install/popo/local/lib/python3.10/dist-packages/popo/srv/_threevalue.py
[0.449s] -- Up-to-date: /home/eggs/ros2/ros2_smartdriveduo30/install/popo/local/lib/python3.10/dist-packages/popo/srv/_add_three_ints.py
[0.449s] -- Up-to-date: /home/eggs/ros2/ros2_smartdriveduo30/install/popo/local/lib/python3.10/dist-packages/popo/srv/_add_two_ints_s.c
[0.450s] -- Up-to-date: /home/eggs/ros2/ros2_smartdriveduo30/install/popo/local/lib/python3.10/dist-packages/popo/srv/_add_two_ints.py
[0.450s] -- Up-to-date: /home/eggs/ros2/ros2_smartdriveduo30/install/popo/local/lib/python3.10/dist-packages/popo/popo_s__rosidl_typesupport_fastrtps_c.cpython-310-aarch64-linux-gnu.so
[0.468s] Listing '/home/eggs/ros2/ros2_smartdriveduo30/install/popo/local/lib/python3.10/dist-packages/popo'...
[0.468s] Listing '/home/eggs/ros2/ros2_smartdriveduo30/install/popo/local/lib/python3.10/dist-packages/popo/srv'...
[0.472s] -- Up-to-date: /home/eggs/ros2/ros2_smartdriveduo30/install/popo/local/lib/python3.10/dist-packages/popo/popo_s__rosidl_typesupport_fastrtps_c.cpython-310-aarch64-linux-gnu.so
[0.472s] -- Up-to-date: /home/eggs/ros2/ros2_smartdriveduo30/install/popo/local/lib/python3.10/dist-packages/popo/popo_s__rosidl_typesupport_introspection_c.cpython-310-aarch64-linux-gnu.so
[0.472s] -- Up-to-date: /home/eggs/ros2/ros2_smartdriveduo30/install/popo/local/lib/python3.10/dist-packages/popo/popo_s__rosidl_typesupport_c.cpython-310-aarch64-linux-gnu.so
[0.472s] -- Up-to-date: /home/eggs/ros2/ros2_smartdriveduo30/install/popo/lib/libpopo__rosidl_generator_py.so
[0.473s] -- Up-to-date: /home/eggs/ros2/ros2_smartdriveduo30/install/popo/share/popo/srv/Command.idl
[0.473s] -- Up-to-date: /home/eggs/ros2/ros2_smartdriveduo30/install/popo/share/popo/srv/AddThreeInts.idl
[0.473s] -- Up-to-date: /home/eggs/ros2/ros2_smartdriveduo30/install/popo/share/popo/srv/Threevalue.idl
[0.473s] -- Up-to-date: /home/eggs/ros2/ros2_smartdriveduo30/install/popo/share/popo/srv/AddTwoInts.idl
[0.473s] -- Up-to-date: /home/eggs/ros2/ros2_smartdriveduo30/install/popo/share/popo/srv/TestThree.idl
[0.473s] -- Up-to-date: /home/eggs/ros2/ros2_smartdriveduo30/install/popo/share/popo/srv/Command.srv
[0.474s] -- Up-to-date: /home/eggs/ros2/ros2_smartdriveduo30/install/popo/share/popo/srv/Command_Request.msg
[0.474s] -- Up-to-date: /home/eggs/ros2/ros2_smartdriveduo30/install/popo/share/popo/srv/Command_Response.msg
[0.474s] -- Up-to-date: /home/eggs/ros2/ros2_smartdriveduo30/install/popo/share/popo/srv/AddThreeInts.srv
[0.474s] -- Up-to-date: /home/eggs/ros2/ros2_smartdriveduo30/install/popo/share/popo/srv/AddThreeInts_Request.msg
[0.474s] -- Up-to-date: /home/eggs/ros2/ros2_smartdriveduo30/install/popo/share/popo/srv/AddThreeInts_Response.msg
[0.474s] -- Up-to-date: /home/eggs/ros2/ros2_smartdriveduo30/install/popo/share/popo/srv/Threevalue.srv
[0.474s] -- Up-to-date: /home/eggs/ros2/ros2_smartdriveduo30/install/popo/share/popo/srv/Threevalue_Request.msg
[0.474s] -- Up-to-date: /home/eggs/ros2/ros2_smartdriveduo30/install/popo/share/popo/srv/Threevalue_Response.msg
[0.474s] -- Up-to-date: /home/eggs/ros2/ros2_smartdriveduo30/install/popo/share/popo/srv/AddTwoInts.srv
[0.474s] -- Up-to-date: /home/eggs/ros2/ros2_smartdriveduo30/install/popo/share/popo/srv/AddTwoInts_Request.msg
[0.474s] -- Up-to-date: /home/eggs/ros2/ros2_smartdriveduo30/install/popo/share/popo/srv/AddTwoInts_Response.msg
[0.474s] -- Up-to-date: /home/eggs/ros2/ros2_smartdriveduo30/install/popo/share/popo/srv/TestThree.srv
[0.474s] -- Up-to-date: /home/eggs/ros2/ros2_smartdriveduo30/install/popo/share/popo/srv/TestThree_Request.msg
[0.474s] -- Up-to-date: /home/eggs/ros2/ros2_smartdriveduo30/install/popo/share/popo/srv/TestThree_Response.msg
[0.474s] -- Up-to-date: /home/eggs/ros2/ros2_smartdriveduo30/install/popo/local/lib/python3.10/dist-packages/scripts-0.0.0-py3.10.egg-info
[0.474s] -- Installing: /home/eggs/ros2/ros2_smartdriveduo30/install/popo/local/lib/python3.10/dist-packages/scripts-0.0.0-py3.10.egg-info/PKG-INFO
[0.474s] -- Installing: /home/eggs/ros2/ros2_smartdriveduo30/install/popo/local/lib/python3.10/dist-packages/scripts-0.0.0-py3.10.egg-info/dependency_links.txt
[0.474s] -- Installing: /home/eggs/ros2/ros2_smartdriveduo30/install/popo/local/lib/python3.10/dist-packages/scripts-0.0.0-py3.10.egg-info/top_level.txt
[0.474s] -- Installing: /home/eggs/ros2/ros2_smartdriveduo30/install/popo/local/lib/python3.10/dist-packages/scripts-0.0.0-py3.10.egg-info/SOURCES.txt
[0.474s] -- Up-to-date: /home/eggs/ros2/ros2_smartdriveduo30/install/popo/local/lib/python3.10/dist-packages/scripts
[0.474s] -- Up-to-date: /home/eggs/ros2/ros2_smartdriveduo30/install/popo/local/lib/python3.10/dist-packages/scripts/addthreeintclient.py
[0.474s] -- Up-to-date: /home/eggs/ros2/ros2_smartdriveduo30/install/popo/local/lib/python3.10/dist-packages/scripts/client_member_function.py
[0.474s] -- Up-to-date: /home/eggs/ros2/ros2_smartdriveduo30/install/popo/local/lib/python3.10/dist-packages/scripts/driver_service_server.py
[0.474s] -- Up-to-date: /home/eggs/ros2/ros2_smartdriveduo30/install/popo/local/lib/python3.10/dist-packages/scripts/TestThreeClient.py
[0.474s] -- Up-to-date: /home/eggs/ros2/ros2_smartdriveduo30/install/popo/local/lib/python3.10/dist-packages/scripts/addthreeintservice.py
[0.475s] -- Up-to-date: /home/eggs/ros2/ros2_smartdriveduo30/install/popo/local/lib/python3.10/dist-packages/scripts/__init__.py
[0.475s] -- Installing: /home/eggs/ros2/ros2_smartdriveduo30/install/popo/local/lib/python3.10/dist-packages/scripts/driver_service_client.py
[0.475s] -- Up-to-date: /home/eggs/ros2/ros2_smartdriveduo30/install/popo/local/lib/python3.10/dist-packages/scripts/service_member_function.py
[0.475s] -- Up-to-date: /home/eggs/ros2/ros2_smartdriveduo30/install/popo/local/lib/python3.10/dist-packages/scripts/TestThreeServer.py
[0.497s] Listing '/home/eggs/ros2/ros2_smartdriveduo30/install/popo/local/lib/python3.10/dist-packages/scripts'...
[0.497s] Compiling '/home/eggs/ros2/ros2_smartdriveduo30/install/popo/local/lib/python3.10/dist-packages/scripts/driver_service_client.py'...
[0.500s] -- Up-to-date: /home/eggs/ros2/ros2_smartdriveduo30/install/popo/lib/popo/driver_service_server.py
[0.500s] -- Installing: /home/eggs/ros2/ros2_smartdriveduo30/install/popo/lib/popo/driver_service_client.py
[0.501s] -- Up-to-date: /home/eggs/ros2/ros2_smartdriveduo30/install/popo/lib/popo/addthreeintclient.py
[0.501s] -- Up-to-date: /home/eggs/ros2/ros2_smartdriveduo30/install/popo/lib/popo/addthreeintservice.py
[0.501s] -- Up-to-date: /home/eggs/ros2/ros2_smartdriveduo30/install/popo/lib/popo/service_member_function.py
[0.501s] -- Up-to-date: /home/eggs/ros2/ros2_smartdriveduo30/install/popo/lib/popo/client_member_function.py
[0.501s] -- Up-to-date: /home/eggs/ros2/ros2_smartdriveduo30/install/popo/lib/popo/TestThreeServer.py
[0.501s] -- Up-to-date: /home/eggs/ros2/ros2_smartdriveduo30/install/popo/lib/popo/TestThreeClient.py
[0.502s] -- Up-to-date: /home/eggs/ros2/ros2_smartdriveduo30/install/popo/share/popo/launch
[0.502s] -- Up-to-date: /home/eggs/ros2/ros2_smartdriveduo30/install/popo/share/ament_index/resource_index/package_run_dependencies/popo
[0.502s] -- Up-to-date: /home/eggs/ros2/ros2_smartdriveduo30/install/popo/share/ament_index/resource_index/parent_prefix_path/popo
[0.502s] -- Up-to-date: /home/eggs/ros2/ros2_smartdriveduo30/install/popo/share/popo/environment/ament_prefix_path.sh
[0.502s] -- Up-to-date: /home/eggs/ros2/ros2_smartdriveduo30/install/popo/share/popo/environment/ament_prefix_path.dsv
[0.502s] -- Up-to-date: /home/eggs/ros2/ros2_smartdriveduo30/install/popo/share/popo/environment/path.sh
[0.502s] -- Up-to-date: /home/eggs/ros2/ros2_smartdriveduo30/install/popo/share/popo/environment/path.dsv
[0.502s] -- Up-to-date: /home/eggs/ros2/ros2_smartdriveduo30/install/popo/share/popo/local_setup.bash
[0.502s] -- Up-to-date: /home/eggs/ros2/ros2_smartdriveduo30/install/popo/share/popo/local_setup.sh
[0.502s] -- Up-to-date: /home/eggs/ros2/ros2_smartdriveduo30/install/popo/share/popo/local_setup.zsh
[0.503s] -- Up-to-date: /home/eggs/ros2/ros2_smartdriveduo30/install/popo/share/popo/local_setup.dsv
[0.503s] -- Installing: /home/eggs/ros2/ros2_smartdriveduo30/install/popo/share/popo/package.dsv
[0.503s] -- Up-to-date: /home/eggs/ros2/ros2_smartdriveduo30/install/popo/share/ament_index/resource_index/packages/popo
[0.503s] -- Up-to-date: /home/eggs/ros2/ros2_smartdriveduo30/install/popo/share/popo/cmake/export_popo__rosidl_generator_cExport.cmake
[0.503s] -- Up-to-date: /home/eggs/ros2/ros2_smartdriveduo30/install/popo/share/popo/cmake/export_popo__rosidl_generator_cExport-noconfig.cmake
[0.503s] -- Up-to-date: /home/eggs/ros2/ros2_smartdriveduo30/install/popo/share/popo/cmake/export_popo__rosidl_typesupport_fastrtps_cExport.cmake
[0.503s] -- Up-to-date: /home/eggs/ros2/ros2_smartdriveduo30/install/popo/share/popo/cmake/export_popo__rosidl_typesupport_fastrtps_cExport-noconfig.cmake
[0.503s] -- Up-to-date: /home/eggs/ros2/ros2_smartdriveduo30/install/popo/share/popo/cmake/popo__rosidl_typesupport_introspection_cExport.cmake
[0.503s] -- Up-to-date: /home/eggs/ros2/ros2_smartdriveduo30/install/popo/share/popo/cmake/popo__rosidl_typesupport_introspection_cExport-noconfig.cmake
[0.503s] -- Up-to-date: /home/eggs/ros2/ros2_smartdriveduo30/install/popo/share/popo/cmake/popo__rosidl_typesupport_cExport.cmake
[0.503s] -- Up-to-date: /home/eggs/ros2/ros2_smartdriveduo30/install/popo/share/popo/cmake/popo__rosidl_typesupport_cExport-noconfig.cmake
[0.503s] -- Up-to-date: /home/eggs/ros2/ros2_smartdriveduo30/install/popo/share/popo/cmake/export_popo__rosidl_generator_cppExport.cmake
[0.503s] -- Up-to-date: /home/eggs/ros2/ros2_smartdriveduo30/install/popo/share/popo/cmake/export_popo__rosidl_typesupport_fastrtps_cppExport.cmake
[0.503s] -- Up-to-date: /home/eggs/ros2/ros2_smartdriveduo30/install/popo/share/popo/cmake/export_popo__rosidl_typesupport_fastrtps_cppExport-noconfig.cmake
[0.503s] -- Up-to-date: /home/eggs/ros2/ros2_smartdriveduo30/install/popo/share/popo/cmake/popo__rosidl_typesupport_introspection_cppExport.cmake
[0.503s] -- Up-to-date: /home/eggs/ros2/ros2_smartdriveduo30/install/popo/share/popo/cmake/popo__rosidl_typesupport_introspection_cppExport-noconfig.cmake
[0.503s] -- Up-to-date: /home/eggs/ros2/ros2_smartdriveduo30/install/popo/share/popo/cmake/popo__rosidl_typesupport_cppExport.cmake
[0.503s] -- Up-to-date: /home/eggs/ros2/ros2_smartdriveduo30/install/popo/share/popo/cmake/popo__rosidl_typesupport_cppExport-noconfig.cmake
[0.503s] -- Up-to-date: /home/eggs/ros2/ros2_smartdriveduo30/install/popo/share/popo/cmake/export_popo__rosidl_generator_pyExport.cmake
[0.503s] -- Up-to-date: /home/eggs/ros2/ros2_smartdriveduo30/install/popo/share/popo/cmake/export_popo__rosidl_generator_pyExport-noconfig.cmake
[0.503s] -- Up-to-date: /home/eggs/ros2/ros2_smartdriveduo30/install/popo/share/popo/cmake/rosidl_cmake-extras.cmake
[0.503s] -- Up-to-date: /home/eggs/ros2/ros2_smartdriveduo30/install/popo/share/popo/cmake/ament_cmake_export_include_directories-extras.cmake
[0.504s] -- Up-to-date: /home/eggs/ros2/ros2_smartdriveduo30/install/popo/share/popo/cmake/ament_cmake_export_libraries-extras.cmake
[0.504s] -- Up-to-date: /home/eggs/ros2/ros2_smartdriveduo30/install/popo/share/popo/cmake/ament_cmake_export_targets-extras.cmake
[0.504s] -- Up-to-date: /home/eggs/ros2/ros2_smartdriveduo30/install/popo/share/popo/cmake/rosidl_cmake_export_typesupport_targets-extras.cmake
[0.504s] -- Up-to-date: /home/eggs/ros2/ros2_smartdriveduo30/install/popo/share/popo/cmake/ament_cmake_export_dependencies-extras.cmake
[0.504s] -- Up-to-date: /home/eggs/ros2/ros2_smartdriveduo30/install/popo/share/popo/cmake/rosidl_cmake_export_typesupport_libraries-extras.cmake
[0.504s] -- Up-to-date: /home/eggs/ros2/ros2_smartdriveduo30/install/popo/share/popo/cmake/popoConfig.cmake
[0.504s] -- Up-to-date: /home/eggs/ros2/ros2_smartdriveduo30/install/popo/share/popo/cmake/popoConfig-version.cmake
[0.504s] -- Up-to-date: /home/eggs/ros2/ros2_smartdriveduo30/install/popo/share/popo/package.xml
[0.506s] Invoked command in '/home/eggs/ros2/ros2_smartdriveduo30/build/popo' returned '0': CMAKE_PREFIX_PATH=${CMAKE_PREFIX_PATH}:/opt/ros/humble /usr/bin/cmake --install /home/eggs/ros2/ros2_smartdriveduo30/build/popo
