[0.009s] Invoking command in '/home/eggs/ros2/ros2_smartdriveduo30/build/popo': CMAKE_PREFIX_PATH=${CMAKE_PREFIX_PATH}:/opt/ros/humble /usr/bin/cmake --build /home/eggs/ros2/ros2_smartdriveduo30/build/popo -- -j8 -l8
[0.027s] -- Found ament_cmake: 1.3.4 (/opt/ros/humble/share/ament_cmake/cmake)
[0.113s] -- Found rclpy: 3.3.8 (/opt/ros/humble/share/rclpy/cmake)
[0.113s] -- Found rosidl_default_generators: 1.2.0 (/opt/ros/humble/share/rosidl_default_generators/cmake)
[0.116s] -- Using all available rosidl_typesupport_c: rosidl_typesupport_fastrtps_c;rosidl_typesupport_introspection_c
[0.116s] -- Found rosidl_adapter: 3.1.4 (/opt/ros/humble/share/rosidl_adapter/cmake)
[0.138s] -- Using all available rosidl_typesupport_cpp: rosidl_typesupport_fastrtps_cpp;rosidl_typesupport_introspection_cpp
[0.157s] -- Found sensor_msgs: 4.2.3 (/opt/ros/humble/share/sensor_msgs/cmake)
[0.466s] -- Found ament_cmake_ros: 0.10.0 (/opt/ros/humble/share/ament_cmake_ros/cmake)
[0.578s] -- Using all available rosidl_typesupport_c: rosidl_typesupport_fastrtps_c;rosidl_typesupport_introspection_c
[0.715s] -- Using all available rosidl_typesupport_cpp: rosidl_typesupport_fastrtps_cpp;rosidl_typesupport_introspection_cpp
[0.728s] -- Found python_cmake_module: 0.10.0 (/opt/ros/humble/share/python_cmake_module/cmake)
[0.742s] -- Using PYTHON_EXECUTABLE: /usr/bin/python3
[0.742s] -- Using PYTHON_INCLUDE_DIRS: /usr/include/python3.10
[0.742s] -- Using PYTHON_LIBRARIES: /usr/lib/aarch64-linux-gnu/libpython3.10.so
[0.749s] -- Found ament_lint_auto: 0.12.6 (/opt/ros/humble/share/ament_lint_auto/cmake)
[0.755s] -- Added test 'flake8' to check Python code syntax and style conventions
[0.755s] -- Added test 'lint_cmake' to check CMake code style
[0.756s] -- Added test 'pep257' to check Python code against some of the docstring style conventions in PEP 257
[0.756s] -- Added test 'xmllint' to check XML markup files
[0.757s] -- Configuring done
[0.781s] -- Generating done
[0.784s] -- Build files have been written to: /home/eggs/ros2/ros2_smartdriveduo30/build/popo
[0.805s] [35m[1mConsolidate compiler generated dependencies of target popo__rosidl_generator_c[0m
[0.813s] [  1%] Built target popo__cpp
[0.815s] [ 12%] Built target popo__rosidl_generator_c
[0.820s] [ 12%] Built target ament_cmake_python_copy_scripts
[0.821s] [ 12%] Built target ament_cmake_python_copy_popo
[0.823s] [35m[1mConsolidate compiler generated dependencies of target popo__rosidl_typesupport_fastrtps_cpp[0m
[0.823s] [35m[1mConsolidate compiler generated dependencies of target popo__rosidl_typesupport_introspection_cpp[0m
[0.824s] [35m[1mConsolidate compiler generated dependencies of target popo__rosidl_typesupport_cpp[0m
[0.825s] [35m[1mConsolidate compiler generated dependencies of target popo__rosidl_typesupport_fastrtps_c[0m
[0.826s] [35m[1mConsolidate compiler generated dependencies of target popo__rosidl_typesupport_c[0m
[0.835s] [ 23%] Built target popo__rosidl_typesupport_introspection_cpp
[0.839s] [35m[1mConsolidate compiler generated dependencies of target popo__rosidl_typesupport_introspection_c[0m
[0.840s] [ 34%] Built target popo__rosidl_typesupport_c
[0.841s] [ 45%] Built target popo__rosidl_typesupport_cpp
[0.842s] [ 56%] Built target popo__rosidl_typesupport_fastrtps_c
[0.844s] [ 67%] Built target popo__rosidl_typesupport_fastrtps_cpp
[0.849s] [ 78%] Built target popo__rosidl_typesupport_introspection_c
[0.867s] [ 78%] Built target popo
[0.884s] [ 80%] Built target popo__py
[0.893s] [35m[1mConsolidate compiler generated dependencies of target popo__rosidl_generator_py[0m
[0.905s] [ 89%] Built target popo__rosidl_generator_py
[0.915s] [35m[1mConsolidate compiler generated dependencies of target popo__rosidl_typesupport_fastrtps_c__pyext[0m
[0.915s] [35m[1mConsolidate compiler generated dependencies of target popo__rosidl_typesupport_c__pyext[0m
[0.915s] [35m[1mConsolidate compiler generated dependencies of target popo__rosidl_typesupport_introspection_c__pyext[0m
[0.926s] [ 92%] Built target popo__rosidl_typesupport_c__pyext
[0.926s] [ 96%] Built target popo__rosidl_typesupport_fastrtps_c__pyext
[0.928s] [100%] Built target popo__rosidl_typesupport_introspection_c__pyext
[0.979s] running egg_info
[0.980s] writing popo.egg-info/PKG-INFO
[0.981s] writing dependency_links to popo.egg-info/dependency_links.txt
[0.981s] writing top-level names to popo.egg-info/top_level.txt
[0.982s] reading manifest file 'popo.egg-info/SOURCES.txt'
[0.982s] writing manifest file 'popo.egg-info/SOURCES.txt'
[0.994s] running egg_info
[0.995s] writing scripts.egg-info/PKG-INFO
[0.995s] writing dependency_links to scripts.egg-info/dependency_links.txt
[0.996s] writing top-level names to scripts.egg-info/top_level.txt
[0.997s] reading manifest file 'scripts.egg-info/SOURCES.txt'
[0.997s] writing manifest file 'scripts.egg-info/SOURCES.txt'
[0.999s] [100%] Built target ament_cmake_python_build_popo_egg
[1.014s] [100%] Built target ament_cmake_python_build_scripts_egg
[1.024s] Invoked command in '/home/eggs/ros2/ros2_smartdriveduo30/build/popo' returned '0': CMAKE_PREFIX_PATH=${CMAKE_PREFIX_PATH}:/opt/ros/humble /usr/bin/cmake --build /home/eggs/ros2/ros2_smartdriveduo30/build/popo -- -j8 -l8
[1.134s] Invoking command in '/home/eggs/ros2/ros2_smartdriveduo30/build/popo': CMAKE_PREFIX_PATH=${CMAKE_PREFIX_PATH}:/opt/ros/humble /usr/bin/cmake --install /home/eggs/ros2/ros2_smartdriveduo30/build/popo
[1.141s] -- Install configuration: ""
[1.141s] -- Up-to-date: /home/eggs/ros2/ros2_smartdriveduo30/install/popo/share/ament_index/resource_index/rosidl_interfaces/popo
[1.142s] -- Up-to-date: /home/eggs/ros2/ros2_smartdriveduo30/install/popo/include/popo/popo
[1.142s] -- Up-to-date: /home/eggs/ros2/ros2_smartdriveduo30/install/popo/include/popo/popo/msg
[1.142s] -- Up-to-date: /home/eggs/ros2/ros2_smartdriveduo30/install/popo/include/popo/popo/msg/rosidl_generator_c__visibility_control.h
[1.142s] -- Up-to-date: /home/eggs/ros2/ros2_smartdriveduo30/install/popo/include/popo/popo/srv
[1.142s] -- Up-to-date: /home/eggs/ros2/ros2_smartdriveduo30/install/popo/include/popo/popo/srv/add_two_ints.h
[1.142s] -- Up-to-date: /home/eggs/ros2/ros2_smartdriveduo30/install/popo/include/popo/popo/srv/detail
[1.142s] -- Up-to-date: /home/eggs/ros2/ros2_smartdriveduo30/install/popo/include/popo/popo/srv/detail/command__functions.c
[1.142s] -- Up-to-date: /home/eggs/ros2/ros2_smartdriveduo30/install/popo/include/popo/popo/srv/detail/add_two_ints__struct.h
[1.142s] -- Up-to-date: /home/eggs/ros2/ros2_smartdriveduo30/install/popo/include/popo/popo/srv/detail/add_two_ints__functions.c
[1.142s] -- Up-to-date: /home/eggs/ros2/ros2_smartdriveduo30/install/popo/include/popo/popo/srv/detail/threevalue__struct.h
[1.142s] -- Up-to-date: /home/eggs/ros2/ros2_smartdriveduo30/install/popo/include/popo/popo/srv/detail/add_two_ints__functions.h
[1.142s] -- Up-to-date: /home/eggs/ros2/ros2_smartdriveduo30/install/popo/include/popo/popo/srv/detail/command__functions.h
[1.142s] -- Up-to-date: /home/eggs/ros2/ros2_smartdriveduo30/install/popo/include/popo/popo/srv/detail/add_three_ints__type_support.h
[1.142s] -- Up-to-date: /home/eggs/ros2/ros2_smartdriveduo30/install/popo/include/popo/popo/srv/detail/threevalue__functions.h
[1.142s] -- Up-to-date: /home/eggs/ros2/ros2_smartdriveduo30/install/popo/include/popo/popo/srv/detail/command__struct.h
[1.142s] -- Up-to-date: /home/eggs/ros2/ros2_smartdriveduo30/install/popo/include/popo/popo/srv/detail/command__type_support.h
[1.142s] -- Up-to-date: /home/eggs/ros2/ros2_smartdriveduo30/install/popo/include/popo/popo/srv/detail/add_three_ints__functions.h
[1.143s] -- Up-to-date: /home/eggs/ros2/ros2_smartdriveduo30/install/popo/include/popo/popo/srv/detail/threevalue__type_support.h
[1.143s] -- Up-to-date: /home/eggs/ros2/ros2_smartdriveduo30/install/popo/include/popo/popo/srv/detail/threevalue__functions.c
[1.143s] -- Up-to-date: /home/eggs/ros2/ros2_smartdriveduo30/install/popo/include/popo/popo/srv/detail/add_two_ints__type_support.h
[1.143s] -- Up-to-date: /home/eggs/ros2/ros2_smartdriveduo30/install/popo/include/popo/popo/srv/detail/add_three_ints__struct.h
[1.143s] -- Up-to-date: /home/eggs/ros2/ros2_smartdriveduo30/install/popo/include/popo/popo/srv/detail/add_three_ints__functions.c
[1.143s] -- Up-to-date: /home/eggs/ros2/ros2_smartdriveduo30/install/popo/include/popo/popo/srv/add_three_ints.h
[1.143s] -- Up-to-date: /home/eggs/ros2/ros2_smartdriveduo30/install/popo/include/popo/popo/srv/command.h
[1.143s] -- Up-to-date: /home/eggs/ros2/ros2_smartdriveduo30/install/popo/include/popo/popo/srv/threevalue.h
[1.143s] -- Up-to-date: /home/eggs/ros2/ros2_smartdriveduo30/install/popo/share/popo/environment/library_path.sh
[1.143s] -- Installing: /home/eggs/ros2/ros2_smartdriveduo30/install/popo/share/popo/environment/library_path.dsv
[1.143s] -- Up-to-date: /home/eggs/ros2/ros2_smartdriveduo30/install/popo/lib/libpopo__rosidl_generator_c.so
[1.143s] -- Up-to-date: /home/eggs/ros2/ros2_smartdriveduo30/install/popo/include/popo/popo
[1.143s] -- Up-to-date: /home/eggs/ros2/ros2_smartdriveduo30/install/popo/include/popo/popo/msg
[1.143s] -- Up-to-date: /home/eggs/ros2/ros2_smartdriveduo30/install/popo/include/popo/popo/msg/rosidl_typesupport_fastrtps_c__visibility_control.h
[1.143s] -- Up-to-date: /home/eggs/ros2/ros2_smartdriveduo30/install/popo/include/popo/popo/srv
[1.143s] -- Up-to-date: /home/eggs/ros2/ros2_smartdriveduo30/install/popo/include/popo/popo/srv/detail
[1.143s] -- Up-to-date: /home/eggs/ros2/ros2_smartdriveduo30/install/popo/include/popo/popo/srv/detail/threevalue__rosidl_typesupport_fastrtps_c.h
[1.143s] -- Up-to-date: /home/eggs/ros2/ros2_smartdriveduo30/install/popo/include/popo/popo/srv/detail/add_three_ints__rosidl_typesupport_fastrtps_c.h
[1.143s] -- Up-to-date: /home/eggs/ros2/ros2_smartdriveduo30/install/popo/include/popo/popo/srv/detail/command__rosidl_typesupport_fastrtps_c.h
[1.144s] -- Up-to-date: /home/eggs/ros2/ros2_smartdriveduo30/install/popo/include/popo/popo/srv/detail/add_two_ints__rosidl_typesupport_fastrtps_c.h
[1.144s] -- Up-to-date: /home/eggs/ros2/ros2_smartdriveduo30/install/popo/lib/libpopo__rosidl_typesupport_fastrtps_c.so
[1.144s] -- Up-to-date: /home/eggs/ros2/ros2_smartdriveduo30/install/popo/include/popo/popo
[1.144s] -- Up-to-date: /home/eggs/ros2/ros2_smartdriveduo30/install/popo/include/popo/popo/msg
[1.144s] -- Up-to-date: /home/eggs/ros2/ros2_smartdriveduo30/install/popo/include/popo/popo/msg/rosidl_typesupport_introspection_c__visibility_control.h
[1.144s] -- Up-to-date: /home/eggs/ros2/ros2_smartdriveduo30/install/popo/include/popo/popo/srv
[1.144s] -- Up-to-date: /home/eggs/ros2/ros2_smartdriveduo30/install/popo/include/popo/popo/srv/detail
[1.144s] -- Up-to-date: /home/eggs/ros2/ros2_smartdriveduo30/install/popo/include/popo/popo/srv/detail/add_two_ints__type_support.c
[1.144s] -- Up-to-date: /home/eggs/ros2/ros2_smartdriveduo30/install/popo/include/popo/popo/srv/detail/add_three_ints__rosidl_typesupport_introspection_c.h
[1.144s] -- Up-to-date: /home/eggs/ros2/ros2_smartdriveduo30/install/popo/include/popo/popo/srv/detail/threevalue__type_support.c
[1.144s] -- Up-to-date: /home/eggs/ros2/ros2_smartdriveduo30/install/popo/include/popo/popo/srv/detail/command__rosidl_typesupport_introspection_c.h
[1.144s] -- Up-to-date: /home/eggs/ros2/ros2_smartdriveduo30/install/popo/include/popo/popo/srv/detail/command__type_support.c
[1.144s] -- Up-to-date: /home/eggs/ros2/ros2_smartdriveduo30/install/popo/include/popo/popo/srv/detail/threevalue__rosidl_typesupport_introspection_c.h
[1.144s] -- Up-to-date: /home/eggs/ros2/ros2_smartdriveduo30/install/popo/include/popo/popo/srv/detail/add_three_ints__type_support.c
[1.144s] -- Up-to-date: /home/eggs/ros2/ros2_smartdriveduo30/install/popo/include/popo/popo/srv/detail/add_two_ints__rosidl_typesupport_introspection_c.h
[1.144s] -- Up-to-date: /home/eggs/ros2/ros2_smartdriveduo30/install/popo/lib/libpopo__rosidl_typesupport_introspection_c.so
[1.145s] -- Up-to-date: /home/eggs/ros2/ros2_smartdriveduo30/install/popo/lib/libpopo__rosidl_typesupport_c.so
[1.145s] -- Up-to-date: /home/eggs/ros2/ros2_smartdriveduo30/install/popo/include/popo/popo
[1.145s] -- Up-to-date: /home/eggs/ros2/ros2_smartdriveduo30/install/popo/include/popo/popo/srv
[1.145s] -- Up-to-date: /home/eggs/ros2/ros2_smartdriveduo30/install/popo/include/popo/popo/srv/add_three_ints.hpp
[1.145s] -- Up-to-date: /home/eggs/ros2/ros2_smartdriveduo30/install/popo/include/popo/popo/srv/detail
[1.145s] -- Up-to-date: /home/eggs/ros2/ros2_smartdriveduo30/install/popo/include/popo/popo/srv/detail/command__builder.hpp
[1.145s] -- Up-to-date: /home/eggs/ros2/ros2_smartdriveduo30/install/popo/include/popo/popo/srv/detail/add_three_ints__traits.hpp
[1.145s] -- Up-to-date: /home/eggs/ros2/ros2_smartdriveduo30/install/popo/include/popo/popo/srv/detail/add_two_ints__builder.hpp
[1.145s] -- Up-to-date: /home/eggs/ros2/ros2_smartdriveduo30/install/popo/include/popo/popo/srv/detail/threevalue__struct.hpp
[1.145s] -- Up-to-date: /home/eggs/ros2/ros2_smartdriveduo30/install/popo/include/popo/popo/srv/detail/command__traits.hpp
[1.145s] -- Up-to-date: /home/eggs/ros2/ros2_smartdriveduo30/install/popo/include/popo/popo/srv/detail/add_three_ints__builder.hpp
[1.145s] -- Up-to-date: /home/eggs/ros2/ros2_smartdriveduo30/install/popo/include/popo/popo/srv/detail/add_two_ints__traits.hpp
[1.145s] -- Up-to-date: /home/eggs/ros2/ros2_smartdriveduo30/install/popo/include/popo/popo/srv/detail/command__struct.hpp
[1.145s] -- Up-to-date: /home/eggs/ros2/ros2_smartdriveduo30/install/popo/include/popo/popo/srv/detail/threevalue__traits.hpp
[1.145s] -- Up-to-date: /home/eggs/ros2/ros2_smartdriveduo30/install/popo/include/popo/popo/srv/detail/add_two_ints__struct.hpp
[1.145s] -- Up-to-date: /home/eggs/ros2/ros2_smartdriveduo30/install/popo/include/popo/popo/srv/detail/add_three_ints__struct.hpp
[1.145s] -- Up-to-date: /home/eggs/ros2/ros2_smartdriveduo30/install/popo/include/popo/popo/srv/detail/threevalue__builder.hpp
[1.146s] -- Up-to-date: /home/eggs/ros2/ros2_smartdriveduo30/install/popo/include/popo/popo/srv/command.hpp
[1.146s] -- Up-to-date: /home/eggs/ros2/ros2_smartdriveduo30/install/popo/include/popo/popo/srv/add_two_ints.hpp
[1.146s] -- Up-to-date: /home/eggs/ros2/ros2_smartdriveduo30/install/popo/include/popo/popo/srv/threevalue.hpp
[1.146s] -- Up-to-date: /home/eggs/ros2/ros2_smartdriveduo30/install/popo/include/popo/popo
[1.146s] -- Up-to-date: /home/eggs/ros2/ros2_smartdriveduo30/install/popo/include/popo/popo/msg
[1.146s] -- Up-to-date: /home/eggs/ros2/ros2_smartdriveduo30/install/popo/include/popo/popo/msg/rosidl_typesupport_fastrtps_cpp__visibility_control.h
[1.146s] -- Up-to-date: /home/eggs/ros2/ros2_smartdriveduo30/install/popo/include/popo/popo/srv
[1.146s] -- Up-to-date: /home/eggs/ros2/ros2_smartdriveduo30/install/popo/include/popo/popo/srv/detail
[1.146s] -- Up-to-date: /home/eggs/ros2/ros2_smartdriveduo30/install/popo/include/popo/popo/srv/detail/command__rosidl_typesupport_fastrtps_cpp.hpp
[1.146s] -- Up-to-date: /home/eggs/ros2/ros2_smartdriveduo30/install/popo/include/popo/popo/srv/detail/add_three_ints__rosidl_typesupport_fastrtps_cpp.hpp
[1.146s] -- Up-to-date: /home/eggs/ros2/ros2_smartdriveduo30/install/popo/include/popo/popo/srv/detail/threevalue__rosidl_typesupport_fastrtps_cpp.hpp
[1.146s] -- Up-to-date: /home/eggs/ros2/ros2_smartdriveduo30/install/popo/include/popo/popo/srv/detail/dds_fastrtps
[1.146s] -- Up-to-date: /home/eggs/ros2/ros2_smartdriveduo30/install/popo/include/popo/popo/srv/detail/add_two_ints__rosidl_typesupport_fastrtps_cpp.hpp
[1.146s] -- Up-to-date: /home/eggs/ros2/ros2_smartdriveduo30/install/popo/lib/libpopo__rosidl_typesupport_fastrtps_cpp.so
[1.146s] -- Up-to-date: /home/eggs/ros2/ros2_smartdriveduo30/install/popo/include/popo/popo
[1.146s] -- Up-to-date: /home/eggs/ros2/ros2_smartdriveduo30/install/popo/include/popo/popo/srv
[1.146s] -- Up-to-date: /home/eggs/ros2/ros2_smartdriveduo30/install/popo/include/popo/popo/srv/detail
[1.146s] -- Up-to-date: /home/eggs/ros2/ros2_smartdriveduo30/install/popo/include/popo/popo/srv/detail/threevalue__type_support.cpp
[1.146s] -- Up-to-date: /home/eggs/ros2/ros2_smartdriveduo30/install/popo/include/popo/popo/srv/detail/threevalue__rosidl_typesupport_introspection_cpp.hpp
[1.146s] -- Up-to-date: /home/eggs/ros2/ros2_smartdriveduo30/install/popo/include/popo/popo/srv/detail/command__type_support.cpp
[1.146s] -- Up-to-date: /home/eggs/ros2/ros2_smartdriveduo30/install/popo/include/popo/popo/srv/detail/add_three_ints__rosidl_typesupport_introspection_cpp.hpp
[1.146s] -- Up-to-date: /home/eggs/ros2/ros2_smartdriveduo30/install/popo/include/popo/popo/srv/detail/add_two_ints__type_support.cpp
[1.146s] -- Up-to-date: /home/eggs/ros2/ros2_smartdriveduo30/install/popo/include/popo/popo/srv/detail/add_two_ints__rosidl_typesupport_introspection_cpp.hpp
[1.146s] -- Up-to-date: /home/eggs/ros2/ros2_smartdriveduo30/install/popo/include/popo/popo/srv/detail/add_three_ints__type_support.cpp
[1.146s] -- Up-to-date: /home/eggs/ros2/ros2_smartdriveduo30/install/popo/include/popo/popo/srv/detail/command__rosidl_typesupport_introspection_cpp.hpp
[1.146s] -- Up-to-date: /home/eggs/ros2/ros2_smartdriveduo30/install/popo/lib/libpopo__rosidl_typesupport_introspection_cpp.so
[1.146s] -- Up-to-date: /home/eggs/ros2/ros2_smartdriveduo30/install/popo/lib/libpopo__rosidl_typesupport_cpp.so
[1.146s] -- Up-to-date: /home/eggs/ros2/ros2_smartdriveduo30/install/popo/share/popo/environment/pythonpath.sh
[1.146s] -- Installing: /home/eggs/ros2/ros2_smartdriveduo30/install/popo/share/popo/environment/pythonpath.dsv
[1.146s] -- Up-to-date: /home/eggs/ros2/ros2_smartdriveduo30/install/popo/local/lib/python3.10/dist-packages/popo-0.0.0-py3.10.egg-info
[1.146s] -- Installing: /home/eggs/ros2/ros2_smartdriveduo30/install/popo/local/lib/python3.10/dist-packages/popo-0.0.0-py3.10.egg-info/PKG-INFO
[1.147s] -- Installing: /home/eggs/ros2/ros2_smartdriveduo30/install/popo/local/lib/python3.10/dist-packages/popo-0.0.0-py3.10.egg-info/dependency_links.txt
[1.147s] -- Installing: /home/eggs/ros2/ros2_smartdriveduo30/install/popo/local/lib/python3.10/dist-packages/popo-0.0.0-py3.10.egg-info/top_level.txt
[1.147s] -- Installing: /home/eggs/ros2/ros2_smartdriveduo30/install/popo/local/lib/python3.10/dist-packages/popo-0.0.0-py3.10.egg-info/SOURCES.txt
[1.147s] -- Up-to-date: /home/eggs/ros2/ros2_smartdriveduo30/install/popo/local/lib/python3.10/dist-packages/popo
[1.147s] -- Up-to-date: /home/eggs/ros2/ros2_smartdriveduo30/install/popo/local/lib/python3.10/dist-packages/popo/libpopo__rosidl_generator_py.so
[1.147s] -- Up-to-date: /home/eggs/ros2/ros2_smartdriveduo30/install/popo/local/lib/python3.10/dist-packages/popo/popo_s__rosidl_typesupport_c.cpython-310-aarch64-linux-gnu.so
[1.147s] -- Up-to-date: /home/eggs/ros2/ros2_smartdriveduo30/install/popo/local/lib/python3.10/dist-packages/popo/_popo_s.ep.rosidl_typesupport_introspection_c.c
[1.147s] -- Installing: /home/eggs/ros2/ros2_smartdriveduo30/install/popo/local/lib/python3.10/dist-packages/popo/__init__.py
[1.147s] -- Up-to-date: /home/eggs/ros2/ros2_smartdriveduo30/install/popo/local/lib/python3.10/dist-packages/popo/_popo_s.ep.rosidl_typesupport_c.c
[1.147s] -- Up-to-date: /home/eggs/ros2/ros2_smartdriveduo30/install/popo/local/lib/python3.10/dist-packages/popo/popo_s__rosidl_typesupport_introspection_c.cpython-310-aarch64-linux-gnu.so
[1.147s] -- Up-to-date: /home/eggs/ros2/ros2_smartdriveduo30/install/popo/local/lib/python3.10/dist-packages/popo/_popo_s.ep.rosidl_typesupport_fastrtps_c.c
[1.147s] -- Up-to-date: /home/eggs/ros2/ros2_smartdriveduo30/install/popo/local/lib/python3.10/dist-packages/popo/srv
[1.147s] -- Up-to-date: /home/eggs/ros2/ros2_smartdriveduo30/install/popo/local/lib/python3.10/dist-packages/popo/srv/_command.py
[1.147s] -- Up-to-date: /home/eggs/ros2/ros2_smartdriveduo30/install/popo/local/lib/python3.10/dist-packages/popo/srv/_command_s.c
[1.147s] -- Up-to-date: /home/eggs/ros2/ros2_smartdriveduo30/install/popo/local/lib/python3.10/dist-packages/popo/srv/_threevalue_s.c
[1.147s] -- Up-to-date: /home/eggs/ros2/ros2_smartdriveduo30/install/popo/local/lib/python3.10/dist-packages/popo/srv/__init__.py
[1.147s] -- Up-to-date: /home/eggs/ros2/ros2_smartdriveduo30/install/popo/local/lib/python3.10/dist-packages/popo/srv/_add_three_ints_s.c
[1.147s] -- Up-to-date: /home/eggs/ros2/ros2_smartdriveduo30/install/popo/local/lib/python3.10/dist-packages/popo/srv/_threevalue.py
[1.147s] -- Up-to-date: /home/eggs/ros2/ros2_smartdriveduo30/install/popo/local/lib/python3.10/dist-packages/popo/srv/_add_three_ints.py
[1.147s] -- Up-to-date: /home/eggs/ros2/ros2_smartdriveduo30/install/popo/local/lib/python3.10/dist-packages/popo/srv/_add_two_ints_s.c
[1.147s] -- Up-to-date: /home/eggs/ros2/ros2_smartdriveduo30/install/popo/local/lib/python3.10/dist-packages/popo/srv/_add_two_ints.py
[1.147s] -- Up-to-date: /home/eggs/ros2/ros2_smartdriveduo30/install/popo/local/lib/python3.10/dist-packages/popo/popo_s__rosidl_typesupport_fastrtps_c.cpython-310-aarch64-linux-gnu.so
[1.166s] Listing '/home/eggs/ros2/ros2_smartdriveduo30/install/popo/local/lib/python3.10/dist-packages/popo'...
[1.166s] Compiling '/home/eggs/ros2/ros2_smartdriveduo30/install/popo/local/lib/python3.10/dist-packages/popo/__init__.py'...
[1.166s] Listing '/home/eggs/ros2/ros2_smartdriveduo30/install/popo/local/lib/python3.10/dist-packages/popo/srv'...
[1.169s] -- Up-to-date: /home/eggs/ros2/ros2_smartdriveduo30/install/popo/local/lib/python3.10/dist-packages/popo/popo_s__rosidl_typesupport_fastrtps_c.cpython-310-aarch64-linux-gnu.so
[1.169s] -- Up-to-date: /home/eggs/ros2/ros2_smartdriveduo30/install/popo/local/lib/python3.10/dist-packages/popo/popo_s__rosidl_typesupport_introspection_c.cpython-310-aarch64-linux-gnu.so
[1.169s] -- Up-to-date: /home/eggs/ros2/ros2_smartdriveduo30/install/popo/local/lib/python3.10/dist-packages/popo/popo_s__rosidl_typesupport_c.cpython-310-aarch64-linux-gnu.so
[1.170s] -- Up-to-date: /home/eggs/ros2/ros2_smartdriveduo30/install/popo/lib/libpopo__rosidl_generator_py.so
[1.170s] -- Up-to-date: /home/eggs/ros2/ros2_smartdriveduo30/install/popo/share/popo/srv/Command.idl
[1.170s] -- Up-to-date: /home/eggs/ros2/ros2_smartdriveduo30/install/popo/share/popo/srv/AddThreeInts.idl
[1.170s] -- Up-to-date: /home/eggs/ros2/ros2_smartdriveduo30/install/popo/share/popo/srv/Threevalue.idl
[1.170s] -- Up-to-date: /home/eggs/ros2/ros2_smartdriveduo30/install/popo/share/popo/srv/AddTwoInts.idl
[1.170s] -- Up-to-date: /home/eggs/ros2/ros2_smartdriveduo30/install/popo/share/popo/srv/Command.srv
[1.170s] -- Up-to-date: /home/eggs/ros2/ros2_smartdriveduo30/install/popo/share/popo/srv/Command_Request.msg
[1.170s] -- Up-to-date: /home/eggs/ros2/ros2_smartdriveduo30/install/popo/share/popo/srv/Command_Response.msg
[1.170s] -- Up-to-date: /home/eggs/ros2/ros2_smartdriveduo30/install/popo/share/popo/srv/AddThreeInts.srv
[1.171s] -- Up-to-date: /home/eggs/ros2/ros2_smartdriveduo30/install/popo/share/popo/srv/AddThreeInts_Request.msg
[1.171s] -- Up-to-date: /home/eggs/ros2/ros2_smartdriveduo30/install/popo/share/popo/srv/AddThreeInts_Response.msg
[1.171s] -- Up-to-date: /home/eggs/ros2/ros2_smartdriveduo30/install/popo/share/popo/srv/Threevalue.srv
[1.171s] -- Up-to-date: /home/eggs/ros2/ros2_smartdriveduo30/install/popo/share/popo/srv/Threevalue_Request.msg
[1.171s] -- Up-to-date: /home/eggs/ros2/ros2_smartdriveduo30/install/popo/share/popo/srv/Threevalue_Response.msg
[1.171s] -- Up-to-date: /home/eggs/ros2/ros2_smartdriveduo30/install/popo/share/popo/srv/AddTwoInts.srv
[1.171s] -- Up-to-date: /home/eggs/ros2/ros2_smartdriveduo30/install/popo/share/popo/srv/AddTwoInts_Request.msg
[1.171s] -- Up-to-date: /home/eggs/ros2/ros2_smartdriveduo30/install/popo/share/popo/srv/AddTwoInts_Response.msg
[1.171s] -- Up-to-date: /home/eggs/ros2/ros2_smartdriveduo30/install/popo/local/lib/python3.10/dist-packages/scripts-0.0.0-py3.10.egg-info
[1.171s] -- Installing: /home/eggs/ros2/ros2_smartdriveduo30/install/popo/local/lib/python3.10/dist-packages/scripts-0.0.0-py3.10.egg-info/PKG-INFO
[1.171s] -- Installing: /home/eggs/ros2/ros2_smartdriveduo30/install/popo/local/lib/python3.10/dist-packages/scripts-0.0.0-py3.10.egg-info/dependency_links.txt
[1.171s] -- Installing: /home/eggs/ros2/ros2_smartdriveduo30/install/popo/local/lib/python3.10/dist-packages/scripts-0.0.0-py3.10.egg-info/top_level.txt
[1.171s] -- Installing: /home/eggs/ros2/ros2_smartdriveduo30/install/popo/local/lib/python3.10/dist-packages/scripts-0.0.0-py3.10.egg-info/SOURCES.txt
[1.171s] -- Up-to-date: /home/eggs/ros2/ros2_smartdriveduo30/install/popo/local/lib/python3.10/dist-packages/scripts
[1.171s] -- Up-to-date: /home/eggs/ros2/ros2_smartdriveduo30/install/popo/local/lib/python3.10/dist-packages/scripts/addthreeintclient.py
[1.171s] -- Up-to-date: /home/eggs/ros2/ros2_smartdriveduo30/install/popo/local/lib/python3.10/dist-packages/scripts/client_member_function.py
[1.171s] -- Up-to-date: /home/eggs/ros2/ros2_smartdriveduo30/install/popo/local/lib/python3.10/dist-packages/scripts/driver_service_server.py
[1.171s] -- Installing: /home/eggs/ros2/ros2_smartdriveduo30/install/popo/local/lib/python3.10/dist-packages/scripts/addthreeintservice.py
[1.171s] -- Up-to-date: /home/eggs/ros2/ros2_smartdriveduo30/install/popo/local/lib/python3.10/dist-packages/scripts/__init__.py
[1.171s] -- Up-to-date: /home/eggs/ros2/ros2_smartdriveduo30/install/popo/local/lib/python3.10/dist-packages/scripts/driver_service_client.py
[1.171s] -- Installing: /home/eggs/ros2/ros2_smartdriveduo30/install/popo/local/lib/python3.10/dist-packages/scripts/service_member_function.py
[1.190s] Listing '/home/eggs/ros2/ros2_smartdriveduo30/install/popo/local/lib/python3.10/dist-packages/scripts'...
[1.190s] Compiling '/home/eggs/ros2/ros2_smartdriveduo30/install/popo/local/lib/python3.10/dist-packages/scripts/addthreeintservice.py'...
[1.190s] Compiling '/home/eggs/ros2/ros2_smartdriveduo30/install/popo/local/lib/python3.10/dist-packages/scripts/service_member_function.py'...
[1.193s] -- Up-to-date: /home/eggs/ros2/ros2_smartdriveduo30/install/popo/lib/popo/driver_service_server.py
[1.193s] -- Up-to-date: /home/eggs/ros2/ros2_smartdriveduo30/install/popo/lib/popo/driver_service_client.py
[1.193s] -- Up-to-date: /home/eggs/ros2/ros2_smartdriveduo30/install/popo/lib/popo/addthreeintclient.py
[1.193s] -- Installing: /home/eggs/ros2/ros2_smartdriveduo30/install/popo/lib/popo/addthreeintservice.py
[1.193s] -- Installing: /home/eggs/ros2/ros2_smartdriveduo30/install/popo/lib/popo/service_member_function.py
[1.193s] -- Installing: /home/eggs/ros2/ros2_smartdriveduo30/install/popo/lib/popo/client_member_function.py
[1.193s] -- Up-to-date: /home/eggs/ros2/ros2_smartdriveduo30/install/popo/share/popo/launch
[1.193s] -- Installing: /home/eggs/ros2/ros2_smartdriveduo30/install/popo/share/ament_index/resource_index/package_run_dependencies/popo
[1.193s] -- Up-to-date: /home/eggs/ros2/ros2_smartdriveduo30/install/popo/share/ament_index/resource_index/parent_prefix_path/popo
[1.193s] -- Up-to-date: /home/eggs/ros2/ros2_smartdriveduo30/install/popo/share/popo/environment/ament_prefix_path.sh
[1.193s] -- Installing: /home/eggs/ros2/ros2_smartdriveduo30/install/popo/share/popo/environment/ament_prefix_path.dsv
[1.194s] -- Up-to-date: /home/eggs/ros2/ros2_smartdriveduo30/install/popo/share/popo/environment/path.sh
[1.194s] -- Installing: /home/eggs/ros2/ros2_smartdriveduo30/install/popo/share/popo/environment/path.dsv
[1.194s] -- Up-to-date: /home/eggs/ros2/ros2_smartdriveduo30/install/popo/share/popo/local_setup.bash
[1.194s] -- Up-to-date: /home/eggs/ros2/ros2_smartdriveduo30/install/popo/share/popo/local_setup.sh
[1.194s] -- Up-to-date: /home/eggs/ros2/ros2_smartdriveduo30/install/popo/share/popo/local_setup.zsh
[1.194s] -- Installing: /home/eggs/ros2/ros2_smartdriveduo30/install/popo/share/popo/local_setup.dsv
[1.194s] -- Installing: /home/eggs/ros2/ros2_smartdriveduo30/install/popo/share/popo/package.dsv
[1.194s] -- Up-to-date: /home/eggs/ros2/ros2_smartdriveduo30/install/popo/share/ament_index/resource_index/packages/popo
[1.194s] -- Up-to-date: /home/eggs/ros2/ros2_smartdriveduo30/install/popo/share/popo/cmake/export_popo__rosidl_generator_cExport.cmake
[1.194s] -- Up-to-date: /home/eggs/ros2/ros2_smartdriveduo30/install/popo/share/popo/cmake/export_popo__rosidl_generator_cExport-noconfig.cmake
[1.194s] -- Up-to-date: /home/eggs/ros2/ros2_smartdriveduo30/install/popo/share/popo/cmake/export_popo__rosidl_typesupport_fastrtps_cExport.cmake
[1.194s] -- Up-to-date: /home/eggs/ros2/ros2_smartdriveduo30/install/popo/share/popo/cmake/export_popo__rosidl_typesupport_fastrtps_cExport-noconfig.cmake
[1.194s] -- Up-to-date: /home/eggs/ros2/ros2_smartdriveduo30/install/popo/share/popo/cmake/popo__rosidl_typesupport_introspection_cExport.cmake
[1.194s] -- Up-to-date: /home/eggs/ros2/ros2_smartdriveduo30/install/popo/share/popo/cmake/popo__rosidl_typesupport_introspection_cExport-noconfig.cmake
[1.194s] -- Up-to-date: /home/eggs/ros2/ros2_smartdriveduo30/install/popo/share/popo/cmake/popo__rosidl_typesupport_cExport.cmake
[1.195s] -- Up-to-date: /home/eggs/ros2/ros2_smartdriveduo30/install/popo/share/popo/cmake/popo__rosidl_typesupport_cExport-noconfig.cmake
[1.195s] -- Up-to-date: /home/eggs/ros2/ros2_smartdriveduo30/install/popo/share/popo/cmake/export_popo__rosidl_generator_cppExport.cmake
[1.195s] -- Up-to-date: /home/eggs/ros2/ros2_smartdriveduo30/install/popo/share/popo/cmake/export_popo__rosidl_typesupport_fastrtps_cppExport.cmake
[1.195s] -- Up-to-date: /home/eggs/ros2/ros2_smartdriveduo30/install/popo/share/popo/cmake/export_popo__rosidl_typesupport_fastrtps_cppExport-noconfig.cmake
[1.195s] -- Up-to-date: /home/eggs/ros2/ros2_smartdriveduo30/install/popo/share/popo/cmake/popo__rosidl_typesupport_introspection_cppExport.cmake
[1.195s] -- Up-to-date: /home/eggs/ros2/ros2_smartdriveduo30/install/popo/share/popo/cmake/popo__rosidl_typesupport_introspection_cppExport-noconfig.cmake
[1.195s] -- Up-to-date: /home/eggs/ros2/ros2_smartdriveduo30/install/popo/share/popo/cmake/popo__rosidl_typesupport_cppExport.cmake
[1.195s] -- Up-to-date: /home/eggs/ros2/ros2_smartdriveduo30/install/popo/share/popo/cmake/popo__rosidl_typesupport_cppExport-noconfig.cmake
[1.195s] -- Up-to-date: /home/eggs/ros2/ros2_smartdriveduo30/install/popo/share/popo/cmake/export_popo__rosidl_generator_pyExport.cmake
[1.195s] -- Up-to-date: /home/eggs/ros2/ros2_smartdriveduo30/install/popo/share/popo/cmake/export_popo__rosidl_generator_pyExport-noconfig.cmake
[1.195s] -- Installing: /home/eggs/ros2/ros2_smartdriveduo30/install/popo/share/popo/cmake/rosidl_cmake-extras.cmake
[1.195s] -- Up-to-date: /home/eggs/ros2/ros2_smartdriveduo30/install/popo/share/popo/cmake/ament_cmake_export_include_directories-extras.cmake
[1.195s] -- Up-to-date: /home/eggs/ros2/ros2_smartdriveduo30/install/popo/share/popo/cmake/ament_cmake_export_libraries-extras.cmake
[1.195s] -- Up-to-date: /home/eggs/ros2/ros2_smartdriveduo30/install/popo/share/popo/cmake/ament_cmake_export_targets-extras.cmake
[1.195s] -- Up-to-date: /home/eggs/ros2/ros2_smartdriveduo30/install/popo/share/popo/cmake/rosidl_cmake_export_typesupport_targets-extras.cmake
[1.195s] -- Up-to-date: /home/eggs/ros2/ros2_smartdriveduo30/install/popo/share/popo/cmake/ament_cmake_export_dependencies-extras.cmake
[1.195s] -- Up-to-date: /home/eggs/ros2/ros2_smartdriveduo30/install/popo/share/popo/cmake/rosidl_cmake_export_typesupport_libraries-extras.cmake
[1.195s] -- Up-to-date: /home/eggs/ros2/ros2_smartdriveduo30/install/popo/share/popo/cmake/popoConfig.cmake
[1.195s] -- Up-to-date: /home/eggs/ros2/ros2_smartdriveduo30/install/popo/share/popo/cmake/popoConfig-version.cmake
[1.195s] -- Installing: /home/eggs/ros2/ros2_smartdriveduo30/install/popo/share/popo/package.xml
[1.198s] Invoked command in '/home/eggs/ros2/ros2_smartdriveduo30/build/popo' returned '0': CMAKE_PREFIX_PATH=${CMAKE_PREFIX_PATH}:/opt/ros/humble /usr/bin/cmake --install /home/eggs/ros2/ros2_smartdriveduo30/build/popo
